[BATCH] START batch_id=phase3a_batch_0406095248_friday-workinghours-afternoon-ddos.pcap_iscx_f8c2c2
[SEMANTIC_EXTRACTION] START batch_id=phase3a_batch_0406095248_friday-workinghours-afternoon-ddos.pcap_iscx_f8c2c2
[SEMANTIC_EXTRACTION] VALIDATION OK batch_id=phase3a_batch_0406095248_friday-workinghours-afternoon-ddos.pcap_iscx_f8c2c2
[SEMANTIC_EXTRACTION] END (43.3s) batch_id=phase3a_batch_0406095248_friday-workinghours-afternoon-ddos.pcap_iscx_f8c2c2
[SEMANTIC_HYPOTHESIS_GENERATION] START analysis_id=substrate_phase3a_batch_0406095248_friday-workinghours-afternoon-ddos.pcap_iscx_f8c2c2 batch_id=phase3a_batch_0406095248_friday-workinghours-afternoon-ddos.pcap_iscx_f8c2c2
[SEMANTIC_HYPOTHESIS_GENERATION] VALIDATION OK analysis_id=substrate_phase3a_batch_0406095248_friday-workinghours-afternoon-ddos.pcap_iscx_f8c2c2 batch_id=phase3a_batch_0406095248_friday-workinghours-afternoon-ddos.pcap_iscx_f8c2c2
[SEMANTIC_HYPOTHESIS_GENERATION] END (12.3s) analysis_id=substrate_phase3a_batch_0406095248_friday-workinghours-afternoon-ddos.pcap_iscx_f8c2c2 batch_id=phase3a_batch_0406095248_friday-workinghours-afternoon-ddos.pcap_iscx_f8c2c2
[ROUND] START batch_id=phase3a_batch_0406095248_friday-workinghours-afternoon-ddos.pcap_iscx_f8c2c2 round_id=round-001
[HYPOTHESIS_RANKING] START batch_id=phase3a_batch_0406095248_friday-workinghours-afternoon-ddos.pcap_iscx_f8c2c2 round_id=round-001
[HYPOTHESIS_RANKING] VALIDATION OK analysis_id=analysis_phase3a_0406095248_01 batch_id=phase3a_batch_0406095248_friday-workinghours-afternoon-ddos.pcap_iscx_f8c2c2 round_id=round-001
[HYPOTHESIS_RANKING] END (4.2s) analysis_id=analysis_phase3a_0406095248_01 batch_id=phase3a_batch_0406095248_friday-workinghours-afternoon-ddos.pcap_iscx_f8c2c2 round_id=round-001
[PLANNER] START batch_id=phase3a_batch_0406095248_friday-workinghours-afternoon-ddos.pcap_iscx_f8c2c2 round_id=round-001
[PLANNER] VALIDATION OK batch_id=phase3a_batch_0406095248_friday-workinghours-afternoon-ddos.pcap_iscx_f8c2c2 round_id=round-001
[PLANNER] END (5.4s) batch_id=phase3a_batch_0406095248_friday-workinghours-afternoon-ddos.pcap_iscx_f8c2c2 round_id=round-001
[ROUTER] START batch_id=phase3a_batch_0406095248_friday-workinghours-afternoon-ddos.pcap_iscx_f8c2c2 hypothesis_id=hyp_004_strong_feature_dependency_pairs round_id=round-001
[ROUTER] hypothesis_id=hyp_004_strong_feature_dependency_pairs GENERATED 3 TASKS
[ROUTER] VALIDATION OK batch_id=phase3a_batch_0406095248_friday-workinghours-afternoon-ddos.pcap_iscx_f8c2c2 hypothesis_id=hyp_004_strong_feature_dependency_pairs round_id=round-001
[ROUTER] END (7.4s) batch_id=phase3a_batch_0406095248_friday-workinghours-afternoon-ddos.pcap_iscx_f8c2c2 hypothesis_id=hyp_004_strong_feature_dependency_pairs round_id=round-001
[WORKER] START batch_id=phase3a_batch_0406095248_friday-workinghours-afternoon-ddos.pcap_iscx_f8c2c2 hypothesis_id=hyp_004_strong_feature_dependency_pairs round_id=round-001 task_id=task_1
[WORKER] START batch_id=phase3a_batch_0406095248_friday-workinghours-afternoon-ddos.pcap_iscx_f8c2c2 hypothesis_id=hyp_004_strong_feature_dependency_pairs round_id=round-001 task_id=task_2
[WORKER] START batch_id=phase3a_batch_0406095248_friday-workinghours-afternoon-ddos.pcap_iscx_f8c2c2 hypothesis_id=hyp_004_strong_feature_dependency_pairs round_id=round-001 task_id=task_3
[HYPOTHESIS] hypothesis_id=hyp_004_strong_feature_dependency_pairs round_id=round-001 WAITING FOR 3 WORKERS
[ROUTER] START batch_id=phase3a_batch_0406095248_friday-workinghours-afternoon-ddos.pcap_iscx_f8c2c2 hypothesis_id=hyp_005_class_conditioned_variation_backward_packet_lengths round_id=round-001
[HYPOTHESIS_AGGREGATOR_BARRIER] expected_tasks=3 completed_tasks=0 waiting_for=['task_1', 'task_2', 'task_3'] batch_id=phase3a_batch_0406095248_friday-workinghours-afternoon-ddos.pcap_iscx_f8c2c2 hypothesis_id=hyp_004_strong_feature_dependency_pairs round_id=round-001
[WORKER_STEP] task_id=task_3 step=1 mode=reasoning_only attempt=0
[ROUTER] hypothesis_id=hyp_005_class_conditioned_variation_backward_packet_lengths GENERATED 3 TASKS
[WORKER_STEP] task_id=task_1 step=1 mode=reasoning_only attempt=0
[WORKER_STEP] task_id=task_2 step=1 mode=reasoning_only attempt=0
[ROUTER] VALIDATION OK batch_id=phase3a_batch_0406095248_friday-workinghours-afternoon-ddos.pcap_iscx_f8c2c2 hypothesis_id=hyp_005_class_conditioned_variation_backward_packet_lengths round_id=round-001
[ROUTER] END (6.5s) batch_id=phase3a_batch_0406095248_friday-workinghours-afternoon-ddos.pcap_iscx_f8c2c2 hypothesis_id=hyp_005_class_conditioned_variation_backward_packet_lengths round_id=round-001
[WORKER] START batch_id=phase3a_batch_0406095248_friday-workinghours-afternoon-ddos.pcap_iscx_f8c2c2 hypothesis_id=hyp_005_class_conditioned_variation_backward_packet_lengths round_id=round-001 task_id=task_1
[WORKER] START batch_id=phase3a_batch_0406095248_friday-workinghours-afternoon-ddos.pcap_iscx_f8c2c2 hypothesis_id=hyp_005_class_conditioned_variation_backward_packet_lengths round_id=round-001 task_id=task_2
[WORKER] START batch_id=phase3a_batch_0406095248_friday-workinghours-afternoon-ddos.pcap_iscx_f8c2c2 hypothesis_id=hyp_005_class_conditioned_variation_backward_packet_lengths round_id=round-001 task_id=task_3
[HYPOTHESIS] hypothesis_id=hyp_005_class_conditioned_variation_backward_packet_lengths round_id=round-001 WAITING FOR 3 WORKERS
[ROUTER] START batch_id=phase3a_batch_0406095248_friday-workinghours-afternoon-ddos.pcap_iscx_f8c2c2 hypothesis_id=hyp_007_class_conditioned_distribution_destination_port round_id=round-001
[HYPOTHESIS_AGGREGATOR_BARRIER] expected_tasks=3 completed_tasks=0 waiting_for=['task_1', 'task_2', 'task_3'] batch_id=phase3a_batch_0406095248_friday-workinghours-afternoon-ddos.pcap_iscx_f8c2c2 hypothesis_id=hyp_005_class_conditioned_variation_backward_packet_lengths round_id=round-001
[WORKER_STEP] task_id=task_3 step=1 mode=reasoning_only attempt=0 decision=continue actions=0
[WORKER] VALIDATION OK batch_id=phase3a_batch_0406095248_friday-workinghours-afternoon-ddos.pcap_iscx_f8c2c2 hypothesis_id=hyp_004_strong_feature_dependency_pairs round_id=round-001 step=1 task_id=task_3
[WORKER_STEP] task_id=task_3 step=2 mode=reasoning_only attempt=0
[WORKER_STEP] task_id=task_1 step=1 mode=reasoning_only attempt=0 decision=continue actions=0
[WORKER] VALIDATION OK batch_id=phase3a_batch_0406095248_friday-workinghours-afternoon-ddos.pcap_iscx_f8c2c2 hypothesis_id=hyp_004_strong_feature_dependency_pairs round_id=round-001 step=1 task_id=task_1
[WORKER_STEP] task_id=task_1 step=2 mode=reasoning_only attempt=0
[WORKER_STEP] task_id=task_2 step=1 mode=reasoning_only attempt=0 decision=continue actions=0
[WORKER] VALIDATION OK batch_id=phase3a_batch_0406095248_friday-workinghours-afternoon-ddos.pcap_iscx_f8c2c2 hypothesis_id=hyp_004_strong_feature_dependency_pairs round_id=round-001 step=1 task_id=task_2
[WORKER_STEP] task_id=task_2 step=2 mode=reasoning_only attempt=0
[WORKER_STEP] task_id=task_1 step=2 mode=reasoning_only attempt=0 decision=continue actions=0
[WORKER] VALIDATION OK batch_id=phase3a_batch_0406095248_friday-workinghours-afternoon-ddos.pcap_iscx_f8c2c2 hypothesis_id=hyp_004_strong_feature_dependency_pairs round_id=round-001 step=2 task_id=task_1
[WORKER_STEP] task_id=task_1 step=3 mode=action_window attempt=0
[WORKER_STEP] task_id=task_3 step=2 mode=reasoning_only attempt=0 decision=continue actions=0
[WORKER] VALIDATION OK batch_id=phase3a_batch_0406095248_friday-workinghours-afternoon-ddos.pcap_iscx_f8c2c2 hypothesis_id=hyp_004_strong_feature_dependency_pairs round_id=round-001 step=2 task_id=task_3
[WORKER_STEP] task_id=task_3 step=3 mode=action_window attempt=0
[ROUTER] hypothesis_id=hyp_007_class_conditioned_distribution_destination_port GENERATED 3 TASKS
[ROUTER] VALIDATION OK batch_id=phase3a_batch_0406095248_friday-workinghours-afternoon-ddos.pcap_iscx_f8c2c2 hypothesis_id=hyp_007_class_conditioned_distribution_destination_port round_id=round-001
[ROUTER] END (6.3s) batch_id=phase3a_batch_0406095248_friday-workinghours-afternoon-ddos.pcap_iscx_f8c2c2 hypothesis_id=hyp_007_class_conditioned_distribution_destination_port round_id=round-001
[WORKER] START batch_id=phase3a_batch_0406095248_friday-workinghours-afternoon-ddos.pcap_iscx_f8c2c2 hypothesis_id=hyp_007_class_conditioned_distribution_destination_port round_id=round-001 task_id=task_1
[WORKER] START batch_id=phase3a_batch_0406095248_friday-workinghours-afternoon-ddos.pcap_iscx_f8c2c2 hypothesis_id=hyp_007_class_conditioned_distribution_destination_port round_id=round-001 task_id=task_2
[WORKER] START batch_id=phase3a_batch_0406095248_friday-workinghours-afternoon-ddos.pcap_iscx_f8c2c2 hypothesis_id=hyp_007_class_conditioned_distribution_destination_port round_id=round-001 task_id=task_3
[WORKER_STEP] task_id=task_2 step=2 mode=reasoning_only attempt=0 decision=continue actions=0
[HYPOTHESIS] hypothesis_id=hyp_007_class_conditioned_distribution_destination_port round_id=round-001 WAITING FOR 3 WORKERS
[ROUND_BARRIER] expected_tasks=3 completed_tasks=0 waiting_for=['hyp_004_strong_feature_dependency_pairs', 'hyp_005_class_conditioned_variation_backward_packet_lengths', 'hyp_007_class_conditioned_distribution_destination_port'] batch_id=phase3a_batch_0406095248_friday-workinghours-afternoon-ddos.pcap_iscx_f8c2c2 round_id=round-001
[WORKER] VALIDATION OK batch_id=phase3a_batch_0406095248_friday-workinghours-afternoon-ddos.pcap_iscx_f8c2c2 hypothesis_id=hyp_004_strong_feature_dependency_pairs round_id=round-001 step=2 task_id=task_2
[HYPOTHESIS_AGGREGATOR_BARRIER] expected_tasks=3 completed_tasks=0 waiting_for=['task_1', 'task_2', 'task_3'] batch_id=phase3a_batch_0406095248_friday-workinghours-afternoon-ddos.pcap_iscx_f8c2c2 hypothesis_id=hyp_007_class_conditioned_distribution_destination_port round_id=round-001
[ROUND] batch_id=phase3a_batch_0406095248_friday-workinghours-afternoon-ddos.pcap_iscx_f8c2c2 round_id=round-001 WAITING FOR 3 HYPOTHESIS AGGREGATIONS
[WORKER_STEP] task_id=task_2 step=3 mode=action_window attempt=0
[WORKER_STEP] task_id=task_1 step=1 mode=reasoning_only attempt=0
[WORKER_STEP] task_id=task_2 step=1 mode=reasoning_only attempt=0
[WORKER_STEP] task_id=task_3 step=1 mode=reasoning_only attempt=0
[WORKER_STEP] task_id=task_1 step=3 mode=action_window attempt=0 decision=action actions=1
[WORKER] VALIDATION OK batch_id=phase3a_batch_0406095248_friday-workinghours-afternoon-ddos.pcap_iscx_f8c2c2 hypothesis_id=hyp_004_strong_feature_dependency_pairs round_id=round-001 step=3 task_id=task_1
[WORKER_STEP] task_id=task_2 step=3 mode=action_window attempt=0 decision=action actions=1
[WORKER_STEP] task_id=task_1 step=1 mode=reasoning_only attempt=0 decision=continue actions=0
[WORKER] VALIDATION OK batch_id=phase3a_batch_0406095248_friday-workinghours-afternoon-ddos.pcap_iscx_f8c2c2 hypothesis_id=hyp_004_strong_feature_dependency_pairs round_id=round-001 step=3 task_id=task_2
[WORKER] VALIDATION OK batch_id=phase3a_batch_0406095248_friday-workinghours-afternoon-ddos.pcap_iscx_f8c2c2 hypothesis_id=hyp_005_class_conditioned_variation_backward_packet_lengths round_id=round-001 step=1 task_id=task_1
[WORKER_STEP] task_id=task_1 step=2 mode=reasoning_only attempt=0
[WORKER_STEP] task_id=task_3 step=3 mode=action_window attempt=0 decision=action actions=1
[WORKER] VALIDATION OK batch_id=phase3a_batch_0406095248_friday-workinghours-afternoon-ddos.pcap_iscx_f8c2c2 hypothesis_id=hyp_004_strong_feature_dependency_pairs round_id=round-001 step=3 task_id=task_3
[WORKER_STEP] task_id=task_3 step=1 mode=reasoning_only attempt=0 decision=continue actions=0
[WORKER] VALIDATION OK batch_id=phase3a_batch_0406095248_friday-workinghours-afternoon-ddos.pcap_iscx_f8c2c2 hypothesis_id=hyp_005_class_conditioned_variation_backward_packet_lengths round_id=round-001 step=1 task_id=task_3
[WORKER_STEP] task_id=task_3 step=2 mode=reasoning_only attempt=0
[WORKER_STEP] task_id=task_2 step=1 mode=reasoning_only attempt=0 decision=continue actions=0
[WORKER] VALIDATION OK batch_id=phase3a_batch_0406095248_friday-workinghours-afternoon-ddos.pcap_iscx_f8c2c2 hypothesis_id=hyp_005_class_conditioned_variation_backward_packet_lengths round_id=round-001 step=1 task_id=task_2
[WORKER_STEP] task_id=task_2 step=2 mode=reasoning_only attempt=0
[WORKER_STEP] task_id=task_1 step=2 mode=reasoning_only attempt=0 decision=continue actions=0
[WORKER] VALIDATION OK batch_id=phase3a_batch_0406095248_friday-workinghours-afternoon-ddos.pcap_iscx_f8c2c2 hypothesis_id=hyp_005_class_conditioned_variation_backward_packet_lengths round_id=round-001 step=2 task_id=task_1
[WORKER_STEP] task_id=task_1 step=3 mode=action_window attempt=0
[WORKER_STEP] task_id=task_3 step=2 mode=reasoning_only attempt=0 decision=continue actions=0
[WORKER] VALIDATION OK batch_id=phase3a_batch_0406095248_friday-workinghours-afternoon-ddos.pcap_iscx_f8c2c2 hypothesis_id=hyp_005_class_conditioned_variation_backward_packet_lengths round_id=round-001 step=2 task_id=task_3
[WORKER_STEP] task_id=task_3 step=3 mode=action_window attempt=0
[WORKER_STEP] task_id=task_2 step=2 mode=reasoning_only attempt=0 decision=continue actions=0
[WORKER] VALIDATION OK batch_id=phase3a_batch_0406095248_friday-workinghours-afternoon-ddos.pcap_iscx_f8c2c2 hypothesis_id=hyp_005_class_conditioned_variation_backward_packet_lengths round_id=round-001 step=2 task_id=task_2
[WORKER_STEP] task_id=task_2 step=3 mode=action_window attempt=0
[WORKER_STEP] task_id=task_1 step=1 mode=reasoning_only attempt=0
[WORKER_STEP] task_id=task_1 step=3 mode=action_window attempt=0 decision=action actions=1
[WORKER] VALIDATION OK batch_id=phase3a_batch_0406095248_friday-workinghours-afternoon-ddos.pcap_iscx_f8c2c2 hypothesis_id=hyp_005_class_conditioned_variation_backward_packet_lengths round_id=round-001 step=3 task_id=task_1
[WORKER_STEP] task_id=task_1 step=4 mode=reasoning_only attempt=0
[WORKER_STEP] task_id=task_2 step=1 mode=reasoning_only attempt=0
[WORKER_STEP] task_id=task_3 step=1 mode=reasoning_only attempt=0
[WORKER_STEP] task_id=task_3 step=3 mode=action_window attempt=0 decision=action actions=1
[WORKER] VALIDATION OK batch_id=phase3a_batch_0406095248_friday-workinghours-afternoon-ddos.pcap_iscx_f8c2c2 hypothesis_id=hyp_005_class_conditioned_variation_backward_packet_lengths round_id=round-001 step=3 task_id=task_3
[WORKER_STEP] task_id=task_1 step=1 mode=reasoning_only attempt=0 decision=continue actions=0
[WORKER] VALIDATION OK batch_id=phase3a_batch_0406095248_friday-workinghours-afternoon-ddos.pcap_iscx_f8c2c2 hypothesis_id=hyp_007_class_conditioned_distribution_destination_port round_id=round-001 step=1 task_id=task_1
[WORKER_STEP] task_id=task_1 step=2 mode=reasoning_only attempt=0
[WORKER_STEP] task_id=task_2 step=3 mode=action_window attempt=0 decision=action actions=1
[WORKER] VALIDATION OK batch_id=phase3a_batch_0406095248_friday-workinghours-afternoon-ddos.pcap_iscx_f8c2c2 hypothesis_id=hyp_005_class_conditioned_variation_backward_packet_lengths round_id=round-001 step=3 task_id=task_2
[WORKER_STEP] task_id=task_1 step=4 mode=reasoning_only attempt=0 decision=continue actions=0
[WORKER] VALIDATION OK batch_id=phase3a_batch_0406095248_friday-workinghours-afternoon-ddos.pcap_iscx_f8c2c2 hypothesis_id=hyp_005_class_conditioned_variation_backward_packet_lengths round_id=round-001 step=4 task_id=task_1
[WORKER_STEP] task_id=task_1 step=5 mode=action_window attempt=0
[WORKER_STEP] task_id=task_2 step=1 mode=reasoning_only attempt=0 decision=continue actions=0
[WORKER] VALIDATION OK batch_id=phase3a_batch_0406095248_friday-workinghours-afternoon-ddos.pcap_iscx_f8c2c2 hypothesis_id=hyp_007_class_conditioned_distribution_destination_port round_id=round-001 step=1 task_id=task_2
[WORKER_STEP] task_id=task_2 step=2 mode=reasoning_only attempt=0
[WORKER_STEP] task_id=task_3 step=1 mode=reasoning_only attempt=0 decision=continue actions=0
[WORKER] VALIDATION OK batch_id=phase3a_batch_0406095248_friday-workinghours-afternoon-ddos.pcap_iscx_f8c2c2 hypothesis_id=hyp_007_class_conditioned_distribution_destination_port round_id=round-001 step=1 task_id=task_3
[WORKER_STEP] task_id=task_3 step=2 mode=reasoning_only attempt=0
[WORKER_STEP] task_id=task_1 step=2 mode=reasoning_only attempt=0 decision=continue actions=0
[WORKER] VALIDATION OK batch_id=phase3a_batch_0406095248_friday-workinghours-afternoon-ddos.pcap_iscx_f8c2c2 hypothesis_id=hyp_007_class_conditioned_distribution_destination_port round_id=round-001 step=2 task_id=task_1
[WORKER_STEP] task_id=task_1 step=3 mode=action_window attempt=0
[WORKER_STEP] task_id=task_1 step=4 mode=reasoning_only attempt=0
[WORKER_STEP] task_id=task_2 step=4 mode=reasoning_only attempt=0
[WORKER_STEP] task_id=task_1 step=5 mode=action_window attempt=0 decision=action actions=1
[WORKER] VALIDATION OK batch_id=phase3a_batch_0406095248_friday-workinghours-afternoon-ddos.pcap_iscx_f8c2c2 hypothesis_id=hyp_005_class_conditioned_variation_backward_packet_lengths round_id=round-001 step=5 task_id=task_1
[WORKER_STEP] task_id=task_1 step=6 mode=reasoning_only attempt=0
[WORKER_STEP] task_id=task_2 step=2 mode=reasoning_only attempt=0 decision=continue actions=0
[WORKER] VALIDATION OK batch_id=phase3a_batch_0406095248_friday-workinghours-afternoon-ddos.pcap_iscx_f8c2c2 hypothesis_id=hyp_007_class_conditioned_distribution_destination_port round_id=round-001 step=2 task_id=task_2
[WORKER_STEP] task_id=task_2 step=3 mode=action_window attempt=0
[WORKER_STEP] task_id=task_3 step=2 mode=reasoning_only attempt=0 decision=continue actions=0
[WORKER] VALIDATION OK batch_id=phase3a_batch_0406095248_friday-workinghours-afternoon-ddos.pcap_iscx_f8c2c2 hypothesis_id=hyp_007_class_conditioned_distribution_destination_port round_id=round-001 step=2 task_id=task_3
[WORKER_STEP] task_id=task_3 step=3 mode=action_window attempt=0
[WORKER_STEP] task_id=task_1 step=3 mode=action_window attempt=0 decision=action actions=1
[WORKER] VALIDATION OK batch_id=phase3a_batch_0406095248_friday-workinghours-afternoon-ddos.pcap_iscx_f8c2c2 hypothesis_id=hyp_007_class_conditioned_distribution_destination_port round_id=round-001 step=3 task_id=task_1
[WORKER_STEP] task_id=task_1 step=4 mode=reasoning_only attempt=0 decision=continue actions=0
[WORKER] VALIDATION OK batch_id=phase3a_batch_0406095248_friday-workinghours-afternoon-ddos.pcap_iscx_f8c2c2 hypothesis_id=hyp_004_strong_feature_dependency_pairs round_id=round-001 step=4 task_id=task_1
[WORKER_STEP] task_id=task_1 step=5 mode=action_window attempt=0
[WORKER_STEP] task_id=task_1 step=4 mode=reasoning_only attempt=0
[WORKER_STEP] task_id=task_2 step=4 mode=reasoning_only attempt=0 decision=continue actions=0
[WORKER] VALIDATION OK batch_id=phase3a_batch_0406095248_friday-workinghours-afternoon-ddos.pcap_iscx_f8c2c2 hypothesis_id=hyp_004_strong_feature_dependency_pairs round_id=round-001 step=4 task_id=task_2
[WORKER_STEP] task_id=task_2 step=5 mode=action_window attempt=0
[WORKER_STEP] task_id=task_1 step=6 mode=reasoning_only attempt=0 decision=continue actions=0
[WORKER] VALIDATION OK batch_id=phase3a_batch_0406095248_friday-workinghours-afternoon-ddos.pcap_iscx_f8c2c2 hypothesis_id=hyp_005_class_conditioned_variation_backward_packet_lengths round_id=round-001 step=6 task_id=task_1
[WORKER_STEP] task_id=task_1 step=7 mode=action_window attempt=0
[WORKER_STEP] task_id=task_2 step=3 mode=action_window attempt=0 decision=action actions=1
[WORKER] VALIDATION OK batch_id=phase3a_batch_0406095248_friday-workinghours-afternoon-ddos.pcap_iscx_f8c2c2 hypothesis_id=hyp_007_class_conditioned_distribution_destination_port round_id=round-001 step=3 task_id=task_2
[WORKER_STEP] task_id=task_1 step=4 mode=reasoning_only attempt=0 decision=continue actions=0
[WORKER] VALIDATION OK batch_id=phase3a_batch_0406095248_friday-workinghours-afternoon-ddos.pcap_iscx_f8c2c2 hypothesis_id=hyp_007_class_conditioned_distribution_destination_port round_id=round-001 step=4 task_id=task_1
[WORKER_STEP] task_id=task_1 step=5 mode=action_window attempt=0
[WORKER_STEP] task_id=task_1 step=5 mode=action_window attempt=0 decision=action actions=1
[WORKER] VALIDATION OK batch_id=phase3a_batch_0406095248_friday-workinghours-afternoon-ddos.pcap_iscx_f8c2c2 hypothesis_id=hyp_004_strong_feature_dependency_pairs round_id=round-001 step=5 task_id=task_1
[WORKER_STEP] task_id=task_1 step=6 mode=reasoning_only attempt=0
[WORKER_STEP] task_id=task_2 step=5 mode=action_window attempt=0 decision=action actions=1
[WORKER] VALIDATION OK batch_id=phase3a_batch_0406095248_friday-workinghours-afternoon-ddos.pcap_iscx_f8c2c2 hypothesis_id=hyp_004_strong_feature_dependency_pairs round_id=round-001 step=5 task_id=task_2
[WORKER_STEP] task_id=task_1 step=7 mode=action_window attempt=0 decision=action actions=1
[WORKER] VALIDATION OK batch_id=phase3a_batch_0406095248_friday-workinghours-afternoon-ddos.pcap_iscx_f8c2c2 hypothesis_id=hyp_005_class_conditioned_variation_backward_packet_lengths round_id=round-001 step=7 task_id=task_1
[WORKER_STEP] task_id=task_2 step=6 mode=reasoning_only attempt=0
[WORKER_STEP] task_id=task_3 step=4 mode=reasoning_only attempt=0
[WORKER_STEP] task_id=task_1 step=8 mode=final_synthesis attempt=0
[WORKER_STEP] task_id=task_2 step=4 mode=reasoning_only attempt=0
[WORKER_STEP] task_id=task_1 step=5 mode=action_window attempt=0 decision=action actions=1
[WORKER] VALIDATION OK batch_id=phase3a_batch_0406095248_friday-workinghours-afternoon-ddos.pcap_iscx_f8c2c2 hypothesis_id=hyp_007_class_conditioned_distribution_destination_port round_id=round-001 step=5 task_id=task_1
[WORKER_STEP] task_id=task_3 step=4 mode=reasoning_only attempt=0 decision=continue actions=0
[WORKER] VALIDATION OK batch_id=phase3a_batch_0406095248_friday-workinghours-afternoon-ddos.pcap_iscx_f8c2c2 hypothesis_id=hyp_005_class_conditioned_variation_backward_packet_lengths round_id=round-001 step=4 task_id=task_3
[WORKER_STEP] task_id=task_3 step=5 mode=action_window attempt=0
[WORKER_STEP] task_id=task_1 step=6 mode=reasoning_only attempt=0
[WORKER_STEP] task_id=task_2 step=6 mode=reasoning_only attempt=0 decision=continue actions=0
[WORKER] VALIDATION OK batch_id=phase3a_batch_0406095248_friday-workinghours-afternoon-ddos.pcap_iscx_f8c2c2 hypothesis_id=hyp_004_strong_feature_dependency_pairs round_id=round-001 step=6 task_id=task_2
[WORKER_STEP] task_id=task_2 step=7 mode=action_window attempt=0
[WORKER_STEP] task_id=task_3 step=3 mode=action_window attempt=0 decision=action actions=1
[WORKER] VALIDATION OK batch_id=phase3a_batch_0406095248_friday-workinghours-afternoon-ddos.pcap_iscx_f8c2c2 hypothesis_id=hyp_007_class_conditioned_distribution_destination_port round_id=round-001 step=3 task_id=task_3
[WORKER_STEP] task_id=task_2 step=4 mode=reasoning_only attempt=0 decision=continue actions=0
[WORKER] VALIDATION OK batch_id=phase3a_batch_0406095248_friday-workinghours-afternoon-ddos.pcap_iscx_f8c2c2 hypothesis_id=hyp_005_class_conditioned_variation_backward_packet_lengths round_id=round-001 step=4 task_id=task_2
[WORKER_STEP] task_id=task_2 step=5 mode=action_window attempt=0
[WORKER_STEP] task_id=task_1 step=8 mode=final_synthesis attempt=0 decision=finish actions=0
[WORKER] VALIDATION OK batch_id=phase3a_batch_0406095248_friday-workinghours-afternoon-ddos.pcap_iscx_f8c2c2 hypothesis_id=hyp_005_class_conditioned_variation_backward_packet_lengths round_id=round-001 step=8 task_id=task_1
[WORKER] VALIDATION OK batch_id=phase3a_batch_0406095248_friday-workinghours-afternoon-ddos.pcap_iscx_f8c2c2 hypothesis_id=hyp_005_class_conditioned_variation_backward_packet_lengths round_id=round-001 task_id=task_1
[WORKER_STEP] task_id=task_1 step=6 mode=reasoning_only attempt=0 decision=continue actions=0
[WORKER] VALIDATION OK batch_id=phase3a_batch_0406095248_friday-workinghours-afternoon-ddos.pcap_iscx_f8c2c2 hypothesis_id=hyp_004_strong_feature_dependency_pairs round_id=round-001 step=6 task_id=task_1
[WORKER] VALIDATION OK batch_id=phase3a_batch_0406095248_friday-workinghours-afternoon-ddos.pcap_iscx_f8c2c2 hypothesis_id=hyp_005_class_conditioned_variation_backward_packet_lengths round_id=round-001 task_id=task_1
[WORKER_STEP] task_id=task_1 step=7 mode=action_window attempt=0
[WORKER] END (41.1s) batch_id=phase3a_batch_0406095248_friday-workinghours-afternoon-ddos.pcap_iscx_f8c2c2 hypothesis_id=hyp_005_class_conditioned_variation_backward_packet_lengths round_id=round-001 task_id=task_1
[WORKER_STEP] task_id=task_3 step=4 mode=reasoning_only attempt=0
[WORKER_STEP] task_id=task_2 step=7 mode=action_window attempt=0 decision=action actions=1
[WORKER] VALIDATION OK batch_id=phase3a_batch_0406095248_friday-workinghours-afternoon-ddos.pcap_iscx_f8c2c2 hypothesis_id=hyp_004_strong_feature_dependency_pairs round_id=round-001 step=7 task_id=task_2
[WORKER_STEP] task_id=task_3 step=5 mode=action_window attempt=0 decision=action actions=1
[WORKER] VALIDATION OK batch_id=phase3a_batch_0406095248_friday-workinghours-afternoon-ddos.pcap_iscx_f8c2c2 hypothesis_id=hyp_005_class_conditioned_variation_backward_packet_lengths round_id=round-001 step=5 task_id=task_3
[WORKER_STEP] task_id=task_3 step=6 mode=reasoning_only attempt=0
[WORKER_STEP] task_id=task_2 step=4 mode=reasoning_only attempt=0
[WORKER_STEP] task_id=task_1 step=6 mode=reasoning_only attempt=0 decision=continue actions=0
[WORKER] VALIDATION OK batch_id=phase3a_batch_0406095248_friday-workinghours-afternoon-ddos.pcap_iscx_f8c2c2 hypothesis_id=hyp_007_class_conditioned_distribution_destination_port round_id=round-001 step=6 task_id=task_1
[WORKER_STEP] task_id=task_1 step=7 mode=action_window attempt=0
[WORKER_STEP] task_id=task_2 step=5 mode=action_window attempt=0 decision=action actions=1
[WORKER] VALIDATION OK batch_id=phase3a_batch_0406095248_friday-workinghours-afternoon-ddos.pcap_iscx_f8c2c2 hypothesis_id=hyp_005_class_conditioned_variation_backward_packet_lengths round_id=round-001 step=5 task_id=task_2
[WORKER_STEP] task_id=task_2 step=6 mode=reasoning_only attempt=0
[WORKER_STEP] task_id=task_3 step=4 mode=reasoning_only attempt=0 decision=continue actions=0
[WORKER] VALIDATION OK batch_id=phase3a_batch_0406095248_friday-workinghours-afternoon-ddos.pcap_iscx_f8c2c2 hypothesis_id=hyp_007_class_conditioned_distribution_destination_port round_id=round-001 step=4 task_id=task_3
[WORKER_STEP] task_id=task_3 step=5 mode=action_window attempt=0
[WORKER_STEP] task_id=task_1 step=7 mode=action_window attempt=0 decision=action actions=1
[WORKER] VALIDATION OK batch_id=phase3a_batch_0406095248_friday-workinghours-afternoon-ddos.pcap_iscx_f8c2c2 hypothesis_id=hyp_004_strong_feature_dependency_pairs round_id=round-001 step=7 task_id=task_1
[WORKER_STEP] task_id=task_1 step=8 mode=final_synthesis attempt=0
[WORKER_STEP] task_id=task_1 step=7 mode=action_window attempt=0 decision=continue actions=0
[WORKER] VALIDATION OK batch_id=phase3a_batch_0406095248_friday-workinghours-afternoon-ddos.pcap_iscx_f8c2c2 hypothesis_id=hyp_007_class_conditioned_distribution_destination_port round_id=round-001 step=7 task_id=task_1
[WORKER_STEP] task_id=task_1 step=8 mode=final_synthesis attempt=0
[WORKER_STEP] task_id=task_3 step=6 mode=reasoning_only attempt=0 decision=continue actions=0
[WORKER] VALIDATION OK batch_id=phase3a_batch_0406095248_friday-workinghours-afternoon-ddos.pcap_iscx_f8c2c2 hypothesis_id=hyp_005_class_conditioned_variation_backward_packet_lengths round_id=round-001 step=6 task_id=task_3
[WORKER_STEP] task_id=task_3 step=7 mode=action_window attempt=0
[WORKER_STEP] task_id=task_2 step=4 mode=reasoning_only attempt=0 decision=continue actions=0
[WORKER] VALIDATION OK batch_id=phase3a_batch_0406095248_friday-workinghours-afternoon-ddos.pcap_iscx_f8c2c2 hypothesis_id=hyp_007_class_conditioned_distribution_destination_port round_id=round-001 step=4 task_id=task_2
[WORKER_STEP] task_id=task_2 step=5 mode=action_window attempt=0
[WORKER_STEP] task_id=task_2 step=6 mode=reasoning_only attempt=0 decision=continue actions=0
[WORKER] VALIDATION OK batch_id=phase3a_batch_0406095248_friday-workinghours-afternoon-ddos.pcap_iscx_f8c2c2 hypothesis_id=hyp_005_class_conditioned_variation_backward_packet_lengths round_id=round-001 step=6 task_id=task_2
[WORKER_STEP] task_id=task_2 step=7 mode=action_window attempt=0
[WORKER_STEP] task_id=task_3 step=5 mode=action_window attempt=0 decision=action actions=1
[WORKER] VALIDATION OK batch_id=phase3a_batch_0406095248_friday-workinghours-afternoon-ddos.pcap_iscx_f8c2c2 hypothesis_id=hyp_007_class_conditioned_distribution_destination_port round_id=round-001 step=5 task_id=task_3
[WORKER_STEP] task_id=task_3 step=7 mode=action_window attempt=0 decision=action actions=1
[WORKER] VALIDATION OK batch_id=phase3a_batch_0406095248_friday-workinghours-afternoon-ddos.pcap_iscx_f8c2c2 hypothesis_id=hyp_005_class_conditioned_variation_backward_packet_lengths round_id=round-001 step=7 task_id=task_3
[WORKER_STEP] task_id=task_1 step=8 mode=final_synthesis attempt=0 decision=finish actions=0
[WORKER] VALIDATION OK batch_id=phase3a_batch_0406095248_friday-workinghours-afternoon-ddos.pcap_iscx_f8c2c2 hypothesis_id=hyp_007_class_conditioned_distribution_destination_port round_id=round-001 step=8 task_id=task_1
[WORKER] VALIDATION OK batch_id=phase3a_batch_0406095248_friday-workinghours-afternoon-ddos.pcap_iscx_f8c2c2 hypothesis_id=hyp_007_class_conditioned_distribution_destination_port round_id=round-001 task_id=task_1
[WORKER_STEP] task_id=task_2 step=5 mode=action_window attempt=0 decision=action actions=1
[WORKER] VALIDATION OK batch_id=phase3a_batch_0406095248_friday-workinghours-afternoon-ddos.pcap_iscx_f8c2c2 hypothesis_id=hyp_007_class_conditioned_distribution_destination_port round_id=round-001 step=5 task_id=task_2
[WORKER] VALIDATION OK batch_id=phase3a_batch_0406095248_friday-workinghours-afternoon-ddos.pcap_iscx_f8c2c2 hypothesis_id=hyp_007_class_conditioned_distribution_destination_port round_id=round-001 task_id=task_1
[WORKER] END (46.5s) batch_id=phase3a_batch_0406095248_friday-workinghours-afternoon-ddos.pcap_iscx_f8c2c2 hypothesis_id=hyp_007_class_conditioned_distribution_destination_port round_id=round-001 task_id=task_1
[WORKER_STEP] task_id=task_2 step=7 mode=action_window attempt=0 decision=action actions=1
[WORKER] VALIDATION OK batch_id=phase3a_batch_0406095248_friday-workinghours-afternoon-ddos.pcap_iscx_f8c2c2 hypothesis_id=hyp_005_class_conditioned_variation_backward_packet_lengths round_id=round-001 step=7 task_id=task_2
[WORKER_STEP] task_id=task_2 step=8 mode=final_synthesis attempt=0
[WORKER_STEP] task_id=task_2 step=8 mode=final_synthesis attempt=0
[WORKER_STEP] task_id=task_2 step=8 mode=final_synthesis attempt=0 decision=finish actions=0
[WORKER] VALIDATION OK batch_id=phase3a_batch_0406095248_friday-workinghours-afternoon-ddos.pcap_iscx_f8c2c2 hypothesis_id=hyp_005_class_conditioned_variation_backward_packet_lengths round_id=round-001 step=8 task_id=task_2
[WORKER] VALIDATION OK batch_id=phase3a_batch_0406095248_friday-workinghours-afternoon-ddos.pcap_iscx_f8c2c2 hypothesis_id=hyp_005_class_conditioned_variation_backward_packet_lengths round_id=round-001 task_id=task_2
[WORKER] VALIDATION OK batch_id=phase3a_batch_0406095248_friday-workinghours-afternoon-ddos.pcap_iscx_f8c2c2 hypothesis_id=hyp_005_class_conditioned_variation_backward_packet_lengths round_id=round-001 task_id=task_2
[WORKER] END (60.8s) batch_id=phase3a_batch_0406095248_friday-workinghours-afternoon-ddos.pcap_iscx_f8c2c2 hypothesis_id=hyp_005_class_conditioned_variation_backward_packet_lengths round_id=round-001 task_id=task_2
[WORKER_STEP] task_id=task_2 step=8 mode=final_synthesis attempt=0 decision=finish actions=0
[WORKER] VALIDATION OK batch_id=phase3a_batch_0406095248_friday-workinghours-afternoon-ddos.pcap_iscx_f8c2c2 hypothesis_id=hyp_004_strong_feature_dependency_pairs round_id=round-001 step=8 task_id=task_2
[WORKER] VALIDATION OK batch_id=phase3a_batch_0406095248_friday-workinghours-afternoon-ddos.pcap_iscx_f8c2c2 hypothesis_id=hyp_004_strong_feature_dependency_pairs round_id=round-001 task_id=task_2
[WORKER] VALIDATION OK batch_id=phase3a_batch_0406095248_friday-workinghours-afternoon-ddos.pcap_iscx_f8c2c2 hypothesis_id=hyp_004_strong_feature_dependency_pairs round_id=round-001 task_id=task_2
[WORKER] END (70.6s) batch_id=phase3a_batch_0406095248_friday-workinghours-afternoon-ddos.pcap_iscx_f8c2c2 hypothesis_id=hyp_004_strong_feature_dependency_pairs round_id=round-001 task_id=task_2
[WORKER_STEP] task_id=task_3 step=8 mode=final_synthesis attempt=0
[WORKER_STEP] task_id=task_2 step=6 mode=reasoning_only attempt=0
[WORKER_STEP] task_id=task_2 step=6 mode=reasoning_only attempt=0 decision=continue actions=0
[WORKER] VALIDATION OK batch_id=phase3a_batch_0406095248_friday-workinghours-afternoon-ddos.pcap_iscx_f8c2c2 hypothesis_id=hyp_007_class_conditioned_distribution_destination_port round_id=round-001 step=6 task_id=task_2
[WORKER_STEP] task_id=task_2 step=7 mode=action_window attempt=0
[WORKER_STEP] task_id=task_3 step=8 mode=final_synthesis attempt=0 decision=finish actions=0
[WORKER] VALIDATION OK batch_id=phase3a_batch_0406095248_friday-workinghours-afternoon-ddos.pcap_iscx_f8c2c2 hypothesis_id=hyp_005_class_conditioned_variation_backward_packet_lengths round_id=round-001 step=8 task_id=task_3
[WORKER] VALIDATION OK batch_id=phase3a_batch_0406095248_friday-workinghours-afternoon-ddos.pcap_iscx_f8c2c2 hypothesis_id=hyp_005_class_conditioned_variation_backward_packet_lengths round_id=round-001 task_id=task_3
[WORKER] VALIDATION OK batch_id=phase3a_batch_0406095248_friday-workinghours-afternoon-ddos.pcap_iscx_f8c2c2 hypothesis_id=hyp_005_class_conditioned_variation_backward_packet_lengths round_id=round-001 task_id=task_3
[WORKER] END (70.1s) batch_id=phase3a_batch_0406095248_friday-workinghours-afternoon-ddos.pcap_iscx_f8c2c2 hypothesis_id=hyp_005_class_conditioned_variation_backward_packet_lengths round_id=round-001 task_id=task_3
[AGGREGATION] START batch_id=phase3a_batch_0406095248_friday-workinghours-afternoon-ddos.pcap_iscx_f8c2c2 hypothesis_id=hyp_005_class_conditioned_variation_backward_packet_lengths round_id=round-001
[WORKER_STEP] task_id=task_2 step=7 mode=action_window attempt=0 decision=continue actions=0
[WORKER] VALIDATION OK batch_id=phase3a_batch_0406095248_friday-workinghours-afternoon-ddos.pcap_iscx_f8c2c2 hypothesis_id=hyp_007_class_conditioned_distribution_destination_port round_id=round-001 step=7 task_id=task_2
[WORKER_STEP] task_id=task_2 step=8 mode=final_synthesis attempt=0
[WORKER_STEP] task_id=task_1 step=8 mode=final_synthesis attempt=0 decision=finish actions=0
[WORKER] VALIDATION OK batch_id=phase3a_batch_0406095248_friday-workinghours-afternoon-ddos.pcap_iscx_f8c2c2 hypothesis_id=hyp_004_strong_feature_dependency_pairs round_id=round-001 step=8 task_id=task_1
[WORKER] VALIDATION OK batch_id=phase3a_batch_0406095248_friday-workinghours-afternoon-ddos.pcap_iscx_f8c2c2 hypothesis_id=hyp_004_strong_feature_dependency_pairs round_id=round-001 task_id=task_1
[WORKER] VALIDATION OK batch_id=phase3a_batch_0406095248_friday-workinghours-afternoon-ddos.pcap_iscx_f8c2c2 hypothesis_id=hyp_004_strong_feature_dependency_pairs round_id=round-001 task_id=task_1
[WORKER] END (83.0s) batch_id=phase3a_batch_0406095248_friday-workinghours-afternoon-ddos.pcap_iscx_f8c2c2 hypothesis_id=hyp_004_strong_feature_dependency_pairs round_id=round-001 task_id=task_1
[WORKER_STEP] task_id=task_3 step=4 mode=reasoning_only attempt=0
[HYPOTHESIS_BARRIER] expected_tasks=3 completed_tasks=3 waiting_for=[] batch_id=phase3a_batch_0406095248_friday-workinghours-afternoon-ddos.pcap_iscx_f8c2c2 hypothesis_id=hyp_005_class_conditioned_variation_backward_packet_lengths round_id=round-001
[AGGREGATION] VALIDATION OK batch_id=phase3a_batch_0406095248_friday-workinghours-afternoon-ddos.pcap_iscx_f8c2c2 hypothesis_id=hyp_005_class_conditioned_variation_backward_packet_lengths round_id=round-001
[AGGREGATION] END (6.1s) batch_id=phase3a_batch_0406095248_friday-workinghours-afternoon-ddos.pcap_iscx_f8c2c2 hypothesis_id=hyp_005_class_conditioned_variation_backward_packet_lengths round_id=round-001
[HYPOTHESIS] hypothesis_id=hyp_005_class_conditioned_variation_backward_packet_lengths round_id=round-001 ALL WORKERS COMPLETE
[WORKER_STEP] task_id=task_2 step=8 mode=final_synthesis attempt=0 decision=finish actions=0
[WORKER] VALIDATION OK batch_id=phase3a_batch_0406095248_friday-workinghours-afternoon-ddos.pcap_iscx_f8c2c2 hypothesis_id=hyp_007_class_conditioned_distribution_destination_port round_id=round-001 step=8 task_id=task_2
[WORKER] VALIDATION OK batch_id=phase3a_batch_0406095248_friday-workinghours-afternoon-ddos.pcap_iscx_f8c2c2 hypothesis_id=hyp_007_class_conditioned_distribution_destination_port round_id=round-001 task_id=task_2
[WORKER] VALIDATION OK batch_id=phase3a_batch_0406095248_friday-workinghours-afternoon-ddos.pcap_iscx_f8c2c2 hypothesis_id=hyp_007_class_conditioned_distribution_destination_port round_id=round-001 task_id=task_2
[WORKER] END (70.9s) batch_id=phase3a_batch_0406095248_friday-workinghours-afternoon-ddos.pcap_iscx_f8c2c2 hypothesis_id=hyp_007_class_conditioned_distribution_destination_port round_id=round-001 task_id=task_2
[WORKER_STEP] task_id=task_3 step=4 mode=reasoning_only attempt=0 decision=continue actions=0
[WORKER] VALIDATION OK batch_id=phase3a_batch_0406095248_friday-workinghours-afternoon-ddos.pcap_iscx_f8c2c2 hypothesis_id=hyp_004_strong_feature_dependency_pairs round_id=round-001 step=4 task_id=task_3
[WORKER_STEP] task_id=task_3 step=5 mode=action_window attempt=0
[WORKER_STEP] task_id=task_3 step=5 mode=action_window attempt=0 decision=action actions=1
[WORKER] VALIDATION OK batch_id=phase3a_batch_0406095248_friday-workinghours-afternoon-ddos.pcap_iscx_f8c2c2 hypothesis_id=hyp_004_strong_feature_dependency_pairs round_id=round-001 step=5 task_id=task_3
[WORKER_STEP] task_id=task_3 step=6 mode=reasoning_only attempt=0
[WORKER_STEP] task_id=task_3 step=6 mode=reasoning_only attempt=0 decision=continue actions=0
[WORKER] VALIDATION OK batch_id=phase3a_batch_0406095248_friday-workinghours-afternoon-ddos.pcap_iscx_f8c2c2 hypothesis_id=hyp_004_strong_feature_dependency_pairs round_id=round-001 step=6 task_id=task_3
[WORKER_STEP] task_id=task_3 step=7 mode=action_window attempt=0
[WORKER_STEP] task_id=task_3 step=7 mode=action_window attempt=0 decision=action actions=1
[WORKER] VALIDATION OK batch_id=phase3a_batch_0406095248_friday-workinghours-afternoon-ddos.pcap_iscx_f8c2c2 hypothesis_id=hyp_004_strong_feature_dependency_pairs round_id=round-001 step=7 task_id=task_3
[WORKER_STEP] task_id=task_3 step=8 mode=final_synthesis attempt=0
[WORKER_STEP] task_id=task_3 step=8 mode=final_synthesis attempt=0 decision=finish actions=0
[WORKER] VALIDATION OK batch_id=phase3a_batch_0406095248_friday-workinghours-afternoon-ddos.pcap_iscx_f8c2c2 hypothesis_id=hyp_004_strong_feature_dependency_pairs round_id=round-001 step=8 task_id=task_3
[WORKER] VALIDATION OK batch_id=phase3a_batch_0406095248_friday-workinghours-afternoon-ddos.pcap_iscx_f8c2c2 hypothesis_id=hyp_004_strong_feature_dependency_pairs round_id=round-001 task_id=task_3
[WORKER] VALIDATION OK batch_id=phase3a_batch_0406095248_friday-workinghours-afternoon-ddos.pcap_iscx_f8c2c2 hypothesis_id=hyp_004_strong_feature_dependency_pairs round_id=round-001 task_id=task_3
[WORKER] END (210.3s) batch_id=phase3a_batch_0406095248_friday-workinghours-afternoon-ddos.pcap_iscx_f8c2c2 hypothesis_id=hyp_004_strong_feature_dependency_pairs round_id=round-001 task_id=task_3
[AGGREGATION] START batch_id=phase3a_batch_0406095248_friday-workinghours-afternoon-ddos.pcap_iscx_f8c2c2 hypothesis_id=hyp_004_strong_feature_dependency_pairs round_id=round-001
[HYPOTHESIS_BARRIER] expected_tasks=3 completed_tasks=3 waiting_for=[] batch_id=phase3a_batch_0406095248_friday-workinghours-afternoon-ddos.pcap_iscx_f8c2c2 hypothesis_id=hyp_004_strong_feature_dependency_pairs round_id=round-001
[AGGREGATION] VALIDATION OK batch_id=phase3a_batch_0406095248_friday-workinghours-afternoon-ddos.pcap_iscx_f8c2c2 hypothesis_id=hyp_004_strong_feature_dependency_pairs round_id=round-001
[AGGREGATION] END (6.1s) batch_id=phase3a_batch_0406095248_friday-workinghours-afternoon-ddos.pcap_iscx_f8c2c2 hypothesis_id=hyp_004_strong_feature_dependency_pairs round_id=round-001
[HYPOTHESIS] hypothesis_id=hyp_004_strong_feature_dependency_pairs round_id=round-001 ALL WORKERS COMPLETE
[WORKER_STEP] task_id=task_3 step=6 mode=reasoning_only attempt=0
[WORKER_STEP] task_id=task_3 step=6 mode=reasoning_only attempt=0 decision=continue actions=0
[WORKER] VALIDATION OK batch_id=phase3a_batch_0406095248_friday-workinghours-afternoon-ddos.pcap_iscx_f8c2c2 hypothesis_id=hyp_007_class_conditioned_distribution_destination_port round_id=round-001 step=6 task_id=task_3
[WORKER_STEP] task_id=task_3 step=7 mode=action_window attempt=0
[WORKER_STEP] task_id=task_3 step=7 mode=action_window attempt=0 decision=continue actions=0
[WORKER] VALIDATION OK batch_id=phase3a_batch_0406095248_friday-workinghours-afternoon-ddos.pcap_iscx_f8c2c2 hypothesis_id=hyp_007_class_conditioned_distribution_destination_port round_id=round-001 step=7 task_id=task_3
[WORKER_STEP] task_id=task_3 step=8 mode=final_synthesis attempt=0
[WORKER_STEP] task_id=task_3 step=8 mode=final_synthesis attempt=0 decision=finish actions=0
[WORKER] VALIDATION OK batch_id=phase3a_batch_0406095248_friday-workinghours-afternoon-ddos.pcap_iscx_f8c2c2 hypothesis_id=hyp_007_class_conditioned_distribution_destination_port round_id=round-001 step=8 task_id=task_3
[WORKER] VALIDATION OK batch_id=phase3a_batch_0406095248_friday-workinghours-afternoon-ddos.pcap_iscx_f8c2c2 hypothesis_id=hyp_007_class_conditioned_distribution_destination_port round_id=round-001 task_id=task_3
[WORKER] VALIDATION OK batch_id=phase3a_batch_0406095248_friday-workinghours-afternoon-ddos.pcap_iscx_f8c2c2 hypothesis_id=hyp_007_class_conditioned_distribution_destination_port round_id=round-001 task_id=task_3
[WORKER] END (298.8s) batch_id=phase3a_batch_0406095248_friday-workinghours-afternoon-ddos.pcap_iscx_f8c2c2 hypothesis_id=hyp_007_class_conditioned_distribution_destination_port round_id=round-001 task_id=task_3
[AGGREGATION] START batch_id=phase3a_batch_0406095248_friday-workinghours-afternoon-ddos.pcap_iscx_f8c2c2 hypothesis_id=hyp_007_class_conditioned_distribution_destination_port round_id=round-001
[HYPOTHESIS_BARRIER] expected_tasks=3 completed_tasks=3 waiting_for=[] batch_id=phase3a_batch_0406095248_friday-workinghours-afternoon-ddos.pcap_iscx_f8c2c2 hypothesis_id=hyp_007_class_conditioned_distribution_destination_port round_id=round-001
[AGGREGATION] VALIDATION OK batch_id=phase3a_batch_0406095248_friday-workinghours-afternoon-ddos.pcap_iscx_f8c2c2 hypothesis_id=hyp_007_class_conditioned_distribution_destination_port round_id=round-001
[AGGREGATION] END (4.9s) batch_id=phase3a_batch_0406095248_friday-workinghours-afternoon-ddos.pcap_iscx_f8c2c2 hypothesis_id=hyp_007_class_conditioned_distribution_destination_port round_id=round-001
[HYPOTHESIS] hypothesis_id=hyp_007_class_conditioned_distribution_destination_port round_id=round-001 ALL WORKERS COMPLETE
[ROUND_BARRIER] expected_tasks=3 completed_tasks=3 waiting_for=[] batch_id=phase3a_batch_0406095248_friday-workinghours-afternoon-ddos.pcap_iscx_f8c2c2 round_id=round-001
[ROUND] batch_id=phase3a_batch_0406095248_friday-workinghours-afternoon-ddos.pcap_iscx_f8c2c2 round_id=round-001 ALL HYPOTHESIS AGGREGATIONS COMPLETE
[INTER_HYPOTHESIS_AGGREGATION] START batch_id=phase3a_batch_0406095248_friday-workinghours-afternoon-ddos.pcap_iscx_f8c2c2 round_id=round-001
[INTER_HYPOTHESIS_AGGREGATION] START batch_id=phase3a_batch_0406095248_friday-workinghours-afternoon-ddos.pcap_iscx_f8c2c2 round_id=round-001
[INTER_HYPOTHESIS_AGGREGATION] VALIDATION OK batch_id=phase3a_batch_0406095248_friday-workinghours-afternoon-ddos.pcap_iscx_f8c2c2 round_id=round-001
[INTER_HYPOTHESIS_AGGREGATION] END (36.3s) batch_id=phase3a_batch_0406095248_friday-workinghours-afternoon-ddos.pcap_iscx_f8c2c2 round_id=round-001
[INTER_HYPOTHESIS_AGGREGATION] VALIDATION OK batch_id=phase3a_batch_0406095248_friday-workinghours-afternoon-ddos.pcap_iscx_f8c2c2 round_id=round-001
[INTER_HYPOTHESIS_AGGREGATION] END (36.3s) batch_id=phase3a_batch_0406095248_friday-workinghours-afternoon-ddos.pcap_iscx_f8c2c2 round_id=round-001
[STATE_MANAGER] START batch_id=phase3a_batch_0406095248_friday-workinghours-afternoon-ddos.pcap_iscx_f8c2c2 hypothesis_id=hyp_004_strong_feature_dependency_pairs round_id=round-001
[STATE_MANAGER] VALIDATION FAILED batch_id=phase3a_batch_0406095248_friday-workinghours-afternoon-ddos.pcap_iscx_f8c2c2 hypothesis_id=hyp_004_strong_feature_dependency_pairs round_id=round-001
{
  "handoff_input_validation": {
    "errors": [
      {
        "field": "update_focus",
        "message": "update_focus must stay under 160 characters."
      }
    ],
    "ok": false,
    "stats": {
      "evidence_ref_count": 9,
      "merged_finding_count": 4,
      "open_gap_count": 2,
      "preserved_contradiction_count": 1
    },
    "warnings": []
  },
  "ok": false,
  "parse_validation": {
    "errors": [
      {
        "field": "raw_response",
        "message": "Model response was not produced."
      }
    ],
    "ok": false,
    "warnings": []
  },
  "prompt_version": "phase3a.state_manager.prompt.v1",
  "request_id": "state_manager_af04c6471a214ddca81dc4d5337c030e",
  "schema_version": "phase3a.state_manager.v1",
  "state_delta_validation": {
    "errors": [
      {
        "field": "state_delta_record",
        "message": "state_delta_record was not produced."
      }
    ],
    "ok": false,
    "warnings": []
  },
  "state_input_validation": {
    "errors": [],
    "ok": true,
    "stats": {
      "hypothesis_count": 10,
      "revision_count": 1,
      "state_version": 1
    },
    "warnings": []
  }
}
[STATE_MANAGER] END (0.0s) batch_id=phase3a_batch_0406095248_friday-workinghours-afternoon-ddos.pcap_iscx_f8c2c2 hypothesis_id=hyp_004_strong_feature_dependency_pairs round_id=round-001
[BATCH] EXCEPTION round_id=None hypothesis_id=None task_id=None
Traceback (most recent call last):
  File "C:\Users\Uni\Desktop\TFG\nids-smell-audit\phase3\phase3_runtime\orchestrator.py", line 343, in run_phase3a_batch
    round_result = execute_round(
        batch_id=normalized_batch_id,
    ...<20 lines>...
        analysis_mode=analysis_mode,
    )
  File "C:\Users\Uni\Desktop\TFG\nids-smell-audit\phase3\phase3_runtime\round_executor.py", line 737, in execute_round
    _require_component_ok(
    ~~~~~~~~~~~~~~~~~~~~~^
        "state_manager",
        ^^^^^^^^^^^^^^^^
    ...<4 lines>...
        ),
        ^^
    )
    ^
  File "C:\Users\Uni\Desktop\TFG\nids-smell-audit\phase3\phase3_runtime\round_executor.py", line 52, in _require_component_ok
    raise RuntimeError(
        f"{component_name} returned a non-authoritative bundle.")
RuntimeError: state_manager returned a non-authoritative bundle.
[BATCH] batch_id=phase3a_batch_0406095248_friday-workinghours-afternoon-ddos.pcap_iscx_f8c2c2 error=state_manager returned a non-authoritative bundle. FAILED
[BATCH] END (434.7s) batch_id=phase3a_batch_0406095248_friday-workinghours-afternoon-ddos.pcap_iscx_f8c2c2
