[BATCH] START batch_id=phase3a_batch_0406073857_friday-workinghours-afternoon-ddos.pcap_iscx_ee0ef0
[SEMANTIC_EXTRACTION] START batch_id=phase3a_batch_0406073857_friday-workinghours-afternoon-ddos.pcap_iscx_ee0ef0
[SEMANTIC_EXTRACTION] VALIDATION OK batch_id=phase3a_batch_0406073857_friday-workinghours-afternoon-ddos.pcap_iscx_ee0ef0
[SEMANTIC_EXTRACTION] END (41.7s) batch_id=phase3a_batch_0406073857_friday-workinghours-afternoon-ddos.pcap_iscx_ee0ef0
[SEMANTIC_HYPOTHESIS_GENERATION] START analysis_id=substrate_phase3a_batch_0406073857_friday-workinghours-afternoon-ddos.pcap_iscx_ee0ef0 batch_id=phase3a_batch_0406073857_friday-workinghours-afternoon-ddos.pcap_iscx_ee0ef0
[SEMANTIC_HYPOTHESIS_GENERATION] VALIDATION OK analysis_id=substrate_phase3a_batch_0406073857_friday-workinghours-afternoon-ddos.pcap_iscx_ee0ef0 batch_id=phase3a_batch_0406073857_friday-workinghours-afternoon-ddos.pcap_iscx_ee0ef0
[SEMANTIC_HYPOTHESIS_GENERATION] END (16.2s) analysis_id=substrate_phase3a_batch_0406073857_friday-workinghours-afternoon-ddos.pcap_iscx_ee0ef0 batch_id=phase3a_batch_0406073857_friday-workinghours-afternoon-ddos.pcap_iscx_ee0ef0
[ROUND] START batch_id=phase3a_batch_0406073857_friday-workinghours-afternoon-ddos.pcap_iscx_ee0ef0 round_id=round-001
[HYPOTHESIS_RANKING] START batch_id=phase3a_batch_0406073857_friday-workinghours-afternoon-ddos.pcap_iscx_ee0ef0 round_id=round-001
[HYPOTHESIS_RANKING] VALIDATION OK analysis_id=analysis_phase3a_0406073857_01 batch_id=phase3a_batch_0406073857_friday-workinghours-afternoon-ddos.pcap_iscx_ee0ef0 round_id=round-001
[HYPOTHESIS_RANKING] END (5.0s) analysis_id=analysis_phase3a_0406073857_01 batch_id=phase3a_batch_0406073857_friday-workinghours-afternoon-ddos.pcap_iscx_ee0ef0 round_id=round-001
[PLANNER] START batch_id=phase3a_batch_0406073857_friday-workinghours-afternoon-ddos.pcap_iscx_ee0ef0 round_id=round-001
[PLANNER] VALIDATION OK batch_id=phase3a_batch_0406073857_friday-workinghours-afternoon-ddos.pcap_iscx_ee0ef0 round_id=round-001
[PLANNER] END (7.8s) batch_id=phase3a_batch_0406073857_friday-workinghours-afternoon-ddos.pcap_iscx_ee0ef0 round_id=round-001
[ROUTER] START batch_id=phase3a_batch_0406073857_friday-workinghours-afternoon-ddos.pcap_iscx_ee0ef0 hypothesis_id=hyp_8_low_cardinality_features_as_potential_shortcut_signals round_id=round-001
[ROUTER] hypothesis_id=hyp_8_low_cardinality_features_as_potential_shortcut_signals GENERATED 4 TASKS
[ROUTER] VALIDATION OK batch_id=phase3a_batch_0406073857_friday-workinghours-afternoon-ddos.pcap_iscx_ee0ef0 hypothesis_id=hyp_8_low_cardinality_features_as_potential_shortcut_signals round_id=round-001
[ROUTER] END (8.1s) batch_id=phase3a_batch_0406073857_friday-workinghours-afternoon-ddos.pcap_iscx_ee0ef0 hypothesis_id=hyp_8_low_cardinality_features_as_potential_shortcut_signals round_id=round-001
[WORKER] START batch_id=phase3a_batch_0406073857_friday-workinghours-afternoon-ddos.pcap_iscx_ee0ef0 hypothesis_id=hyp_8_low_cardinality_features_as_potential_shortcut_signals round_id=round-001 task_id=task_1
[WORKER] START batch_id=phase3a_batch_0406073857_friday-workinghours-afternoon-ddos.pcap_iscx_ee0ef0 hypothesis_id=hyp_8_low_cardinality_features_as_potential_shortcut_signals round_id=round-001 task_id=task_2
[WORKER] START batch_id=phase3a_batch_0406073857_friday-workinghours-afternoon-ddos.pcap_iscx_ee0ef0 hypothesis_id=hyp_8_low_cardinality_features_as_potential_shortcut_signals round_id=round-001 task_id=task_3
[WORKER] START batch_id=phase3a_batch_0406073857_friday-workinghours-afternoon-ddos.pcap_iscx_ee0ef0 hypothesis_id=hyp_8_low_cardinality_features_as_potential_shortcut_signals round_id=round-001 task_id=task_4
[HYPOTHESIS] hypothesis_id=hyp_8_low_cardinality_features_as_potential_shortcut_signals round_id=round-001 WAITING FOR 4 WORKERS
[ROUTER] START batch_id=phase3a_batch_0406073857_friday-workinghours-afternoon-ddos.pcap_iscx_ee0ef0 hypothesis_id=hyp_3_class_conditioned_structural_variation_in_packet_length_features round_id=round-001
[HYPOTHESIS_AGGREGATOR_BARRIER] expected_tasks=4 completed_tasks=0 waiting_for=['task_1', 'task_2', 'task_3', 'task_4'] batch_id=phase3a_batch_0406073857_friday-workinghours-afternoon-ddos.pcap_iscx_ee0ef0 hypothesis_id=hyp_8_low_cardinality_features_as_potential_shortcut_signals round_id=round-001
[WORKER_STEP] task_id=task_3 step=1 mode=reasoning_only attempt=0
[WORKER_STEP] task_id=task_2 step=1 mode=reasoning_only attempt=0
[WORKER_STEP] task_id=task_1 step=1 mode=reasoning_only attempt=0
[WORKER_STEP] task_id=task_4 step=1 mode=reasoning_only attempt=0
[ROUTER] hypothesis_id=hyp_3_class_conditioned_structural_variation_in_packet_length_features GENERATED 4 TASKS
[ROUTER] VALIDATION OK batch_id=phase3a_batch_0406073857_friday-workinghours-afternoon-ddos.pcap_iscx_ee0ef0 hypothesis_id=hyp_3_class_conditioned_structural_variation_in_packet_length_features round_id=round-001
[ROUTER] END (9.6s) batch_id=phase3a_batch_0406073857_friday-workinghours-afternoon-ddos.pcap_iscx_ee0ef0 hypothesis_id=hyp_3_class_conditioned_structural_variation_in_packet_length_features round_id=round-001
[WORKER] START batch_id=phase3a_batch_0406073857_friday-workinghours-afternoon-ddos.pcap_iscx_ee0ef0 hypothesis_id=hyp_3_class_conditioned_structural_variation_in_packet_length_features round_id=round-001 task_id=task_1
[WORKER] START batch_id=phase3a_batch_0406073857_friday-workinghours-afternoon-ddos.pcap_iscx_ee0ef0 hypothesis_id=hyp_3_class_conditioned_structural_variation_in_packet_length_features round_id=round-001 task_id=task_2
[WORKER] START batch_id=phase3a_batch_0406073857_friday-workinghours-afternoon-ddos.pcap_iscx_ee0ef0 hypothesis_id=hyp_3_class_conditioned_structural_variation_in_packet_length_features round_id=round-001 task_id=task_3
[WORKER] START batch_id=phase3a_batch_0406073857_friday-workinghours-afternoon-ddos.pcap_iscx_ee0ef0 hypothesis_id=hyp_3_class_conditioned_structural_variation_in_packet_length_features round_id=round-001 task_id=task_4
[HYPOTHESIS] hypothesis_id=hyp_3_class_conditioned_structural_variation_in_packet_length_features round_id=round-001 WAITING FOR 4 WORKERS
[ROUTER] START batch_id=phase3a_batch_0406073857_friday-workinghours-afternoon-ddos.pcap_iscx_ee0ef0 hypothesis_id=hyp_4_destination_port_distribution_skew_reflects_attack_targeting round_id=round-001
[HYPOTHESIS_AGGREGATOR_BARRIER] expected_tasks=4 completed_tasks=0 waiting_for=['task_1', 'task_2', 'task_3', 'task_4'] batch_id=phase3a_batch_0406073857_friday-workinghours-afternoon-ddos.pcap_iscx_ee0ef0 hypothesis_id=hyp_3_class_conditioned_structural_variation_in_packet_length_features round_id=round-001
[WORKER_STEP] task_id=task_2 step=1 mode=reasoning_only attempt=0 decision=continue actions=0
[WORKER] VALIDATION OK batch_id=phase3a_batch_0406073857_friday-workinghours-afternoon-ddos.pcap_iscx_ee0ef0 hypothesis_id=hyp_8_low_cardinality_features_as_potential_shortcut_signals round_id=round-001 step=1 task_id=task_2
[WORKER_STEP] task_id=task_2 step=2 mode=reasoning_only attempt=0
[WORKER_STEP] task_id=task_3 step=1 mode=reasoning_only attempt=0 decision=continue actions=0
[WORKER] VALIDATION OK batch_id=phase3a_batch_0406073857_friday-workinghours-afternoon-ddos.pcap_iscx_ee0ef0 hypothesis_id=hyp_8_low_cardinality_features_as_potential_shortcut_signals round_id=round-001 step=1 task_id=task_3
[WORKER_STEP] task_id=task_3 step=2 mode=reasoning_only attempt=0
[WORKER_STEP] task_id=task_4 step=1 mode=reasoning_only attempt=0 decision=continue actions=0
[WORKER] VALIDATION OK batch_id=phase3a_batch_0406073857_friday-workinghours-afternoon-ddos.pcap_iscx_ee0ef0 hypothesis_id=hyp_8_low_cardinality_features_as_potential_shortcut_signals round_id=round-001 step=1 task_id=task_4
[WORKER_STEP] task_id=task_4 step=2 mode=reasoning_only attempt=0
[WORKER_STEP] task_id=task_1 step=1 mode=reasoning_only attempt=0 decision=continue actions=0
[WORKER] VALIDATION OK batch_id=phase3a_batch_0406073857_friday-workinghours-afternoon-ddos.pcap_iscx_ee0ef0 hypothesis_id=hyp_8_low_cardinality_features_as_potential_shortcut_signals round_id=round-001 step=1 task_id=task_1
[WORKER_STEP] task_id=task_1 step=2 mode=reasoning_only attempt=0
[WORKER_STEP] task_id=task_2 step=2 mode=reasoning_only attempt=0 decision=continue actions=0
[WORKER] VALIDATION OK batch_id=phase3a_batch_0406073857_friday-workinghours-afternoon-ddos.pcap_iscx_ee0ef0 hypothesis_id=hyp_8_low_cardinality_features_as_potential_shortcut_signals round_id=round-001 step=2 task_id=task_2
[WORKER_STEP] task_id=task_2 step=3 mode=action_window attempt=0
[WORKER_STEP] task_id=task_3 step=2 mode=reasoning_only attempt=0 decision=continue actions=0
[WORKER] VALIDATION OK batch_id=phase3a_batch_0406073857_friday-workinghours-afternoon-ddos.pcap_iscx_ee0ef0 hypothesis_id=hyp_8_low_cardinality_features_as_potential_shortcut_signals round_id=round-001 step=2 task_id=task_3
[WORKER_STEP] task_id=task_3 step=3 mode=action_window attempt=0
[WORKER_STEP] task_id=task_4 step=2 mode=reasoning_only attempt=0 decision=continue actions=0
[WORKER] VALIDATION OK batch_id=phase3a_batch_0406073857_friday-workinghours-afternoon-ddos.pcap_iscx_ee0ef0 hypothesis_id=hyp_8_low_cardinality_features_as_potential_shortcut_signals round_id=round-001 step=2 task_id=task_4
[WORKER_STEP] task_id=task_4 step=3 mode=action_window attempt=0
[WORKER_STEP] task_id=task_1 step=2 mode=reasoning_only attempt=0 decision=continue actions=0
[WORKER] VALIDATION OK batch_id=phase3a_batch_0406073857_friday-workinghours-afternoon-ddos.pcap_iscx_ee0ef0 hypothesis_id=hyp_8_low_cardinality_features_as_potential_shortcut_signals round_id=round-001 step=2 task_id=task_1
[WORKER_STEP] task_id=task_1 step=3 mode=action_window attempt=0
[ROUTER] hypothesis_id=hyp_4_destination_port_distribution_skew_reflects_attack_targeting GENERATED 4 TASKS
[ROUTER] VALIDATION OK batch_id=phase3a_batch_0406073857_friday-workinghours-afternoon-ddos.pcap_iscx_ee0ef0 hypothesis_id=hyp_4_destination_port_distribution_skew_reflects_attack_targeting round_id=round-001
[ROUTER] END (8.5s) batch_id=phase3a_batch_0406073857_friday-workinghours-afternoon-ddos.pcap_iscx_ee0ef0 hypothesis_id=hyp_4_destination_port_distribution_skew_reflects_attack_targeting round_id=round-001
[WORKER] START batch_id=phase3a_batch_0406073857_friday-workinghours-afternoon-ddos.pcap_iscx_ee0ef0 hypothesis_id=hyp_4_destination_port_distribution_skew_reflects_attack_targeting round_id=round-001 task_id=task_1
[WORKER] START batch_id=phase3a_batch_0406073857_friday-workinghours-afternoon-ddos.pcap_iscx_ee0ef0 hypothesis_id=hyp_4_destination_port_distribution_skew_reflects_attack_targeting round_id=round-001 task_id=task_2
[WORKER] START batch_id=phase3a_batch_0406073857_friday-workinghours-afternoon-ddos.pcap_iscx_ee0ef0 hypothesis_id=hyp_4_destination_port_distribution_skew_reflects_attack_targeting round_id=round-001 task_id=task_3
[WORKER] START batch_id=phase3a_batch_0406073857_friday-workinghours-afternoon-ddos.pcap_iscx_ee0ef0 hypothesis_id=hyp_4_destination_port_distribution_skew_reflects_attack_targeting round_id=round-001 task_id=task_4
[HYPOTHESIS] hypothesis_id=hyp_4_destination_port_distribution_skew_reflects_attack_targeting round_id=round-001 WAITING FOR 4 WORKERS
[ROUND_BARRIER] expected_tasks=3 completed_tasks=0 waiting_for=['hyp_8_low_cardinality_features_as_potential_shortcut_signals', 'hyp_3_class_conditioned_structural_variation_in_packet_length_features', 'hyp_4_destination_port_distribution_skew_reflects_attack_targeting'] batch_id=phase3a_batch_0406073857_friday-workinghours-afternoon-ddos.pcap_iscx_ee0ef0 round_id=round-001
[WORKER_STEP] task_id=task_2 step=3 mode=action_window attempt=0 decision=action actions=1
[HYPOTHESIS_AGGREGATOR_BARRIER] expected_tasks=4 completed_tasks=0 waiting_for=['task_1', 'task_2', 'task_3', 'task_4'] batch_id=phase3a_batch_0406073857_friday-workinghours-afternoon-ddos.pcap_iscx_ee0ef0 hypothesis_id=hyp_4_destination_port_distribution_skew_reflects_attack_targeting round_id=round-001
[ROUND] batch_id=phase3a_batch_0406073857_friday-workinghours-afternoon-ddos.pcap_iscx_ee0ef0 round_id=round-001 WAITING FOR 3 HYPOTHESIS AGGREGATIONS
[WORKER] VALIDATION OK batch_id=phase3a_batch_0406073857_friday-workinghours-afternoon-ddos.pcap_iscx_ee0ef0 hypothesis_id=hyp_8_low_cardinality_features_as_potential_shortcut_signals round_id=round-001 step=3 task_id=task_2
[WORKER_STEP] task_id=task_3 step=3 mode=action_window attempt=0 decision=action actions=1
[WORKER] VALIDATION OK batch_id=phase3a_batch_0406073857_friday-workinghours-afternoon-ddos.pcap_iscx_ee0ef0 hypothesis_id=hyp_8_low_cardinality_features_as_potential_shortcut_signals round_id=round-001 step=3 task_id=task_3
[WORKER_STEP] task_id=task_2 step=1 mode=reasoning_only attempt=0
[WORKER_STEP] task_id=task_1 step=1 mode=reasoning_only attempt=0
[WORKER_STEP] task_id=task_4 step=3 mode=action_window attempt=0 decision=action actions=1
[WORKER] VALIDATION OK batch_id=phase3a_batch_0406073857_friday-workinghours-afternoon-ddos.pcap_iscx_ee0ef0 hypothesis_id=hyp_8_low_cardinality_features_as_potential_shortcut_signals round_id=round-001 step=3 task_id=task_4
[WORKER_STEP] task_id=task_2 step=4 mode=reasoning_only attempt=0
[WORKER_STEP] task_id=task_1 step=3 mode=action_window attempt=0 decision=action actions=1
[WORKER_STEP] task_id=task_3 step=1 mode=reasoning_only attempt=0
[WORKER] VALIDATION OK batch_id=phase3a_batch_0406073857_friday-workinghours-afternoon-ddos.pcap_iscx_ee0ef0 hypothesis_id=hyp_8_low_cardinality_features_as_potential_shortcut_signals round_id=round-001 step=3 task_id=task_1
[WORKER_STEP] task_id=task_4 step=1 mode=reasoning_only attempt=0
[WORKER_STEP] task_id=task_4 step=4 mode=reasoning_only attempt=0
[WORKER_STEP] task_id=task_1 step=1 mode=reasoning_only attempt=0 decision=continue actions=0
[WORKER] VALIDATION OK batch_id=phase3a_batch_0406073857_friday-workinghours-afternoon-ddos.pcap_iscx_ee0ef0 hypothesis_id=hyp_3_class_conditioned_structural_variation_in_packet_length_features round_id=round-001 step=1 task_id=task_1
[WORKER_STEP] task_id=task_1 step=2 mode=reasoning_only attempt=0
[WORKER_STEP] task_id=task_1 step=4 mode=reasoning_only attempt=0
[WORKER_STEP] task_id=task_2 step=1 mode=reasoning_only attempt=0 decision=continue actions=0
[WORKER] VALIDATION OK batch_id=phase3a_batch_0406073857_friday-workinghours-afternoon-ddos.pcap_iscx_ee0ef0 hypothesis_id=hyp_3_class_conditioned_structural_variation_in_packet_length_features round_id=round-001 step=1 task_id=task_2
[WORKER_STEP] task_id=task_2 step=2 mode=reasoning_only attempt=0
[WORKER_STEP] task_id=task_2 step=4 mode=reasoning_only attempt=0 decision=continue actions=0
[WORKER] VALIDATION OK batch_id=phase3a_batch_0406073857_friday-workinghours-afternoon-ddos.pcap_iscx_ee0ef0 hypothesis_id=hyp_8_low_cardinality_features_as_potential_shortcut_signals round_id=round-001 step=4 task_id=task_2
[WORKER_STEP] task_id=task_2 step=5 mode=action_window attempt=0
[WORKER_STEP] task_id=task_3 step=1 mode=reasoning_only attempt=0 decision=continue actions=0
[WORKER] VALIDATION OK batch_id=phase3a_batch_0406073857_friday-workinghours-afternoon-ddos.pcap_iscx_ee0ef0 hypothesis_id=hyp_3_class_conditioned_structural_variation_in_packet_length_features round_id=round-001 step=1 task_id=task_3
[WORKER_STEP] task_id=task_3 step=2 mode=reasoning_only attempt=0
[WORKER_STEP] task_id=task_1 step=2 mode=reasoning_only attempt=0 decision=continue actions=0
[WORKER] VALIDATION OK batch_id=phase3a_batch_0406073857_friday-workinghours-afternoon-ddos.pcap_iscx_ee0ef0 hypothesis_id=hyp_3_class_conditioned_structural_variation_in_packet_length_features round_id=round-001 step=2 task_id=task_1
[WORKER_STEP] task_id=task_1 step=3 mode=action_window attempt=0
[WORKER_STEP] task_id=task_4 step=4 mode=reasoning_only attempt=0 decision=continue actions=0
[WORKER] VALIDATION OK batch_id=phase3a_batch_0406073857_friday-workinghours-afternoon-ddos.pcap_iscx_ee0ef0 hypothesis_id=hyp_8_low_cardinality_features_as_potential_shortcut_signals round_id=round-001 step=4 task_id=task_4
[WORKER_STEP] task_id=task_4 step=5 mode=action_window attempt=0
[WORKER_STEP] task_id=task_2 step=2 mode=reasoning_only attempt=0 decision=continue actions=0
[WORKER] VALIDATION OK batch_id=phase3a_batch_0406073857_friday-workinghours-afternoon-ddos.pcap_iscx_ee0ef0 hypothesis_id=hyp_3_class_conditioned_structural_variation_in_packet_length_features round_id=round-001 step=2 task_id=task_2
[WORKER_STEP] task_id=task_2 step=3 mode=action_window attempt=0
[WORKER_STEP] task_id=task_1 step=4 mode=reasoning_only attempt=0 decision=continue actions=0
[WORKER] VALIDATION OK batch_id=phase3a_batch_0406073857_friday-workinghours-afternoon-ddos.pcap_iscx_ee0ef0 hypothesis_id=hyp_8_low_cardinality_features_as_potential_shortcut_signals round_id=round-001 step=4 task_id=task_1
[WORKER_STEP] task_id=task_1 step=5 mode=action_window attempt=0
[WORKER_STEP] task_id=task_4 step=1 mode=reasoning_only attempt=0 decision=continue actions=0
[WORKER] VALIDATION OK batch_id=phase3a_batch_0406073857_friday-workinghours-afternoon-ddos.pcap_iscx_ee0ef0 hypothesis_id=hyp_3_class_conditioned_structural_variation_in_packet_length_features round_id=round-001 step=1 task_id=task_4
[WORKER_STEP] task_id=task_4 step=2 mode=reasoning_only attempt=0
[WORKER_STEP] task_id=task_3 step=2 mode=reasoning_only attempt=0 decision=continue actions=0
[WORKER] VALIDATION OK batch_id=phase3a_batch_0406073857_friday-workinghours-afternoon-ddos.pcap_iscx_ee0ef0 hypothesis_id=hyp_3_class_conditioned_structural_variation_in_packet_length_features round_id=round-001 step=2 task_id=task_3
[WORKER_STEP] task_id=task_3 step=3 mode=action_window attempt=0
[WORKER_STEP] task_id=task_2 step=5 mode=action_window attempt=0 decision=action actions=1
[WORKER] VALIDATION OK batch_id=phase3a_batch_0406073857_friday-workinghours-afternoon-ddos.pcap_iscx_ee0ef0 hypothesis_id=hyp_8_low_cardinality_features_as_potential_shortcut_signals round_id=round-001 step=5 task_id=task_2
[WORKER_STEP] task_id=task_4 step=2 mode=reasoning_only attempt=0 decision=continue actions=0
[WORKER] VALIDATION OK batch_id=phase3a_batch_0406073857_friday-workinghours-afternoon-ddos.pcap_iscx_ee0ef0 hypothesis_id=hyp_3_class_conditioned_structural_variation_in_packet_length_features round_id=round-001 step=2 task_id=task_4
[WORKER_STEP] task_id=task_4 step=3 mode=action_window attempt=0
[WORKER_STEP] task_id=task_4 step=5 mode=action_window attempt=0 decision=action actions=1
[WORKER] VALIDATION OK batch_id=phase3a_batch_0406073857_friday-workinghours-afternoon-ddos.pcap_iscx_ee0ef0 hypothesis_id=hyp_8_low_cardinality_features_as_potential_shortcut_signals round_id=round-001 step=5 task_id=task_4
[WORKER_STEP] task_id=task_1 step=1 mode=reasoning_only attempt=0
[WORKER_STEP] task_id=task_3 step=3 mode=action_window attempt=0 decision=action actions=1
[WORKER_STEP] task_id=task_4 step=1 mode=reasoning_only attempt=0
[WORKER] VALIDATION FAILED batch_id=phase3a_batch_0406073857_friday-workinghours-afternoon-ddos.pcap_iscx_ee0ef0 hypothesis_id=hyp_3_class_conditioned_structural_variation_in_packet_length_features round_id=round-001 step=3 task_id=task_3
{
  "errors": [
    {
      "field": "actions[0].context_ref",
      "message": "Unknown context_ref 'e23'."
    }
  ],
  "ok": false,
  "warnings": []
}
[WORKER_STEP] task_id=task_1 step=5 mode=action_window attempt=0 decision=action actions=1
[WORKER_STEP] task_id=task_1 step=3 mode=action_window attempt=0 decision=action actions=1
[WORKER_STEP] task_id=task_2 step=3 mode=action_window attempt=0 decision=action actions=1
[WORKER] VALIDATION OK batch_id=phase3a_batch_0406073857_friday-workinghours-afternoon-ddos.pcap_iscx_ee0ef0 hypothesis_id=hyp_8_low_cardinality_features_as_potential_shortcut_signals round_id=round-001 step=5 task_id=task_1
[WORKER] VALIDATION OK batch_id=phase3a_batch_0406073857_friday-workinghours-afternoon-ddos.pcap_iscx_ee0ef0 hypothesis_id=hyp_3_class_conditioned_structural_variation_in_packet_length_features round_id=round-001 step=3 task_id=task_1
[WORKER] VALIDATION OK batch_id=phase3a_batch_0406073857_friday-workinghours-afternoon-ddos.pcap_iscx_ee0ef0 hypothesis_id=hyp_3_class_conditioned_structural_variation_in_packet_length_features round_id=round-001 step=3 task_id=task_2
[WORKER_STEP] task_id=task_1 step=6 mode=reasoning_only attempt=0
[WORKER_STEP] task_id=task_3 step=4 mode=reasoning_only attempt=0
[WORKER_STEP] task_id=task_2 step=1 mode=reasoning_only attempt=0
[WORKER_STEP] task_id=task_1 step=4 mode=reasoning_only attempt=0
[WORKER_STEP] task_id=task_4 step=6 mode=reasoning_only attempt=0
[WORKER_STEP] task_id=task_4 step=3 mode=action_window attempt=0 decision=action actions=1
[WORKER] VALIDATION OK batch_id=phase3a_batch_0406073857_friday-workinghours-afternoon-ddos.pcap_iscx_ee0ef0 hypothesis_id=hyp_3_class_conditioned_structural_variation_in_packet_length_features round_id=round-001 step=3 task_id=task_4
[WORKER_STEP] task_id=task_3 step=1 mode=reasoning_only attempt=0
[WORKER_STEP] task_id=task_3 step=3 mode=action_window attempt=1 decision=action actions=1
[WORKER_STEP] task_id=task_4 step=4 mode=reasoning_only attempt=0
[WORKER_STEP] task_id=task_4 step=1 mode=reasoning_only attempt=0 decision=continue actions=0
[WORKER] VALIDATION FAILED batch_id=phase3a_batch_0406073857_friday-workinghours-afternoon-ddos.pcap_iscx_ee0ef0 hypothesis_id=hyp_3_class_conditioned_structural_variation_in_packet_length_features round_id=round-001 step=3 task_id=task_3
{
  "errors": [
    {
      "field": "actions[0].context_ref",
      "message": "context_ref must be a non-empty string."
    }
  ],
  "ok": false,
  "warnings": []
}
[WORKER] VALIDATION OK batch_id=phase3a_batch_0406073857_friday-workinghours-afternoon-ddos.pcap_iscx_ee0ef0 hypothesis_id=hyp_4_destination_port_distribution_skew_reflects_attack_targeting round_id=round-001 step=1 task_id=task_4
[WORKER_STEP] task_id=task_4 step=2 mode=reasoning_only attempt=0
[WORKER_STEP] task_id=task_1 step=1 mode=reasoning_only attempt=0 decision=continue actions=0
[WORKER] VALIDATION OK batch_id=phase3a_batch_0406073857_friday-workinghours-afternoon-ddos.pcap_iscx_ee0ef0 hypothesis_id=hyp_4_destination_port_distribution_skew_reflects_attack_targeting round_id=round-001 step=1 task_id=task_1
[WORKER_STEP] task_id=task_1 step=2 mode=reasoning_only attempt=0
[WORKER] VALIDATION FAILED batch_id=phase3a_batch_0406073857_friday-workinghours-afternoon-ddos.pcap_iscx_ee0ef0 hypothesis_id=hyp_3_class_conditioned_structural_variation_in_packet_length_features round_id=round-001 task_id=task_3
{
  "action_map_validation": {
    "errors": [],
    "ok": true,
    "warnings": []
  },
  "ok": false,
  "runtime_refs_validation": {
    "errors": [],
    "ok": true,
    "stats": {
      "available_context_count": 30,
      "expected_local_context_count": 5
    },
    "warnings": []
  },
  "schema_version": "phase3a.worker.v1",
  "task_validation": {
    "errors": [],
    "ok": true,
    "stats": {
      "allowed_action_count": 2,
      "local_context_ref_count": 5,
      "stop_condition_count": 2
    },
    "warnings": []
  },
  "worker_output_validation": {
    "errors": [
      {
        "field": "worker_output",
        "message": "worker_output was not produced."
      }
    ],
    "ok": false,
    "warnings": []
  },
  "worker_result_validation": {
    "errors": [
      {
        "field": "worker_result",
        "message": "worker_result was not produced."
      }
    ],
    "ok": false,
    "warnings": []
  }
}
[WORKER] END (31.6s) batch_id=phase3a_batch_0406073857_friday-workinghours-afternoon-ddos.pcap_iscx_ee0ef0 hypothesis_id=hyp_3_class_conditioned_structural_variation_in_packet_length_features round_id=round-001 task_id=task_3
[WORKER_STEP] task_id=task_3 step=4 mode=reasoning_only attempt=0 decision=continue actions=0
[WORKER] VALIDATION OK batch_id=phase3a_batch_0406073857_friday-workinghours-afternoon-ddos.pcap_iscx_ee0ef0 hypothesis_id=hyp_8_low_cardinality_features_as_potential_shortcut_signals round_id=round-001 step=4 task_id=task_3
[WORKER_STEP] task_id=task_3 step=5 mode=action_window attempt=0
[WORKER_STEP] task_id=task_1 step=6 mode=reasoning_only attempt=0 decision=continue actions=0
[WORKER] VALIDATION OK batch_id=phase3a_batch_0406073857_friday-workinghours-afternoon-ddos.pcap_iscx_ee0ef0 hypothesis_id=hyp_8_low_cardinality_features_as_potential_shortcut_signals round_id=round-001 step=6 task_id=task_1
[WORKER_STEP] task_id=task_1 step=7 mode=action_window attempt=0
[WORKER_STEP] task_id=task_1 step=4 mode=reasoning_only attempt=0 decision=continue actions=0
[WORKER] VALIDATION OK batch_id=phase3a_batch_0406073857_friday-workinghours-afternoon-ddos.pcap_iscx_ee0ef0 hypothesis_id=hyp_3_class_conditioned_structural_variation_in_packet_length_features round_id=round-001 step=4 task_id=task_1
[WORKER_STEP] task_id=task_1 step=5 mode=action_window attempt=0
[WORKER_STEP] task_id=task_4 step=6 mode=reasoning_only attempt=0 decision=continue actions=0
[WORKER] VALIDATION OK batch_id=phase3a_batch_0406073857_friday-workinghours-afternoon-ddos.pcap_iscx_ee0ef0 hypothesis_id=hyp_8_low_cardinality_features_as_potential_shortcut_signals round_id=round-001 step=6 task_id=task_4
[WORKER_STEP] task_id=task_4 step=7 mode=action_window attempt=0
[WORKER_STEP] task_id=task_3 step=1 mode=reasoning_only attempt=0 decision=continue actions=0
[WORKER] VALIDATION OK batch_id=phase3a_batch_0406073857_friday-workinghours-afternoon-ddos.pcap_iscx_ee0ef0 hypothesis_id=hyp_4_destination_port_distribution_skew_reflects_attack_targeting round_id=round-001 step=1 task_id=task_3
[WORKER_STEP] task_id=task_3 step=2 mode=reasoning_only attempt=0
[WORKER_STEP] task_id=task_2 step=1 mode=reasoning_only attempt=0 decision=continue actions=0
[WORKER] VALIDATION OK batch_id=phase3a_batch_0406073857_friday-workinghours-afternoon-ddos.pcap_iscx_ee0ef0 hypothesis_id=hyp_4_destination_port_distribution_skew_reflects_attack_targeting round_id=round-001 step=1 task_id=task_2
[WORKER_STEP] task_id=task_2 step=2 mode=reasoning_only attempt=0
[WORKER_STEP] task_id=task_4 step=4 mode=reasoning_only attempt=0 decision=continue actions=0
[WORKER] VALIDATION OK batch_id=phase3a_batch_0406073857_friday-workinghours-afternoon-ddos.pcap_iscx_ee0ef0 hypothesis_id=hyp_3_class_conditioned_structural_variation_in_packet_length_features round_id=round-001 step=4 task_id=task_4
[WORKER_STEP] task_id=task_4 step=5 mode=action_window attempt=0
[WORKER_STEP] task_id=task_4 step=2 mode=reasoning_only attempt=0 decision=continue actions=0
[WORKER] VALIDATION OK batch_id=phase3a_batch_0406073857_friday-workinghours-afternoon-ddos.pcap_iscx_ee0ef0 hypothesis_id=hyp_4_destination_port_distribution_skew_reflects_attack_targeting round_id=round-001 step=2 task_id=task_4
[WORKER_STEP] task_id=task_4 step=3 mode=action_window attempt=0
[WORKER_STEP] task_id=task_1 step=2 mode=reasoning_only attempt=0 decision=continue actions=0
[WORKER] VALIDATION OK batch_id=phase3a_batch_0406073857_friday-workinghours-afternoon-ddos.pcap_iscx_ee0ef0 hypothesis_id=hyp_4_destination_port_distribution_skew_reflects_attack_targeting round_id=round-001 step=2 task_id=task_1
[WORKER_STEP] task_id=task_1 step=3 mode=action_window attempt=0
[WORKER_STEP] task_id=task_3 step=5 mode=action_window attempt=0 decision=action actions=1
[WORKER] VALIDATION OK batch_id=phase3a_batch_0406073857_friday-workinghours-afternoon-ddos.pcap_iscx_ee0ef0 hypothesis_id=hyp_8_low_cardinality_features_as_potential_shortcut_signals round_id=round-001 step=5 task_id=task_3
[WORKER_STEP] task_id=task_3 step=6 mode=reasoning_only attempt=0
[WORKER_STEP] task_id=task_1 step=7 mode=action_window attempt=0 decision=action actions=1
[WORKER] VALIDATION OK batch_id=phase3a_batch_0406073857_friday-workinghours-afternoon-ddos.pcap_iscx_ee0ef0 hypothesis_id=hyp_8_low_cardinality_features_as_potential_shortcut_signals round_id=round-001 step=7 task_id=task_1
[WORKER_STEP] task_id=task_1 step=8 mode=final_synthesis attempt=0
[WORKER_STEP] task_id=task_1 step=5 mode=action_window attempt=0 decision=action actions=1
[WORKER] VALIDATION OK batch_id=phase3a_batch_0406073857_friday-workinghours-afternoon-ddos.pcap_iscx_ee0ef0 hypothesis_id=hyp_3_class_conditioned_structural_variation_in_packet_length_features round_id=round-001 step=5 task_id=task_1
[WORKER_STEP] task_id=task_1 step=6 mode=reasoning_only attempt=0
[WORKER_STEP] task_id=task_3 step=2 mode=reasoning_only attempt=0 decision=continue actions=0
[WORKER] VALIDATION OK batch_id=phase3a_batch_0406073857_friday-workinghours-afternoon-ddos.pcap_iscx_ee0ef0 hypothesis_id=hyp_4_destination_port_distribution_skew_reflects_attack_targeting round_id=round-001 step=2 task_id=task_3
[WORKER_STEP] task_id=task_3 step=3 mode=action_window attempt=0
[WORKER_STEP] task_id=task_2 step=2 mode=reasoning_only attempt=0 decision=continue actions=0
[WORKER] VALIDATION OK batch_id=phase3a_batch_0406073857_friday-workinghours-afternoon-ddos.pcap_iscx_ee0ef0 hypothesis_id=hyp_4_destination_port_distribution_skew_reflects_attack_targeting round_id=round-001 step=2 task_id=task_2
[WORKER_STEP] task_id=task_2 step=3 mode=action_window attempt=0
[WORKER_STEP] task_id=task_4 step=3 mode=action_window attempt=0 decision=action actions=1
[WORKER] VALIDATION OK batch_id=phase3a_batch_0406073857_friday-workinghours-afternoon-ddos.pcap_iscx_ee0ef0 hypothesis_id=hyp_4_destination_port_distribution_skew_reflects_attack_targeting round_id=round-001 step=3 task_id=task_4
[WORKER_STEP] task_id=task_4 step=5 mode=action_window attempt=0 decision=action actions=1
[WORKER] VALIDATION OK batch_id=phase3a_batch_0406073857_friday-workinghours-afternoon-ddos.pcap_iscx_ee0ef0 hypothesis_id=hyp_3_class_conditioned_structural_variation_in_packet_length_features round_id=round-001 step=5 task_id=task_4
[WORKER_STEP] task_id=task_4 step=6 mode=reasoning_only attempt=0
[WORKER_STEP] task_id=task_4 step=7 mode=action_window attempt=0 decision=action actions=1
[WORKER] VALIDATION OK batch_id=phase3a_batch_0406073857_friday-workinghours-afternoon-ddos.pcap_iscx_ee0ef0 hypothesis_id=hyp_8_low_cardinality_features_as_potential_shortcut_signals round_id=round-001 step=7 task_id=task_4
[WORKER_STEP] task_id=task_1 step=3 mode=action_window attempt=0 decision=action actions=1
[WORKER] VALIDATION OK batch_id=phase3a_batch_0406073857_friday-workinghours-afternoon-ddos.pcap_iscx_ee0ef0 hypothesis_id=hyp_4_destination_port_distribution_skew_reflects_attack_targeting round_id=round-001 step=3 task_id=task_1
[WORKER_STEP] task_id=task_2 step=4 mode=reasoning_only attempt=0
[WORKER_STEP] task_id=task_4 step=4 mode=reasoning_only attempt=0
[WORKER_STEP] task_id=task_1 step=4 mode=reasoning_only attempt=0
[WORKER_STEP] task_id=task_4 step=8 mode=final_synthesis attempt=0
[WORKER_STEP] task_id=task_1 step=6 mode=reasoning_only attempt=0 decision=continue actions=0
[WORKER] VALIDATION OK batch_id=phase3a_batch_0406073857_friday-workinghours-afternoon-ddos.pcap_iscx_ee0ef0 hypothesis_id=hyp_3_class_conditioned_structural_variation_in_packet_length_features round_id=round-001 step=6 task_id=task_1
[WORKER_STEP] task_id=task_1 step=7 mode=action_window attempt=0
[WORKER_STEP] task_id=task_3 step=6 mode=reasoning_only attempt=0 decision=continue actions=0
[WORKER] VALIDATION OK batch_id=phase3a_batch_0406073857_friday-workinghours-afternoon-ddos.pcap_iscx_ee0ef0 hypothesis_id=hyp_8_low_cardinality_features_as_potential_shortcut_signals round_id=round-001 step=6 task_id=task_3
[WORKER_STEP] task_id=task_3 step=7 mode=action_window attempt=0
[WORKER_STEP] task_id=task_3 step=3 mode=action_window attempt=0 decision=action actions=1
[WORKER] VALIDATION OK batch_id=phase3a_batch_0406073857_friday-workinghours-afternoon-ddos.pcap_iscx_ee0ef0 hypothesis_id=hyp_4_destination_port_distribution_skew_reflects_attack_targeting round_id=round-001 step=3 task_id=task_3
[WORKER_STEP] task_id=task_2 step=3 mode=action_window attempt=0 decision=action actions=1
[WORKER] VALIDATION OK batch_id=phase3a_batch_0406073857_friday-workinghours-afternoon-ddos.pcap_iscx_ee0ef0 hypothesis_id=hyp_4_destination_port_distribution_skew_reflects_attack_targeting round_id=round-001 step=3 task_id=task_2
[WORKER_STEP] task_id=task_3 step=4 mode=reasoning_only attempt=0
[WORKER_STEP] task_id=task_1 step=8 mode=final_synthesis attempt=0 decision=finish actions=0
[WORKER] VALIDATION OK batch_id=phase3a_batch_0406073857_friday-workinghours-afternoon-ddos.pcap_iscx_ee0ef0 hypothesis_id=hyp_8_low_cardinality_features_as_potential_shortcut_signals round_id=round-001 step=8 task_id=task_1
[WORKER] VALIDATION OK batch_id=phase3a_batch_0406073857_friday-workinghours-afternoon-ddos.pcap_iscx_ee0ef0 hypothesis_id=hyp_8_low_cardinality_features_as_potential_shortcut_signals round_id=round-001 task_id=task_1
[WORKER_STEP] task_id=task_4 step=6 mode=reasoning_only attempt=0 decision=continue actions=0
[WORKER] VALIDATION OK batch_id=phase3a_batch_0406073857_friday-workinghours-afternoon-ddos.pcap_iscx_ee0ef0 hypothesis_id=hyp_8_low_cardinality_features_as_potential_shortcut_signals round_id=round-001 task_id=task_1
[WORKER] VALIDATION OK batch_id=phase3a_batch_0406073857_friday-workinghours-afternoon-ddos.pcap_iscx_ee0ef0 hypothesis_id=hyp_3_class_conditioned_structural_variation_in_packet_length_features round_id=round-001 step=6 task_id=task_4
[WORKER] END (53.4s) batch_id=phase3a_batch_0406073857_friday-workinghours-afternoon-ddos.pcap_iscx_ee0ef0 hypothesis_id=hyp_8_low_cardinality_features_as_potential_shortcut_signals round_id=round-001 task_id=task_1
[WORKER_STEP] task_id=task_4 step=7 mode=action_window attempt=0
[WORKER_STEP] task_id=task_4 step=4 mode=reasoning_only attempt=0 decision=continue actions=0
[WORKER] VALIDATION OK batch_id=phase3a_batch_0406073857_friday-workinghours-afternoon-ddos.pcap_iscx_ee0ef0 hypothesis_id=hyp_4_destination_port_distribution_skew_reflects_attack_targeting round_id=round-001 step=4 task_id=task_4
[WORKER_STEP] task_id=task_4 step=5 mode=action_window attempt=0
[WORKER_STEP] task_id=task_2 step=4 mode=reasoning_only attempt=0 decision=continue actions=0
[WORKER] VALIDATION OK batch_id=phase3a_batch_0406073857_friday-workinghours-afternoon-ddos.pcap_iscx_ee0ef0 hypothesis_id=hyp_3_class_conditioned_structural_variation_in_packet_length_features round_id=round-001 step=4 task_id=task_2
[WORKER_STEP] task_id=task_2 step=5 mode=action_window attempt=0
[WORKER_STEP] task_id=task_1 step=4 mode=reasoning_only attempt=0 decision=continue actions=0
[WORKER] VALIDATION OK batch_id=phase3a_batch_0406073857_friday-workinghours-afternoon-ddos.pcap_iscx_ee0ef0 hypothesis_id=hyp_4_destination_port_distribution_skew_reflects_attack_targeting round_id=round-001 step=4 task_id=task_1
[WORKER_STEP] task_id=task_1 step=5 mode=action_window attempt=0
[WORKER_STEP] task_id=task_1 step=7 mode=action_window attempt=0 decision=action actions=1
[WORKER] VALIDATION OK batch_id=phase3a_batch_0406073857_friday-workinghours-afternoon-ddos.pcap_iscx_ee0ef0 hypothesis_id=hyp_3_class_conditioned_structural_variation_in_packet_length_features round_id=round-001 step=7 task_id=task_1
[WORKER_STEP] task_id=task_1 step=8 mode=final_synthesis attempt=0
[WORKER_STEP] task_id=task_3 step=7 mode=action_window attempt=0 decision=action actions=1
[WORKER] VALIDATION OK batch_id=phase3a_batch_0406073857_friday-workinghours-afternoon-ddos.pcap_iscx_ee0ef0 hypothesis_id=hyp_8_low_cardinality_features_as_potential_shortcut_signals round_id=round-001 step=7 task_id=task_3
[WORKER_STEP] task_id=task_4 step=7 mode=action_window attempt=0 decision=action actions=1
[WORKER] VALIDATION OK batch_id=phase3a_batch_0406073857_friday-workinghours-afternoon-ddos.pcap_iscx_ee0ef0 hypothesis_id=hyp_3_class_conditioned_structural_variation_in_packet_length_features round_id=round-001 step=7 task_id=task_4
[WORKER_STEP] task_id=task_4 step=8 mode=final_synthesis attempt=0
[WORKER_STEP] task_id=task_1 step=5 mode=action_window attempt=0 decision=continue actions=0
[WORKER] VALIDATION OK batch_id=phase3a_batch_0406073857_friday-workinghours-afternoon-ddos.pcap_iscx_ee0ef0 hypothesis_id=hyp_4_destination_port_distribution_skew_reflects_attack_targeting round_id=round-001 step=5 task_id=task_1
[WORKER_STEP] task_id=task_1 step=6 mode=reasoning_only attempt=0
[WORKER_STEP] task_id=task_4 step=5 mode=action_window attempt=0 decision=action actions=1
[WORKER] VALIDATION OK batch_id=phase3a_batch_0406073857_friday-workinghours-afternoon-ddos.pcap_iscx_ee0ef0 hypothesis_id=hyp_4_destination_port_distribution_skew_reflects_attack_targeting round_id=round-001 step=5 task_id=task_4
[WORKER_STEP] task_id=task_3 step=4 mode=reasoning_only attempt=0 decision=continue actions=0
[WORKER] VALIDATION OK batch_id=phase3a_batch_0406073857_friday-workinghours-afternoon-ddos.pcap_iscx_ee0ef0 hypothesis_id=hyp_4_destination_port_distribution_skew_reflects_attack_targeting round_id=round-001 step=4 task_id=task_3
[WORKER_STEP] task_id=task_3 step=5 mode=action_window attempt=0
[WORKER_STEP] task_id=task_4 step=6 mode=reasoning_only attempt=0
[WORKER_STEP] task_id=task_2 step=5 mode=action_window attempt=0 decision=action actions=1
[WORKER] VALIDATION OK batch_id=phase3a_batch_0406073857_friday-workinghours-afternoon-ddos.pcap_iscx_ee0ef0 hypothesis_id=hyp_3_class_conditioned_structural_variation_in_packet_length_features round_id=round-001 step=5 task_id=task_2
[WORKER_STEP] task_id=task_4 step=8 mode=final_synthesis attempt=0 decision=finish actions=0
[WORKER] VALIDATION OK batch_id=phase3a_batch_0406073857_friday-workinghours-afternoon-ddos.pcap_iscx_ee0ef0 hypothesis_id=hyp_8_low_cardinality_features_as_potential_shortcut_signals round_id=round-001 step=8 task_id=task_4
[WORKER] VALIDATION OK batch_id=phase3a_batch_0406073857_friday-workinghours-afternoon-ddos.pcap_iscx_ee0ef0 hypothesis_id=hyp_8_low_cardinality_features_as_potential_shortcut_signals round_id=round-001 task_id=task_4
[WORKER] VALIDATION OK batch_id=phase3a_batch_0406073857_friday-workinghours-afternoon-ddos.pcap_iscx_ee0ef0 hypothesis_id=hyp_8_low_cardinality_features_as_potential_shortcut_signals round_id=round-001 task_id=task_4
[WORKER] END (60.3s) batch_id=phase3a_batch_0406073857_friday-workinghours-afternoon-ddos.pcap_iscx_ee0ef0 hypothesis_id=hyp_8_low_cardinality_features_as_potential_shortcut_signals round_id=round-001 task_id=task_4
[WORKER_STEP] task_id=task_3 step=5 mode=action_window attempt=0 decision=continue actions=0
[WORKER] VALIDATION OK batch_id=phase3a_batch_0406073857_friday-workinghours-afternoon-ddos.pcap_iscx_ee0ef0 hypothesis_id=hyp_4_destination_port_distribution_skew_reflects_attack_targeting round_id=round-001 step=5 task_id=task_3
[WORKER_STEP] task_id=task_3 step=6 mode=reasoning_only attempt=0
[WORKER_STEP] task_id=task_4 step=6 mode=reasoning_only attempt=0 decision=continue actions=0
[WORKER] VALIDATION OK batch_id=phase3a_batch_0406073857_friday-workinghours-afternoon-ddos.pcap_iscx_ee0ef0 hypothesis_id=hyp_4_destination_port_distribution_skew_reflects_attack_targeting round_id=round-001 step=6 task_id=task_4
[WORKER_STEP] task_id=task_4 step=7 mode=action_window attempt=0
[WORKER_STEP] task_id=task_1 step=6 mode=reasoning_only attempt=0 decision=continue actions=0
[WORKER] VALIDATION OK batch_id=phase3a_batch_0406073857_friday-workinghours-afternoon-ddos.pcap_iscx_ee0ef0 hypothesis_id=hyp_4_destination_port_distribution_skew_reflects_attack_targeting round_id=round-001 step=6 task_id=task_1
[WORKER_STEP] task_id=task_1 step=7 mode=action_window attempt=0
[WORKER_STEP] task_id=task_2 step=4 mode=reasoning_only attempt=0
[WORKER_STEP] task_id=task_4 step=8 mode=final_synthesis attempt=0 decision=finish actions=0
[WORKER] VALIDATION OK batch_id=phase3a_batch_0406073857_friday-workinghours-afternoon-ddos.pcap_iscx_ee0ef0 hypothesis_id=hyp_3_class_conditioned_structural_variation_in_packet_length_features round_id=round-001 step=8 task_id=task_4
[WORKER] VALIDATION OK batch_id=phase3a_batch_0406073857_friday-workinghours-afternoon-ddos.pcap_iscx_ee0ef0 hypothesis_id=hyp_3_class_conditioned_structural_variation_in_packet_length_features round_id=round-001 task_id=task_4
[WORKER] VALIDATION OK batch_id=phase3a_batch_0406073857_friday-workinghours-afternoon-ddos.pcap_iscx_ee0ef0 hypothesis_id=hyp_3_class_conditioned_structural_variation_in_packet_length_features round_id=round-001 task_id=task_4
[WORKER] END (54.3s) batch_id=phase3a_batch_0406073857_friday-workinghours-afternoon-ddos.pcap_iscx_ee0ef0 hypothesis_id=hyp_3_class_conditioned_structural_variation_in_packet_length_features round_id=round-001 task_id=task_4
[WORKER_STEP] task_id=task_3 step=6 mode=reasoning_only attempt=0 decision=continue actions=0
[WORKER] VALIDATION OK batch_id=phase3a_batch_0406073857_friday-workinghours-afternoon-ddos.pcap_iscx_ee0ef0 hypothesis_id=hyp_4_destination_port_distribution_skew_reflects_attack_targeting round_id=round-001 step=6 task_id=task_3
[WORKER_STEP] task_id=task_3 step=7 mode=action_window attempt=0
[WORKER_STEP] task_id=task_4 step=7 mode=action_window attempt=0 decision=action actions=1
[WORKER] VALIDATION OK batch_id=phase3a_batch_0406073857_friday-workinghours-afternoon-ddos.pcap_iscx_ee0ef0 hypothesis_id=hyp_4_destination_port_distribution_skew_reflects_attack_targeting round_id=round-001 step=7 task_id=task_4
[WORKER_STEP] task_id=task_4 step=8 mode=final_synthesis attempt=0
[WORKER_STEP] task_id=task_1 step=7 mode=action_window attempt=0 decision=continue actions=0
[WORKER] VALIDATION OK batch_id=phase3a_batch_0406073857_friday-workinghours-afternoon-ddos.pcap_iscx_ee0ef0 hypothesis_id=hyp_4_destination_port_distribution_skew_reflects_attack_targeting round_id=round-001 step=7 task_id=task_1
[WORKER_STEP] task_id=task_1 step=8 mode=final_synthesis attempt=0
[WORKER_STEP] task_id=task_3 step=7 mode=action_window attempt=0 decision=continue actions=0
[WORKER] VALIDATION OK batch_id=phase3a_batch_0406073857_friday-workinghours-afternoon-ddos.pcap_iscx_ee0ef0 hypothesis_id=hyp_4_destination_port_distribution_skew_reflects_attack_targeting round_id=round-001 step=7 task_id=task_3
[WORKER_STEP] task_id=task_3 step=8 mode=final_synthesis attempt=0
[WORKER_STEP] task_id=task_3 step=8 mode=final_synthesis attempt=0
[WORKER_STEP] task_id=task_1 step=8 mode=final_synthesis attempt=0 decision=finish actions=0
[WORKER] VALIDATION OK batch_id=phase3a_batch_0406073857_friday-workinghours-afternoon-ddos.pcap_iscx_ee0ef0 hypothesis_id=hyp_3_class_conditioned_structural_variation_in_packet_length_features round_id=round-001 step=8 task_id=task_1
[WORKER] VALIDATION OK batch_id=phase3a_batch_0406073857_friday-workinghours-afternoon-ddos.pcap_iscx_ee0ef0 hypothesis_id=hyp_3_class_conditioned_structural_variation_in_packet_length_features round_id=round-001 task_id=task_1
[WORKER] VALIDATION OK batch_id=phase3a_batch_0406073857_friday-workinghours-afternoon-ddos.pcap_iscx_ee0ef0 hypothesis_id=hyp_3_class_conditioned_structural_variation_in_packet_length_features round_id=round-001 task_id=task_1
[WORKER] END (59.3s) batch_id=phase3a_batch_0406073857_friday-workinghours-afternoon-ddos.pcap_iscx_ee0ef0 hypothesis_id=hyp_3_class_conditioned_structural_variation_in_packet_length_features round_id=round-001 task_id=task_1
[WORKER_STEP] task_id=task_2 step=4 mode=reasoning_only attempt=0 decision=continue actions=0
[WORKER] VALIDATION OK batch_id=phase3a_batch_0406073857_friday-workinghours-afternoon-ddos.pcap_iscx_ee0ef0 hypothesis_id=hyp_4_destination_port_distribution_skew_reflects_attack_targeting round_id=round-001 step=4 task_id=task_2
[WORKER_STEP] task_id=task_2 step=5 mode=action_window attempt=0
[WORKER_STEP] task_id=task_4 step=8 mode=final_synthesis attempt=0 decision=finish actions=0
[WORKER] VALIDATION OK batch_id=phase3a_batch_0406073857_friday-workinghours-afternoon-ddos.pcap_iscx_ee0ef0 hypothesis_id=hyp_4_destination_port_distribution_skew_reflects_attack_targeting round_id=round-001 step=8 task_id=task_4
[WORKER] VALIDATION OK batch_id=phase3a_batch_0406073857_friday-workinghours-afternoon-ddos.pcap_iscx_ee0ef0 hypothesis_id=hyp_4_destination_port_distribution_skew_reflects_attack_targeting round_id=round-001 task_id=task_4
[WORKER] VALIDATION OK batch_id=phase3a_batch_0406073857_friday-workinghours-afternoon-ddos.pcap_iscx_ee0ef0 hypothesis_id=hyp_4_destination_port_distribution_skew_reflects_attack_targeting round_id=round-001 task_id=task_4
[WORKER] END (52.3s) batch_id=phase3a_batch_0406073857_friday-workinghours-afternoon-ddos.pcap_iscx_ee0ef0 hypothesis_id=hyp_4_destination_port_distribution_skew_reflects_attack_targeting round_id=round-001 task_id=task_4
[WORKER_STEP] task_id=task_1 step=8 mode=final_synthesis attempt=0 decision=finish actions=0
[WORKER] VALIDATION OK batch_id=phase3a_batch_0406073857_friday-workinghours-afternoon-ddos.pcap_iscx_ee0ef0 hypothesis_id=hyp_4_destination_port_distribution_skew_reflects_attack_targeting round_id=round-001 step=8 task_id=task_1
[WORKER] VALIDATION OK batch_id=phase3a_batch_0406073857_friday-workinghours-afternoon-ddos.pcap_iscx_ee0ef0 hypothesis_id=hyp_4_destination_port_distribution_skew_reflects_attack_targeting round_id=round-001 task_id=task_1
[WORKER] VALIDATION OK batch_id=phase3a_batch_0406073857_friday-workinghours-afternoon-ddos.pcap_iscx_ee0ef0 hypothesis_id=hyp_4_destination_port_distribution_skew_reflects_attack_targeting round_id=round-001 task_id=task_1
[WORKER] END (52.8s) batch_id=phase3a_batch_0406073857_friday-workinghours-afternoon-ddos.pcap_iscx_ee0ef0 hypothesis_id=hyp_4_destination_port_distribution_skew_reflects_attack_targeting round_id=round-001 task_id=task_1
[WORKER_STEP] task_id=task_2 step=5 mode=action_window attempt=0 decision=action actions=1
[WORKER_STEP] task_id=task_3 step=8 mode=final_synthesis attempt=0 decision=finish actions=0
[WORKER] VALIDATION OK batch_id=phase3a_batch_0406073857_friday-workinghours-afternoon-ddos.pcap_iscx_ee0ef0 hypothesis_id=hyp_4_destination_port_distribution_skew_reflects_attack_targeting round_id=round-001 step=5 task_id=task_2
[WORKER] VALIDATION OK batch_id=phase3a_batch_0406073857_friday-workinghours-afternoon-ddos.pcap_iscx_ee0ef0 hypothesis_id=hyp_4_destination_port_distribution_skew_reflects_attack_targeting round_id=round-001 step=8 task_id=task_3
[WORKER] VALIDATION OK batch_id=phase3a_batch_0406073857_friday-workinghours-afternoon-ddos.pcap_iscx_ee0ef0 hypothesis_id=hyp_4_destination_port_distribution_skew_reflects_attack_targeting round_id=round-001 task_id=task_3
[WORKER] VALIDATION OK batch_id=phase3a_batch_0406073857_friday-workinghours-afternoon-ddos.pcap_iscx_ee0ef0 hypothesis_id=hyp_4_destination_port_distribution_skew_reflects_attack_targeting round_id=round-001 task_id=task_3
[WORKER] END (53.5s) batch_id=phase3a_batch_0406073857_friday-workinghours-afternoon-ddos.pcap_iscx_ee0ef0 hypothesis_id=hyp_4_destination_port_distribution_skew_reflects_attack_targeting round_id=round-001 task_id=task_3
[WORKER_STEP] task_id=task_3 step=8 mode=final_synthesis attempt=0 decision=finish actions=0
[WORKER] VALIDATION OK batch_id=phase3a_batch_0406073857_friday-workinghours-afternoon-ddos.pcap_iscx_ee0ef0 hypothesis_id=hyp_8_low_cardinality_features_as_potential_shortcut_signals round_id=round-001 step=8 task_id=task_3
[WORKER] VALIDATION OK batch_id=phase3a_batch_0406073857_friday-workinghours-afternoon-ddos.pcap_iscx_ee0ef0 hypothesis_id=hyp_8_low_cardinality_features_as_potential_shortcut_signals round_id=round-001 task_id=task_3
[WORKER] VALIDATION OK batch_id=phase3a_batch_0406073857_friday-workinghours-afternoon-ddos.pcap_iscx_ee0ef0 hypothesis_id=hyp_8_low_cardinality_features_as_potential_shortcut_signals round_id=round-001 task_id=task_3
[WORKER] END (76.3s) batch_id=phase3a_batch_0406073857_friday-workinghours-afternoon-ddos.pcap_iscx_ee0ef0 hypothesis_id=hyp_8_low_cardinality_features_as_potential_shortcut_signals round_id=round-001 task_id=task_3
[WORKER_STEP] task_id=task_2 step=6 mode=reasoning_only attempt=0
[WORKER_STEP] task_id=task_2 step=6 mode=reasoning_only attempt=0 decision=continue actions=0
[WORKER] VALIDATION OK batch_id=phase3a_batch_0406073857_friday-workinghours-afternoon-ddos.pcap_iscx_ee0ef0 hypothesis_id=hyp_3_class_conditioned_structural_variation_in_packet_length_features round_id=round-001 step=6 task_id=task_2
[WORKER_STEP] task_id=task_2 step=7 mode=action_window attempt=0
[WORKER_STEP] task_id=task_2 step=7 mode=action_window attempt=0 decision=action actions=1
[WORKER] VALIDATION OK batch_id=phase3a_batch_0406073857_friday-workinghours-afternoon-ddos.pcap_iscx_ee0ef0 hypothesis_id=hyp_3_class_conditioned_structural_variation_in_packet_length_features round_id=round-001 step=7 task_id=task_2
[WORKER_STEP] task_id=task_2 step=8 mode=final_synthesis attempt=0
[WORKER_STEP] task_id=task_2 step=8 mode=final_synthesis attempt=0 decision=finish actions=0
[WORKER] VALIDATION OK batch_id=phase3a_batch_0406073857_friday-workinghours-afternoon-ddos.pcap_iscx_ee0ef0 hypothesis_id=hyp_3_class_conditioned_structural_variation_in_packet_length_features round_id=round-001 step=8 task_id=task_2
[WORKER] VALIDATION OK batch_id=phase3a_batch_0406073857_friday-workinghours-afternoon-ddos.pcap_iscx_ee0ef0 hypothesis_id=hyp_3_class_conditioned_structural_variation_in_packet_length_features round_id=round-001 task_id=task_2
[WORKER] VALIDATION OK batch_id=phase3a_batch_0406073857_friday-workinghours-afternoon-ddos.pcap_iscx_ee0ef0 hypothesis_id=hyp_3_class_conditioned_structural_variation_in_packet_length_features round_id=round-001 task_id=task_2
[WORKER] END (242.5s) batch_id=phase3a_batch_0406073857_friday-workinghours-afternoon-ddos.pcap_iscx_ee0ef0 hypothesis_id=hyp_3_class_conditioned_structural_variation_in_packet_length_features round_id=round-001 task_id=task_2
[WORKER_STEP] task_id=task_2 step=6 mode=reasoning_only attempt=0
[WORKER_STEP] task_id=task_2 step=6 mode=reasoning_only attempt=0 decision=continue actions=0
[WORKER] VALIDATION OK batch_id=phase3a_batch_0406073857_friday-workinghours-afternoon-ddos.pcap_iscx_ee0ef0 hypothesis_id=hyp_4_destination_port_distribution_skew_reflects_attack_targeting round_id=round-001 step=6 task_id=task_2
[WORKER_STEP] task_id=task_2 step=7 mode=action_window attempt=0
[WORKER_STEP] task_id=task_2 step=7 mode=action_window attempt=0 decision=continue actions=0
[WORKER] VALIDATION OK batch_id=phase3a_batch_0406073857_friday-workinghours-afternoon-ddos.pcap_iscx_ee0ef0 hypothesis_id=hyp_4_destination_port_distribution_skew_reflects_attack_targeting round_id=round-001 step=7 task_id=task_2
[WORKER_STEP] task_id=task_2 step=8 mode=final_synthesis attempt=0
[WORKER_STEP] task_id=task_2 step=8 mode=final_synthesis attempt=0 decision=finish actions=0
[WORKER] VALIDATION OK batch_id=phase3a_batch_0406073857_friday-workinghours-afternoon-ddos.pcap_iscx_ee0ef0 hypothesis_id=hyp_4_destination_port_distribution_skew_reflects_attack_targeting round_id=round-001 step=8 task_id=task_2
[WORKER] VALIDATION OK batch_id=phase3a_batch_0406073857_friday-workinghours-afternoon-ddos.pcap_iscx_ee0ef0 hypothesis_id=hyp_4_destination_port_distribution_skew_reflects_attack_targeting round_id=round-001 task_id=task_2
[WORKER] VALIDATION OK batch_id=phase3a_batch_0406073857_friday-workinghours-afternoon-ddos.pcap_iscx_ee0ef0 hypothesis_id=hyp_4_destination_port_distribution_skew_reflects_attack_targeting round_id=round-001 task_id=task_2
[WORKER] END (345.2s) batch_id=phase3a_batch_0406073857_friday-workinghours-afternoon-ddos.pcap_iscx_ee0ef0 hypothesis_id=hyp_4_destination_port_distribution_skew_reflects_attack_targeting round_id=round-001 task_id=task_2
[AGGREGATION] START batch_id=phase3a_batch_0406073857_friday-workinghours-afternoon-ddos.pcap_iscx_ee0ef0 hypothesis_id=hyp_4_destination_port_distribution_skew_reflects_attack_targeting round_id=round-001
[HYPOTHESIS_BARRIER] expected_tasks=4 completed_tasks=4 waiting_for=[] batch_id=phase3a_batch_0406073857_friday-workinghours-afternoon-ddos.pcap_iscx_ee0ef0 hypothesis_id=hyp_4_destination_port_distribution_skew_reflects_attack_targeting round_id=round-001
[AGGREGATION] VALIDATION OK batch_id=phase3a_batch_0406073857_friday-workinghours-afternoon-ddos.pcap_iscx_ee0ef0 hypothesis_id=hyp_4_destination_port_distribution_skew_reflects_attack_targeting round_id=round-001
[AGGREGATION] END (7.5s) batch_id=phase3a_batch_0406073857_friday-workinghours-afternoon-ddos.pcap_iscx_ee0ef0 hypothesis_id=hyp_4_destination_port_distribution_skew_reflects_attack_targeting round_id=round-001
[HYPOTHESIS] hypothesis_id=hyp_4_destination_port_distribution_skew_reflects_attack_targeting round_id=round-001 ALL WORKERS COMPLETE
[WORKER_STEP] task_id=task_2 step=6 mode=reasoning_only attempt=0
[WORKER_STEP] task_id=task_2 step=6 mode=reasoning_only attempt=0 decision=continue actions=0
[WORKER] VALIDATION OK batch_id=phase3a_batch_0406073857_friday-workinghours-afternoon-ddos.pcap_iscx_ee0ef0 hypothesis_id=hyp_8_low_cardinality_features_as_potential_shortcut_signals round_id=round-001 step=6 task_id=task_2
[WORKER_STEP] task_id=task_2 step=7 mode=action_window attempt=0
[WORKER_STEP] task_id=task_2 step=7 mode=action_window attempt=0 decision=action actions=1
[WORKER] VALIDATION OK batch_id=phase3a_batch_0406073857_friday-workinghours-afternoon-ddos.pcap_iscx_ee0ef0 hypothesis_id=hyp_8_low_cardinality_features_as_potential_shortcut_signals round_id=round-001 step=7 task_id=task_2
[WORKER_STEP] task_id=task_2 step=8 mode=final_synthesis attempt=0
[WORKER_STEP] task_id=task_2 step=8 mode=final_synthesis attempt=0 decision=finish actions=0
[WORKER] VALIDATION OK batch_id=phase3a_batch_0406073857_friday-workinghours-afternoon-ddos.pcap_iscx_ee0ef0 hypothesis_id=hyp_8_low_cardinality_features_as_potential_shortcut_signals round_id=round-001 step=8 task_id=task_2
[WORKER] VALIDATION OK batch_id=phase3a_batch_0406073857_friday-workinghours-afternoon-ddos.pcap_iscx_ee0ef0 hypothesis_id=hyp_8_low_cardinality_features_as_potential_shortcut_signals round_id=round-001 task_id=task_2
[WORKER] VALIDATION OK batch_id=phase3a_batch_0406073857_friday-workinghours-afternoon-ddos.pcap_iscx_ee0ef0 hypothesis_id=hyp_8_low_cardinality_features_as_potential_shortcut_signals round_id=round-001 task_id=task_2
[WORKER] END (775.5s) batch_id=phase3a_batch_0406073857_friday-workinghours-afternoon-ddos.pcap_iscx_ee0ef0 hypothesis_id=hyp_8_low_cardinality_features_as_potential_shortcut_signals round_id=round-001 task_id=task_2
[AGGREGATION] START batch_id=phase3a_batch_0406073857_friday-workinghours-afternoon-ddos.pcap_iscx_ee0ef0 hypothesis_id=hyp_8_low_cardinality_features_as_potential_shortcut_signals round_id=round-001
[HYPOTHESIS_BARRIER] expected_tasks=4 completed_tasks=4 waiting_for=[] batch_id=phase3a_batch_0406073857_friday-workinghours-afternoon-ddos.pcap_iscx_ee0ef0 hypothesis_id=hyp_8_low_cardinality_features_as_potential_shortcut_signals round_id=round-001
[AGGREGATION] VALIDATION FAILED batch_id=phase3a_batch_0406073857_friday-workinghours-afternoon-ddos.pcap_iscx_ee0ef0 hypothesis_id=hyp_8_low_cardinality_features_as_potential_shortcut_signals round_id=round-001
{
  "aggregation_handoff_validation": {
    "errors": [
      {
        "field": "preserved_contradictions",
        "message": "Unknown preserved_contradiction 'Tension between near-constant low cardinality features and other features showing class-conditioned structural variation remains unresolved locally.'.",
        "severity": "FATAL"
      }
    ],
    "forbidden_language_hits": [],
    "ok": false,
    "repair_attempts": [],
    "repairable": false,
    "repaired": false,
    "severity": "FATAL",
    "stats": {
      "evidence_ref_count": 12,
      "merged_finding_count": 4,
      "open_gap_count": 3,
      "preserved_contradiction_count": 3
    },
    "warnings": []
  },
  "authoritative": false,
  "initial_aggregation_handoff_validation": {
    "errors": [
      {
        "field": "preserved_contradictions",
        "message": "Unknown preserved_contradiction 'Tension between near-constant low cardinality features and other features showing class-conditioned structural variation remains unresolved locally.'.",
        "severity": "FATAL"
      }
    ],
    "forbidden_language_hits": [],
    "ok": false,
    "repair_attempts": [],
    "repairable": false,
    "repaired": false,
    "severity": "FATAL",
    "stats": {
      "evidence_ref_count": 12,
      "merged_finding_count": 4,
      "open_gap_count": 3,
      "preserved_contradiction_count": 3
    },
    "warnings": []
  },
  "ok": false,
  "parse_validation": {
    "errors": [],
    "ok": true,
    "warnings": []
  },
  "repair_attempts": [],
  "schema_version": "phase3a.aggregation.v1",
  "worker_result_set_validation": {
    "errors": [],
    "ok": true,
    "repairable": false,
    "repaired": false,
    "severity": "FATAL",
    "stats": {
      "contradiction_count": 4,
      "evidence_ref_count": 12,
      "limitation_count": 5,
      "non_success_count": 1,
      "worker_result_count": 4
    },
    "warnings": [
      {
        "field": "worker_results[2].status",
        "message": "worker_result status is 'inconclusive' and should remain visible downstream."
      }
    ]
  }
}
[AGGREGATION] END (7.2s) batch_id=phase3a_batch_0406073857_friday-workinghours-afternoon-ddos.pcap_iscx_ee0ef0 hypothesis_id=hyp_8_low_cardinality_features_as_potential_shortcut_signals round_id=round-001
[BATCH] EXCEPTION round_id=None hypothesis_id=None task_id=None
Traceback (most recent call last):
  File "C:\Users\Uni\Desktop\TFG\nids-smell-audit\phase3\phase3_runtime\orchestrator.py", line 343, in run_phase3a_batch
    round_result = execute_round(
        batch_id=normalized_batch_id,
    ...<20 lines>...
        analysis_mode=analysis_mode,
    )
  File "C:\Users\Uni\Desktop\TFG\nids-smell-audit\phase3\phase3_runtime\round_executor.py", line 616, in execute_round
    aggregation_result = aggregation_future.result()
  File "C:\Program Files\WindowsApps\PythonSoftwareFoundation.Python.3.13_3.13.3568.0_x64__qbz5n2kfra8p0\Lib\concurrent\futures\_base.py", line 456, in result
    return self.__get_result()
           ~~~~~~~~~~~~~~~~~^^
  File "C:\Program Files\WindowsApps\PythonSoftwareFoundation.Python.3.13_3.13.3568.0_x64__qbz5n2kfra8p0\Lib\concurrent\futures\_base.py", line 401, in __get_result
    raise self._exception
  File "C:\Program Files\WindowsApps\PythonSoftwareFoundation.Python.3.13_3.13.3568.0_x64__qbz5n2kfra8p0\Lib\concurrent\futures\thread.py", line 59, in run
    result = self.fn(*self.args, **self.kwargs)
  File "C:\Users\Uni\Desktop\TFG\nids-smell-audit\phase3\phase3_runtime\round_executor.py", line 247, in _await_workers_and_run_aggregation
    _require_component_ok(
    ~~~~~~~~~~~~~~~~~~~~~^
        "aggregation",
        ^^^^^^^^^^^^^^
    ...<4 lines>...
        ),
        ^^
    )
    ^
  File "C:\Users\Uni\Desktop\TFG\nids-smell-audit\phase3\phase3_runtime\round_executor.py", line 50, in _require_component_ok
    raise RuntimeError(
        f"{component_name} returned a non-authoritative bundle.")
RuntimeError: aggregation returned a non-authoritative bundle.
[BATCH] batch_id=phase3a_batch_0406073857_friday-workinghours-afternoon-ddos.pcap_iscx_ee0ef0 error=aggregation returned a non-authoritative bundle. FAILED
[BATCH] END (877.2s) batch_id=phase3a_batch_0406073857_friday-workinghours-afternoon-ddos.pcap_iscx_ee0ef0
