[BATCH] START batch_id=phase3a_batch_0406132627_friday-workinghours-afternoon-ddos.pcap_iscx_f0e355
[SEMANTIC_EXTRACTION] START batch_id=phase3a_batch_0406132627_friday-workinghours-afternoon-ddos.pcap_iscx_f0e355
[SEMANTIC_EXTRACTION] VALIDATION OK batch_id=phase3a_batch_0406132627_friday-workinghours-afternoon-ddos.pcap_iscx_f0e355
[SEMANTIC_EXTRACTION] END (49.2s) batch_id=phase3a_batch_0406132627_friday-workinghours-afternoon-ddos.pcap_iscx_f0e355
[SEMANTIC_HYPOTHESIS_GENERATION] START analysis_id=substrate_phase3a_batch_0406132627_friday-workinghours-afternoon-ddos.pcap_iscx_f0e355 batch_id=phase3a_batch_0406132627_friday-workinghours-afternoon-ddos.pcap_iscx_f0e355
[SEMANTIC_HYPOTHESIS_GENERATION] VALIDATION OK analysis_id=substrate_phase3a_batch_0406132627_friday-workinghours-afternoon-ddos.pcap_iscx_f0e355 batch_id=phase3a_batch_0406132627_friday-workinghours-afternoon-ddos.pcap_iscx_f0e355
[SEMANTIC_HYPOTHESIS_GENERATION] END (17.7s) analysis_id=substrate_phase3a_batch_0406132627_friday-workinghours-afternoon-ddos.pcap_iscx_f0e355 batch_id=phase3a_batch_0406132627_friday-workinghours-afternoon-ddos.pcap_iscx_f0e355
[ROUND] START batch_id=phase3a_batch_0406132627_friday-workinghours-afternoon-ddos.pcap_iscx_f0e355 round_id=round-001
[HYPOTHESIS_RANKING] START batch_id=phase3a_batch_0406132627_friday-workinghours-afternoon-ddos.pcap_iscx_f0e355 round_id=round-001
[HYPOTHESIS_RANKING] VALIDATION OK analysis_id=analysis_phase3a_0406132627 batch_id=phase3a_batch_0406132627_friday-workinghours-afternoon-ddos.pcap_iscx_f0e355 round_id=round-001
[HYPOTHESIS_RANKING] END (5.8s) analysis_id=analysis_phase3a_0406132627 batch_id=phase3a_batch_0406132627_friday-workinghours-afternoon-ddos.pcap_iscx_f0e355 round_id=round-001
[PLANNER] START batch_id=phase3a_batch_0406132627_friday-workinghours-afternoon-ddos.pcap_iscx_f0e355 round_id=round-001
[PLANNER] VALIDATION OK batch_id=phase3a_batch_0406132627_friday-workinghours-afternoon-ddos.pcap_iscx_f0e355 round_id=round-001
[PLANNER] END (7.0s) batch_id=phase3a_batch_0406132627_friday-workinghours-afternoon-ddos.pcap_iscx_f0e355 round_id=round-001
[ROUTER] START batch_id=phase3a_batch_0406132627_friday-workinghours-afternoon-ddos.pcap_iscx_f0e355 hypothesis_id=hyp_5_strong_linear_dependencies round_id=round-001
[ROUTER] hypothesis_id=hyp_5_strong_linear_dependencies GENERATED 4 TASKS
[ROUTER] VALIDATION OK batch_id=phase3a_batch_0406132627_friday-workinghours-afternoon-ddos.pcap_iscx_f0e355 hypothesis_id=hyp_5_strong_linear_dependencies round_id=round-001
[ROUTER] END (7.9s) batch_id=phase3a_batch_0406132627_friday-workinghours-afternoon-ddos.pcap_iscx_f0e355 hypothesis_id=hyp_5_strong_linear_dependencies round_id=round-001
[WORKER] START batch_id=phase3a_batch_0406132627_friday-workinghours-afternoon-ddos.pcap_iscx_f0e355 hypothesis_id=hyp_5_strong_linear_dependencies round_id=round-001 task_id=task_1
[WORKER] START batch_id=phase3a_batch_0406132627_friday-workinghours-afternoon-ddos.pcap_iscx_f0e355 hypothesis_id=hyp_5_strong_linear_dependencies round_id=round-001 task_id=task_2
[WORKER] START batch_id=phase3a_batch_0406132627_friday-workinghours-afternoon-ddos.pcap_iscx_f0e355 hypothesis_id=hyp_5_strong_linear_dependencies round_id=round-001 task_id=task_3
[WORKER] START batch_id=phase3a_batch_0406132627_friday-workinghours-afternoon-ddos.pcap_iscx_f0e355 hypothesis_id=hyp_5_strong_linear_dependencies round_id=round-001 task_id=task_4
[HYPOTHESIS] hypothesis_id=hyp_5_strong_linear_dependencies round_id=round-001 WAITING FOR 4 WORKERS
[ROUTER] START batch_id=phase3a_batch_0406132627_friday-workinghours-afternoon-ddos.pcap_iscx_f0e355 hypothesis_id=hyp_8_class_conditioned_distribution_destination_port round_id=round-001
[HYPOTHESIS_AGGREGATOR_BARRIER] expected_tasks=4 completed_tasks=0 waiting_for=['task_1', 'task_2', 'task_3', 'task_4'] batch_id=phase3a_batch_0406132627_friday-workinghours-afternoon-ddos.pcap_iscx_f0e355 hypothesis_id=hyp_5_strong_linear_dependencies round_id=round-001
[ROUTER] hypothesis_id=hyp_8_class_conditioned_distribution_destination_port GENERATED 4 TASKS
[ROUTER] VALIDATION OK batch_id=phase3a_batch_0406132627_friday-workinghours-afternoon-ddos.pcap_iscx_f0e355 hypothesis_id=hyp_8_class_conditioned_distribution_destination_port round_id=round-001
[ROUTER] END (6.5s) batch_id=phase3a_batch_0406132627_friday-workinghours-afternoon-ddos.pcap_iscx_f0e355 hypothesis_id=hyp_8_class_conditioned_distribution_destination_port round_id=round-001
[WORKER] START batch_id=phase3a_batch_0406132627_friday-workinghours-afternoon-ddos.pcap_iscx_f0e355 hypothesis_id=hyp_8_class_conditioned_distribution_destination_port round_id=round-001 task_id=task_1
[WORKER] START batch_id=phase3a_batch_0406132627_friday-workinghours-afternoon-ddos.pcap_iscx_f0e355 hypothesis_id=hyp_8_class_conditioned_distribution_destination_port round_id=round-001 task_id=task_2
[WORKER] START batch_id=phase3a_batch_0406132627_friday-workinghours-afternoon-ddos.pcap_iscx_f0e355 hypothesis_id=hyp_8_class_conditioned_distribution_destination_port round_id=round-001 task_id=task_3
[WORKER] START batch_id=phase3a_batch_0406132627_friday-workinghours-afternoon-ddos.pcap_iscx_f0e355 hypothesis_id=hyp_8_class_conditioned_distribution_destination_port round_id=round-001 task_id=task_4
[HYPOTHESIS] hypothesis_id=hyp_8_class_conditioned_distribution_destination_port round_id=round-001 WAITING FOR 4 WORKERS
[ROUTER] START batch_id=phase3a_batch_0406132627_friday-workinghours-afternoon-ddos.pcap_iscx_f0e355 hypothesis_id=hyp_6_class_conditioned_variation_backward_packet_lengths round_id=round-001
[HYPOTHESIS_AGGREGATOR_BARRIER] expected_tasks=4 completed_tasks=0 waiting_for=['task_1', 'task_2', 'task_3', 'task_4'] batch_id=phase3a_batch_0406132627_friday-workinghours-afternoon-ddos.pcap_iscx_f0e355 hypothesis_id=hyp_8_class_conditioned_distribution_destination_port round_id=round-001
[WORKER_STEP] task_id=task_4 step=1 mode=reasoning_only attempt=0
[WORKER_STEP] task_id=task_2 step=1 mode=reasoning_only attempt=0
[WORKER_STEP] task_id=task_1 step=1 mode=reasoning_only attempt=0
[WORKER_STEP] task_id=task_3 step=1 mode=reasoning_only attempt=0
[ROUTER] hypothesis_id=hyp_6_class_conditioned_variation_backward_packet_lengths GENERATED 4 TASKS
[ROUTER] VALIDATION OK batch_id=phase3a_batch_0406132627_friday-workinghours-afternoon-ddos.pcap_iscx_f0e355 hypothesis_id=hyp_6_class_conditioned_variation_backward_packet_lengths round_id=round-001
[ROUTER] END (12.6s) batch_id=phase3a_batch_0406132627_friday-workinghours-afternoon-ddos.pcap_iscx_f0e355 hypothesis_id=hyp_6_class_conditioned_variation_backward_packet_lengths round_id=round-001
[WORKER] START batch_id=phase3a_batch_0406132627_friday-workinghours-afternoon-ddos.pcap_iscx_f0e355 hypothesis_id=hyp_6_class_conditioned_variation_backward_packet_lengths round_id=round-001 task_id=task_1
[WORKER] START batch_id=phase3a_batch_0406132627_friday-workinghours-afternoon-ddos.pcap_iscx_f0e355 hypothesis_id=hyp_6_class_conditioned_variation_backward_packet_lengths round_id=round-001 task_id=task_2
[WORKER] START batch_id=phase3a_batch_0406132627_friday-workinghours-afternoon-ddos.pcap_iscx_f0e355 hypothesis_id=hyp_6_class_conditioned_variation_backward_packet_lengths round_id=round-001 task_id=task_3
[WORKER] START batch_id=phase3a_batch_0406132627_friday-workinghours-afternoon-ddos.pcap_iscx_f0e355 hypothesis_id=hyp_6_class_conditioned_variation_backward_packet_lengths round_id=round-001 task_id=task_4
[HYPOTHESIS] hypothesis_id=hyp_6_class_conditioned_variation_backward_packet_lengths round_id=round-001 WAITING FOR 4 WORKERS
[ROUND_BARRIER] expected_tasks=3 completed_tasks=0 waiting_for=['hyp_5_strong_linear_dependencies', 'hyp_8_class_conditioned_distribution_destination_port', 'hyp_6_class_conditioned_variation_backward_packet_lengths'] batch_id=phase3a_batch_0406132627_friday-workinghours-afternoon-ddos.pcap_iscx_f0e355 round_id=round-001
[HYPOTHESIS_AGGREGATOR_BARRIER] expected_tasks=4 completed_tasks=0 waiting_for=['task_1', 'task_2', 'task_3', 'task_4'] batch_id=phase3a_batch_0406132627_friday-workinghours-afternoon-ddos.pcap_iscx_f0e355 hypothesis_id=hyp_6_class_conditioned_variation_backward_packet_lengths round_id=round-001
[ROUND] batch_id=phase3a_batch_0406132627_friday-workinghours-afternoon-ddos.pcap_iscx_f0e355 round_id=round-001 WAITING FOR 3 HYPOTHESIS AGGREGATIONS
[WORKER_STEP] task_id=task_3 step=1 mode=reasoning_only attempt=0 decision=continue actions=0
[WORKER] VALIDATION OK batch_id=phase3a_batch_0406132627_friday-workinghours-afternoon-ddos.pcap_iscx_f0e355 hypothesis_id=hyp_5_strong_linear_dependencies round_id=round-001 step=1 task_id=task_3
[WORKER_STEP] task_id=task_3 step=2 mode=reasoning_only attempt=0
[WORKER_STEP] task_id=task_4 step=1 mode=reasoning_only attempt=0 decision=continue actions=0
[WORKER] VALIDATION OK batch_id=phase3a_batch_0406132627_friday-workinghours-afternoon-ddos.pcap_iscx_f0e355 hypothesis_id=hyp_5_strong_linear_dependencies round_id=round-001 step=1 task_id=task_4
[WORKER_STEP] task_id=task_4 step=2 mode=reasoning_only attempt=0
[WORKER_STEP] task_id=task_1 step=1 mode=reasoning_only attempt=0 decision=continue actions=0
[WORKER] VALIDATION OK batch_id=phase3a_batch_0406132627_friday-workinghours-afternoon-ddos.pcap_iscx_f0e355 hypothesis_id=hyp_5_strong_linear_dependencies round_id=round-001 step=1 task_id=task_1
[WORKER_STEP] task_id=task_1 step=2 mode=reasoning_only attempt=0
[WORKER_STEP] task_id=task_2 step=1 mode=reasoning_only attempt=0 decision=continue actions=0
[WORKER] VALIDATION OK batch_id=phase3a_batch_0406132627_friday-workinghours-afternoon-ddos.pcap_iscx_f0e355 hypothesis_id=hyp_5_strong_linear_dependencies round_id=round-001 step=1 task_id=task_2
[WORKER_STEP] task_id=task_1 step=1 mode=reasoning_only attempt=0
[WORKER_STEP] task_id=task_2 step=2 mode=reasoning_only attempt=0
[WORKER_STEP] task_id=task_3 step=1 mode=reasoning_only attempt=0
[WORKER_STEP] task_id=task_2 step=1 mode=reasoning_only attempt=0
[WORKER_STEP] task_id=task_4 step=1 mode=reasoning_only attempt=0
[WORKER_STEP] task_id=task_4 step=2 mode=reasoning_only attempt=0 decision=continue actions=0
[WORKER] VALIDATION OK batch_id=phase3a_batch_0406132627_friday-workinghours-afternoon-ddos.pcap_iscx_f0e355 hypothesis_id=hyp_5_strong_linear_dependencies round_id=round-001 step=2 task_id=task_4
[WORKER_STEP] task_id=task_4 step=3 mode=action_window attempt=0
[WORKER_STEP] task_id=task_3 step=2 mode=reasoning_only attempt=0 decision=continue actions=0
[WORKER] VALIDATION OK batch_id=phase3a_batch_0406132627_friday-workinghours-afternoon-ddos.pcap_iscx_f0e355 hypothesis_id=hyp_5_strong_linear_dependencies round_id=round-001 step=2 task_id=task_3
[WORKER_STEP] task_id=task_3 step=3 mode=action_window attempt=0
[WORKER_STEP] task_id=task_1 step=1 mode=reasoning_only attempt=0 decision=continue actions=0
[WORKER] VALIDATION OK batch_id=phase3a_batch_0406132627_friday-workinghours-afternoon-ddos.pcap_iscx_f0e355 hypothesis_id=hyp_8_class_conditioned_distribution_destination_port round_id=round-001 step=1 task_id=task_1
[WORKER_STEP] task_id=task_1 step=2 mode=reasoning_only attempt=0
[WORKER_STEP] task_id=task_2 step=2 mode=reasoning_only attempt=0 decision=continue actions=0
[WORKER] VALIDATION OK batch_id=phase3a_batch_0406132627_friday-workinghours-afternoon-ddos.pcap_iscx_f0e355 hypothesis_id=hyp_5_strong_linear_dependencies round_id=round-001 step=2 task_id=task_2
[WORKER_STEP] task_id=task_2 step=3 mode=action_window attempt=0
[WORKER_STEP] task_id=task_1 step=2 mode=reasoning_only attempt=0 decision=continue actions=0
[WORKER_STEP] task_id=task_2 step=1 mode=reasoning_only attempt=0 decision=continue actions=0
[WORKER] VALIDATION OK batch_id=phase3a_batch_0406132627_friday-workinghours-afternoon-ddos.pcap_iscx_f0e355 hypothesis_id=hyp_5_strong_linear_dependencies round_id=round-001 step=2 task_id=task_1
[WORKER] VALIDATION OK batch_id=phase3a_batch_0406132627_friday-workinghours-afternoon-ddos.pcap_iscx_f0e355 hypothesis_id=hyp_8_class_conditioned_distribution_destination_port round_id=round-001 step=1 task_id=task_2
[WORKER_STEP] task_id=task_1 step=3 mode=action_window attempt=0
[WORKER_STEP] task_id=task_2 step=2 mode=reasoning_only attempt=0
[WORKER_STEP] task_id=task_3 step=1 mode=reasoning_only attempt=0 decision=continue actions=0
[WORKER] VALIDATION OK batch_id=phase3a_batch_0406132627_friday-workinghours-afternoon-ddos.pcap_iscx_f0e355 hypothesis_id=hyp_8_class_conditioned_distribution_destination_port round_id=round-001 step=1 task_id=task_3
[WORKER_STEP] task_id=task_3 step=2 mode=reasoning_only attempt=0
[WORKER_STEP] task_id=task_3 step=3 mode=action_window attempt=0 decision=action actions=1
[WORKER] VALIDATION OK batch_id=phase3a_batch_0406132627_friday-workinghours-afternoon-ddos.pcap_iscx_f0e355 hypothesis_id=hyp_5_strong_linear_dependencies round_id=round-001 step=3 task_id=task_3
[WORKER_STEP] task_id=task_1 step=2 mode=reasoning_only attempt=0 decision=continue actions=0
[WORKER] VALIDATION OK batch_id=phase3a_batch_0406132627_friday-workinghours-afternoon-ddos.pcap_iscx_f0e355 hypothesis_id=hyp_8_class_conditioned_distribution_destination_port round_id=round-001 step=2 task_id=task_1
[WORKER_STEP] task_id=task_1 step=3 mode=action_window attempt=0
[WORKER_STEP] task_id=task_4 step=1 mode=reasoning_only attempt=0 decision=continue actions=0
[WORKER] VALIDATION OK batch_id=phase3a_batch_0406132627_friday-workinghours-afternoon-ddos.pcap_iscx_f0e355 hypothesis_id=hyp_8_class_conditioned_distribution_destination_port round_id=round-001 step=1 task_id=task_4
[WORKER_STEP] task_id=task_4 step=2 mode=reasoning_only attempt=0
[WORKER_STEP] task_id=task_2 step=3 mode=action_window attempt=0 decision=action actions=1
[WORKER] VALIDATION OK batch_id=phase3a_batch_0406132627_friday-workinghours-afternoon-ddos.pcap_iscx_f0e355 hypothesis_id=hyp_5_strong_linear_dependencies round_id=round-001 step=3 task_id=task_2
[WORKER_STEP] task_id=task_4 step=3 mode=action_window attempt=0 decision=action actions=1
[WORKER] VALIDATION OK batch_id=phase3a_batch_0406132627_friday-workinghours-afternoon-ddos.pcap_iscx_f0e355 hypothesis_id=hyp_5_strong_linear_dependencies round_id=round-001 step=3 task_id=task_4
[WORKER_STEP] task_id=task_2 step=2 mode=reasoning_only attempt=0 decision=continue actions=0
[WORKER] VALIDATION OK batch_id=phase3a_batch_0406132627_friday-workinghours-afternoon-ddos.pcap_iscx_f0e355 hypothesis_id=hyp_8_class_conditioned_distribution_destination_port round_id=round-001 step=2 task_id=task_2
[WORKER_STEP] task_id=task_2 step=3 mode=action_window attempt=0
[WORKER_STEP] task_id=task_3 step=4 mode=reasoning_only attempt=0
[WORKER_STEP] task_id=task_1 step=3 mode=action_window attempt=0 decision=action actions=1
[WORKER] VALIDATION OK batch_id=phase3a_batch_0406132627_friday-workinghours-afternoon-ddos.pcap_iscx_f0e355 hypothesis_id=hyp_5_strong_linear_dependencies round_id=round-001 step=3 task_id=task_1
[WORKER_STEP] task_id=task_3 step=2 mode=reasoning_only attempt=0 decision=continue actions=0
[WORKER] VALIDATION OK batch_id=phase3a_batch_0406132627_friday-workinghours-afternoon-ddos.pcap_iscx_f0e355 hypothesis_id=hyp_8_class_conditioned_distribution_destination_port round_id=round-001 step=2 task_id=task_3
[WORKER_STEP] task_id=task_3 step=3 mode=action_window attempt=0
[WORKER_STEP] task_id=task_1 step=3 mode=action_window attempt=0 decision=action actions=1
[WORKER] VALIDATION OK batch_id=phase3a_batch_0406132627_friday-workinghours-afternoon-ddos.pcap_iscx_f0e355 hypothesis_id=hyp_8_class_conditioned_distribution_destination_port round_id=round-001 step=3 task_id=task_1
[WORKER_STEP] task_id=task_4 step=1 mode=reasoning_only attempt=0
[WORKER_STEP] task_id=task_1 step=1 mode=reasoning_only attempt=0
[WORKER_STEP] task_id=task_1 step=4 mode=reasoning_only attempt=0
[WORKER_STEP] task_id=task_2 step=3 mode=action_window attempt=0 decision=action actions=1
[WORKER] VALIDATION OK batch_id=phase3a_batch_0406132627_friday-workinghours-afternoon-ddos.pcap_iscx_f0e355 hypothesis_id=hyp_8_class_conditioned_distribution_destination_port round_id=round-001 step=3 task_id=task_2
[WORKER_STEP] task_id=task_3 step=4 mode=reasoning_only attempt=0 decision=continue actions=0
[WORKER] VALIDATION OK batch_id=phase3a_batch_0406132627_friday-workinghours-afternoon-ddos.pcap_iscx_f0e355 hypothesis_id=hyp_5_strong_linear_dependencies round_id=round-001 step=4 task_id=task_3
[WORKER_STEP] task_id=task_3 step=5 mode=action_window attempt=0
[WORKER_STEP] task_id=task_3 step=3 mode=action_window attempt=0 decision=action actions=1
[WORKER] VALIDATION OK batch_id=phase3a_batch_0406132627_friday-workinghours-afternoon-ddos.pcap_iscx_f0e355 hypothesis_id=hyp_8_class_conditioned_distribution_destination_port round_id=round-001 step=3 task_id=task_3
[WORKER_STEP] task_id=task_4 step=2 mode=reasoning_only attempt=0 decision=continue actions=0
[WORKER] VALIDATION OK batch_id=phase3a_batch_0406132627_friday-workinghours-afternoon-ddos.pcap_iscx_f0e355 hypothesis_id=hyp_8_class_conditioned_distribution_destination_port round_id=round-001 step=2 task_id=task_4
[WORKER_STEP] task_id=task_4 step=3 mode=action_window attempt=0
[WORKER_STEP] task_id=task_1 step=1 mode=reasoning_only attempt=0 decision=continue actions=0
[WORKER] VALIDATION OK batch_id=phase3a_batch_0406132627_friday-workinghours-afternoon-ddos.pcap_iscx_f0e355 hypothesis_id=hyp_6_class_conditioned_variation_backward_packet_lengths round_id=round-001 step=1 task_id=task_1
[WORKER_STEP] task_id=task_1 step=2 mode=reasoning_only attempt=0
[WORKER_STEP] task_id=task_2 step=4 mode=reasoning_only attempt=0
[WORKER_STEP] task_id=task_4 step=1 mode=reasoning_only attempt=0 decision=continue actions=0
[WORKER] VALIDATION OK batch_id=phase3a_batch_0406132627_friday-workinghours-afternoon-ddos.pcap_iscx_f0e355 hypothesis_id=hyp_6_class_conditioned_variation_backward_packet_lengths round_id=round-001 step=1 task_id=task_4
[WORKER_STEP] task_id=task_4 step=2 mode=reasoning_only attempt=0
[WORKER_STEP] task_id=task_1 step=4 mode=reasoning_only attempt=0 decision=continue actions=0
[WORKER] VALIDATION OK batch_id=phase3a_batch_0406132627_friday-workinghours-afternoon-ddos.pcap_iscx_f0e355 hypothesis_id=hyp_8_class_conditioned_distribution_destination_port round_id=round-001 step=4 task_id=task_1
[WORKER_STEP] task_id=task_1 step=5 mode=action_window attempt=0
[WORKER_STEP] task_id=task_3 step=4 mode=reasoning_only attempt=0
[WORKER_STEP] task_id=task_4 step=3 mode=action_window attempt=0 decision=action actions=1
[WORKER_STEP] task_id=task_1 step=2 mode=reasoning_only attempt=0 decision=continue actions=0
[WORKER_STEP] task_id=task_2 step=4 mode=reasoning_only attempt=0 decision=continue actions=0
[WORKER] VALIDATION OK batch_id=phase3a_batch_0406132627_friday-workinghours-afternoon-ddos.pcap_iscx_f0e355 hypothesis_id=hyp_8_class_conditioned_distribution_destination_port round_id=round-001 step=3 task_id=task_4
[WORKER] VALIDATION OK batch_id=phase3a_batch_0406132627_friday-workinghours-afternoon-ddos.pcap_iscx_f0e355 hypothesis_id=hyp_6_class_conditioned_variation_backward_packet_lengths round_id=round-001 step=2 task_id=task_1
[WORKER] VALIDATION OK batch_id=phase3a_batch_0406132627_friday-workinghours-afternoon-ddos.pcap_iscx_f0e355 hypothesis_id=hyp_8_class_conditioned_distribution_destination_port round_id=round-001 step=4 task_id=task_2
[WORKER_STEP] task_id=task_1 step=3 mode=action_window attempt=0
[WORKER_STEP] task_id=task_2 step=5 mode=action_window attempt=0
[WORKER_STEP] task_id=task_3 step=5 mode=action_window attempt=0 decision=action actions=1
[WORKER] VALIDATION OK batch_id=phase3a_batch_0406132627_friday-workinghours-afternoon-ddos.pcap_iscx_f0e355 hypothesis_id=hyp_5_strong_linear_dependencies round_id=round-001 step=5 task_id=task_3
[WORKER_STEP] task_id=task_1 step=5 mode=action_window attempt=0 decision=continue actions=0
[WORKER_STEP] task_id=task_4 step=2 mode=reasoning_only attempt=0 decision=continue actions=0
[WORKER] VALIDATION OK batch_id=phase3a_batch_0406132627_friday-workinghours-afternoon-ddos.pcap_iscx_f0e355 hypothesis_id=hyp_8_class_conditioned_distribution_destination_port round_id=round-001 step=5 task_id=task_1
[WORKER] VALIDATION OK batch_id=phase3a_batch_0406132627_friday-workinghours-afternoon-ddos.pcap_iscx_f0e355 hypothesis_id=hyp_6_class_conditioned_variation_backward_packet_lengths round_id=round-001 step=2 task_id=task_4
[WORKER_STEP] task_id=task_1 step=6 mode=reasoning_only attempt=0
[WORKER_STEP] task_id=task_4 step=3 mode=action_window attempt=0
[WORKER_STEP] task_id=task_3 step=4 mode=reasoning_only attempt=0 decision=continue actions=0
[WORKER] VALIDATION OK batch_id=phase3a_batch_0406132627_friday-workinghours-afternoon-ddos.pcap_iscx_f0e355 hypothesis_id=hyp_8_class_conditioned_distribution_destination_port round_id=round-001 step=4 task_id=task_3
[WORKER_STEP] task_id=task_3 step=5 mode=action_window attempt=0
[WORKER_STEP] task_id=task_2 step=5 mode=action_window attempt=0 decision=continue actions=0
[WORKER_STEP] task_id=task_1 step=3 mode=action_window attempt=0 decision=action actions=1
[WORKER] VALIDATION OK batch_id=phase3a_batch_0406132627_friday-workinghours-afternoon-ddos.pcap_iscx_f0e355 hypothesis_id=hyp_8_class_conditioned_distribution_destination_port round_id=round-001 step=5 task_id=task_2
[WORKER] VALIDATION OK batch_id=phase3a_batch_0406132627_friday-workinghours-afternoon-ddos.pcap_iscx_f0e355 hypothesis_id=hyp_6_class_conditioned_variation_backward_packet_lengths round_id=round-001 step=3 task_id=task_1
[WORKER_STEP] task_id=task_2 step=6 mode=reasoning_only attempt=0
[WORKER_STEP] task_id=task_2 step=1 mode=reasoning_only attempt=0
[WORKER_STEP] task_id=task_4 step=3 mode=action_window attempt=0 decision=action actions=1
[WORKER_STEP] task_id=task_3 step=5 mode=action_window attempt=0 decision=action actions=1
[WORKER_STEP] task_id=task_1 step=6 mode=reasoning_only attempt=0 decision=continue actions=0
[WORKER] VALIDATION OK batch_id=phase3a_batch_0406132627_friday-workinghours-afternoon-ddos.pcap_iscx_f0e355 hypothesis_id=hyp_6_class_conditioned_variation_backward_packet_lengths round_id=round-001 step=3 task_id=task_4
[WORKER] VALIDATION OK batch_id=phase3a_batch_0406132627_friday-workinghours-afternoon-ddos.pcap_iscx_f0e355 hypothesis_id=hyp_8_class_conditioned_distribution_destination_port round_id=round-001 step=5 task_id=task_3
[WORKER] VALIDATION OK batch_id=phase3a_batch_0406132627_friday-workinghours-afternoon-ddos.pcap_iscx_f0e355 hypothesis_id=hyp_8_class_conditioned_distribution_destination_port round_id=round-001 step=6 task_id=task_1
[WORKER_STEP] task_id=task_1 step=7 mode=action_window attempt=0
[WORKER_STEP] task_id=task_3 step=1 mode=reasoning_only attempt=0
[WORKER_STEP] task_id=task_2 step=6 mode=reasoning_only attempt=0 decision=continue actions=0
[WORKER] VALIDATION OK batch_id=phase3a_batch_0406132627_friday-workinghours-afternoon-ddos.pcap_iscx_f0e355 hypothesis_id=hyp_8_class_conditioned_distribution_destination_port round_id=round-001 step=6 task_id=task_2
[WORKER_STEP] task_id=task_2 step=7 mode=action_window attempt=0
[WORKER_STEP] task_id=task_1 step=7 mode=action_window attempt=0 decision=continue actions=0
[WORKER] VALIDATION OK batch_id=phase3a_batch_0406132627_friday-workinghours-afternoon-ddos.pcap_iscx_f0e355 hypothesis_id=hyp_8_class_conditioned_distribution_destination_port round_id=round-001 step=7 task_id=task_1
[WORKER_STEP] task_id=task_1 step=8 mode=final_synthesis attempt=0
[WORKER_STEP] task_id=task_1 step=4 mode=reasoning_only attempt=0
[WORKER_STEP] task_id=task_3 step=6 mode=reasoning_only attempt=0
[WORKER_STEP] task_id=task_2 step=4 mode=reasoning_only attempt=0
[WORKER_STEP] task_id=task_4 step=4 mode=reasoning_only attempt=0
[WORKER_STEP] task_id=task_2 step=1 mode=reasoning_only attempt=0 decision=continue actions=0
[WORKER] VALIDATION OK batch_id=phase3a_batch_0406132627_friday-workinghours-afternoon-ddos.pcap_iscx_f0e355 hypothesis_id=hyp_6_class_conditioned_variation_backward_packet_lengths round_id=round-001 step=1 task_id=task_2
[WORKER_STEP] task_id=task_2 step=2 mode=reasoning_only attempt=0
[WORKER_STEP] task_id=task_1 step=4 mode=reasoning_only attempt=0
[WORKER_STEP] task_id=task_3 step=1 mode=reasoning_only attempt=0 decision=continue actions=0
[WORKER] VALIDATION OK batch_id=phase3a_batch_0406132627_friday-workinghours-afternoon-ddos.pcap_iscx_f0e355 hypothesis_id=hyp_6_class_conditioned_variation_backward_packet_lengths round_id=round-001 step=1 task_id=task_3
[WORKER_STEP] task_id=task_3 step=2 mode=reasoning_only attempt=0
[WORKER_STEP] task_id=task_2 step=7 mode=action_window attempt=0 decision=continue actions=0
[WORKER] VALIDATION OK batch_id=phase3a_batch_0406132627_friday-workinghours-afternoon-ddos.pcap_iscx_f0e355 hypothesis_id=hyp_8_class_conditioned_distribution_destination_port round_id=round-001 step=7 task_id=task_2
[WORKER_STEP] task_id=task_2 step=8 mode=final_synthesis attempt=0
[WORKER_STEP] task_id=task_4 step=4 mode=reasoning_only attempt=0
[WORKER_STEP] task_id=task_2 step=4 mode=reasoning_only attempt=0 decision=continue actions=0
[WORKER] VALIDATION OK batch_id=phase3a_batch_0406132627_friday-workinghours-afternoon-ddos.pcap_iscx_f0e355 hypothesis_id=hyp_5_strong_linear_dependencies round_id=round-001 step=4 task_id=task_2
[WORKER_STEP] task_id=task_2 step=5 mode=action_window attempt=0
[WORKER_STEP] task_id=task_4 step=4 mode=reasoning_only attempt=0 decision=continue actions=0
[WORKER] VALIDATION OK batch_id=phase3a_batch_0406132627_friday-workinghours-afternoon-ddos.pcap_iscx_f0e355 hypothesis_id=hyp_5_strong_linear_dependencies round_id=round-001 step=4 task_id=task_4
[WORKER_STEP] task_id=task_4 step=5 mode=action_window attempt=0
[WORKER_STEP] task_id=task_2 step=2 mode=reasoning_only attempt=0 decision=continue actions=0
[WORKER] VALIDATION OK batch_id=phase3a_batch_0406132627_friday-workinghours-afternoon-ddos.pcap_iscx_f0e355 hypothesis_id=hyp_6_class_conditioned_variation_backward_packet_lengths round_id=round-001 step=2 task_id=task_2
[WORKER_STEP] task_id=task_2 step=3 mode=action_window attempt=0
[WORKER_STEP] task_id=task_3 step=2 mode=reasoning_only attempt=0 decision=continue actions=0
[WORKER] VALIDATION OK batch_id=phase3a_batch_0406132627_friday-workinghours-afternoon-ddos.pcap_iscx_f0e355 hypothesis_id=hyp_6_class_conditioned_variation_backward_packet_lengths round_id=round-001 step=2 task_id=task_3
[WORKER_STEP] task_id=task_3 step=3 mode=action_window attempt=0
[WORKER_STEP] task_id=task_1 step=4 mode=reasoning_only attempt=0 decision=continue actions=0
[WORKER] VALIDATION OK batch_id=phase3a_batch_0406132627_friday-workinghours-afternoon-ddos.pcap_iscx_f0e355 hypothesis_id=hyp_6_class_conditioned_variation_backward_packet_lengths round_id=round-001 step=4 task_id=task_1
[WORKER_STEP] task_id=task_1 step=5 mode=action_window attempt=0
[WORKER_STEP] task_id=task_3 step=6 mode=reasoning_only attempt=0 decision=continue actions=0
[WORKER] VALIDATION OK batch_id=phase3a_batch_0406132627_friday-workinghours-afternoon-ddos.pcap_iscx_f0e355 hypothesis_id=hyp_8_class_conditioned_distribution_destination_port round_id=round-001 step=6 task_id=task_3
[WORKER_STEP] task_id=task_3 step=7 mode=action_window attempt=0
[WORKER_STEP] task_id=task_1 step=4 mode=reasoning_only attempt=0 decision=continue actions=0
[WORKER] VALIDATION OK batch_id=phase3a_batch_0406132627_friday-workinghours-afternoon-ddos.pcap_iscx_f0e355 hypothesis_id=hyp_5_strong_linear_dependencies round_id=round-001 step=4 task_id=task_1
[WORKER_STEP] task_id=task_1 step=5 mode=action_window attempt=0
[WORKER_STEP] task_id=task_4 step=4 mode=reasoning_only attempt=0 decision=continue actions=0
[WORKER] VALIDATION OK batch_id=phase3a_batch_0406132627_friday-workinghours-afternoon-ddos.pcap_iscx_f0e355 hypothesis_id=hyp_8_class_conditioned_distribution_destination_port round_id=round-001 step=4 task_id=task_4
[WORKER_STEP] task_id=task_4 step=5 mode=action_window attempt=0
[WORKER_STEP] task_id=task_1 step=8 mode=final_synthesis attempt=0 decision=finish actions=0
[WORKER] VALIDATION OK batch_id=phase3a_batch_0406132627_friday-workinghours-afternoon-ddos.pcap_iscx_f0e355 hypothesis_id=hyp_8_class_conditioned_distribution_destination_port round_id=round-001 step=8 task_id=task_1
[WORKER] VALIDATION OK batch_id=phase3a_batch_0406132627_friday-workinghours-afternoon-ddos.pcap_iscx_f0e355 hypothesis_id=hyp_8_class_conditioned_distribution_destination_port round_id=round-001 task_id=task_1
[WORKER] VALIDATION OK batch_id=phase3a_batch_0406132627_friday-workinghours-afternoon-ddos.pcap_iscx_f0e355 hypothesis_id=hyp_8_class_conditioned_distribution_destination_port round_id=round-001 task_id=task_1
[WORKER] END (65.1s) batch_id=phase3a_batch_0406132627_friday-workinghours-afternoon-ddos.pcap_iscx_f0e355 hypothesis_id=hyp_8_class_conditioned_distribution_destination_port round_id=round-001 task_id=task_1
[WORKER_STEP] task_id=task_2 step=8 mode=final_synthesis attempt=0 decision=finish actions=0
[WORKER] VALIDATION OK batch_id=phase3a_batch_0406132627_friday-workinghours-afternoon-ddos.pcap_iscx_f0e355 hypothesis_id=hyp_8_class_conditioned_distribution_destination_port round_id=round-001 step=8 task_id=task_2
[WORKER] VALIDATION OK batch_id=phase3a_batch_0406132627_friday-workinghours-afternoon-ddos.pcap_iscx_f0e355 hypothesis_id=hyp_8_class_conditioned_distribution_destination_port round_id=round-001 task_id=task_2
[WORKER] VALIDATION OK batch_id=phase3a_batch_0406132627_friday-workinghours-afternoon-ddos.pcap_iscx_f0e355 hypothesis_id=hyp_8_class_conditioned_distribution_destination_port round_id=round-001 task_id=task_2
[WORKER] END (65.8s) batch_id=phase3a_batch_0406132627_friday-workinghours-afternoon-ddos.pcap_iscx_f0e355 hypothesis_id=hyp_8_class_conditioned_distribution_destination_port round_id=round-001 task_id=task_2
[WORKER_STEP] task_id=task_4 step=4 mode=reasoning_only attempt=0
[WORKER_STEP] task_id=task_1 step=5 mode=action_window attempt=0 decision=action actions=1
[WORKER] VALIDATION OK batch_id=phase3a_batch_0406132627_friday-workinghours-afternoon-ddos.pcap_iscx_f0e355 hypothesis_id=hyp_6_class_conditioned_variation_backward_packet_lengths round_id=round-001 step=5 task_id=task_1
[WORKER_STEP] task_id=task_2 step=3 mode=action_window attempt=0 decision=action actions=1
[WORKER] VALIDATION OK batch_id=phase3a_batch_0406132627_friday-workinghours-afternoon-ddos.pcap_iscx_f0e355 hypothesis_id=hyp_6_class_conditioned_variation_backward_packet_lengths round_id=round-001 step=3 task_id=task_2
[WORKER_STEP] task_id=task_3 step=7 mode=action_window attempt=0 decision=continue actions=0
[WORKER] VALIDATION OK batch_id=phase3a_batch_0406132627_friday-workinghours-afternoon-ddos.pcap_iscx_f0e355 hypothesis_id=hyp_8_class_conditioned_distribution_destination_port round_id=round-001 step=7 task_id=task_3
[WORKER_STEP] task_id=task_3 step=8 mode=final_synthesis attempt=0
[WORKER_STEP] task_id=task_1 step=6 mode=reasoning_only attempt=0
[WORKER_STEP] task_id=task_4 step=5 mode=action_window attempt=0 decision=action actions=1
[WORKER] VALIDATION OK batch_id=phase3a_batch_0406132627_friday-workinghours-afternoon-ddos.pcap_iscx_f0e355 hypothesis_id=hyp_5_strong_linear_dependencies round_id=round-001 step=5 task_id=task_4
[WORKER_STEP] task_id=task_3 step=3 mode=action_window attempt=0 decision=action actions=1
[WORKER] VALIDATION OK batch_id=phase3a_batch_0406132627_friday-workinghours-afternoon-ddos.pcap_iscx_f0e355 hypothesis_id=hyp_6_class_conditioned_variation_backward_packet_lengths round_id=round-001 step=3 task_id=task_3
[WORKER_STEP] task_id=task_2 step=5 mode=action_window attempt=0 decision=action actions=1
[WORKER] VALIDATION OK batch_id=phase3a_batch_0406132627_friday-workinghours-afternoon-ddos.pcap_iscx_f0e355 hypothesis_id=hyp_5_strong_linear_dependencies round_id=round-001 step=5 task_id=task_2
[WORKER_STEP] task_id=task_1 step=5 mode=action_window attempt=0 decision=action actions=1
[WORKER] VALIDATION OK batch_id=phase3a_batch_0406132627_friday-workinghours-afternoon-ddos.pcap_iscx_f0e355 hypothesis_id=hyp_5_strong_linear_dependencies round_id=round-001 step=5 task_id=task_1
[WORKER_STEP] task_id=task_2 step=6 mode=reasoning_only attempt=0
[WORKER_STEP] task_id=task_4 step=6 mode=reasoning_only attempt=0
[WORKER_STEP] task_id=task_4 step=4 mode=reasoning_only attempt=0 decision=continue actions=0
[WORKER_STEP] task_id=task_4 step=5 mode=action_window attempt=0 decision=continue actions=0
[WORKER_STEP] task_id=task_1 step=6 mode=reasoning_only attempt=0
[WORKER] VALIDATION OK batch_id=phase3a_batch_0406132627_friday-workinghours-afternoon-ddos.pcap_iscx_f0e355 hypothesis_id=hyp_6_class_conditioned_variation_backward_packet_lengths round_id=round-001 step=4 task_id=task_4
[WORKER] VALIDATION OK batch_id=phase3a_batch_0406132627_friday-workinghours-afternoon-ddos.pcap_iscx_f0e355 hypothesis_id=hyp_8_class_conditioned_distribution_destination_port round_id=round-001 step=5 task_id=task_4
[WORKER_STEP] task_id=task_4 step=5 mode=action_window attempt=0
[WORKER_STEP] task_id=task_4 step=6 mode=reasoning_only attempt=0
[WORKER_STEP] task_id=task_2 step=4 mode=reasoning_only attempt=0
[WORKER_STEP] task_id=task_3 step=4 mode=reasoning_only attempt=0
[WORKER_STEP] task_id=task_1 step=6 mode=reasoning_only attempt=0 decision=continue actions=0
[WORKER] VALIDATION OK batch_id=phase3a_batch_0406132627_friday-workinghours-afternoon-ddos.pcap_iscx_f0e355 hypothesis_id=hyp_6_class_conditioned_variation_backward_packet_lengths round_id=round-001 step=6 task_id=task_1
[WORKER_STEP] task_id=task_1 step=7 mode=action_window attempt=0
[WORKER_STEP] task_id=task_4 step=5 mode=action_window attempt=0 decision=action actions=1
[WORKER] VALIDATION OK batch_id=phase3a_batch_0406132627_friday-workinghours-afternoon-ddos.pcap_iscx_f0e355 hypothesis_id=hyp_6_class_conditioned_variation_backward_packet_lengths round_id=round-001 step=5 task_id=task_4
[WORKER_STEP] task_id=task_4 step=6 mode=reasoning_only attempt=0
[WORKER_STEP] task_id=task_2 step=6 mode=reasoning_only attempt=0 decision=continue actions=0
[WORKER] VALIDATION OK batch_id=phase3a_batch_0406132627_friday-workinghours-afternoon-ddos.pcap_iscx_f0e355 hypothesis_id=hyp_5_strong_linear_dependencies round_id=round-001 step=6 task_id=task_2
[WORKER_STEP] task_id=task_2 step=7 mode=action_window attempt=0
[WORKER_STEP] task_id=task_3 step=8 mode=final_synthesis attempt=0 decision=finish actions=0
[WORKER] VALIDATION OK batch_id=phase3a_batch_0406132627_friday-workinghours-afternoon-ddos.pcap_iscx_f0e355 hypothesis_id=hyp_8_class_conditioned_distribution_destination_port round_id=round-001 step=8 task_id=task_3
[WORKER] VALIDATION OK batch_id=phase3a_batch_0406132627_friday-workinghours-afternoon-ddos.pcap_iscx_f0e355 hypothesis_id=hyp_8_class_conditioned_distribution_destination_port round_id=round-001 task_id=task_3
[WORKER_STEP] task_id=task_3 step=4 mode=reasoning_only attempt=0 decision=continue actions=0
[WORKER] VALIDATION OK batch_id=phase3a_batch_0406132627_friday-workinghours-afternoon-ddos.pcap_iscx_f0e355 hypothesis_id=hyp_6_class_conditioned_variation_backward_packet_lengths round_id=round-001 step=4 task_id=task_3
[WORKER_STEP] task_id=task_3 step=5 mode=action_window attempt=0
[WORKER_STEP] task_id=task_4 step=6 mode=reasoning_only attempt=0 decision=continue actions=0
[WORKER] VALIDATION OK batch_id=phase3a_batch_0406132627_friday-workinghours-afternoon-ddos.pcap_iscx_f0e355 hypothesis_id=hyp_5_strong_linear_dependencies round_id=round-001 step=6 task_id=task_4
[WORKER_STEP] task_id=task_4 step=7 mode=action_window attempt=0
[WORKER] VALIDATION OK batch_id=phase3a_batch_0406132627_friday-workinghours-afternoon-ddos.pcap_iscx_f0e355 hypothesis_id=hyp_8_class_conditioned_distribution_destination_port round_id=round-001 task_id=task_3
[WORKER] END (76.3s) batch_id=phase3a_batch_0406132627_friday-workinghours-afternoon-ddos.pcap_iscx_f0e355 hypothesis_id=hyp_8_class_conditioned_distribution_destination_port round_id=round-001 task_id=task_3
[WORKER_STEP] task_id=task_1 step=6 mode=reasoning_only attempt=0 decision=continue actions=0
[WORKER] VALIDATION OK batch_id=phase3a_batch_0406132627_friday-workinghours-afternoon-ddos.pcap_iscx_f0e355 hypothesis_id=hyp_5_strong_linear_dependencies round_id=round-001 step=6 task_id=task_1
[WORKER_STEP] task_id=task_1 step=7 mode=action_window attempt=0
[WORKER_STEP] task_id=task_2 step=4 mode=reasoning_only attempt=0 decision=continue actions=0
[WORKER] VALIDATION OK batch_id=phase3a_batch_0406132627_friday-workinghours-afternoon-ddos.pcap_iscx_f0e355 hypothesis_id=hyp_6_class_conditioned_variation_backward_packet_lengths round_id=round-001 step=4 task_id=task_2
[WORKER_STEP] task_id=task_2 step=5 mode=action_window attempt=0
[WORKER_STEP] task_id=task_4 step=6 mode=reasoning_only attempt=0 decision=continue actions=0
[WORKER] VALIDATION OK batch_id=phase3a_batch_0406132627_friday-workinghours-afternoon-ddos.pcap_iscx_f0e355 hypothesis_id=hyp_6_class_conditioned_variation_backward_packet_lengths round_id=round-001 step=6 task_id=task_4
[WORKER_STEP] task_id=task_4 step=7 mode=action_window attempt=0
[WORKER_STEP] task_id=task_2 step=7 mode=action_window attempt=0 decision=action actions=1
[WORKER] VALIDATION OK batch_id=phase3a_batch_0406132627_friday-workinghours-afternoon-ddos.pcap_iscx_f0e355 hypothesis_id=hyp_5_strong_linear_dependencies round_id=round-001 step=7 task_id=task_2
[WORKER_STEP] task_id=task_2 step=8 mode=final_synthesis attempt=0
[WORKER_STEP] task_id=task_4 step=6 mode=reasoning_only attempt=0 decision=continue actions=0
[WORKER] VALIDATION OK batch_id=phase3a_batch_0406132627_friday-workinghours-afternoon-ddos.pcap_iscx_f0e355 hypothesis_id=hyp_8_class_conditioned_distribution_destination_port round_id=round-001 step=6 task_id=task_4
[WORKER_STEP] task_id=task_4 step=7 mode=action_window attempt=0
[WORKER_STEP] task_id=task_3 step=5 mode=action_window attempt=0 decision=action actions=1
[WORKER] VALIDATION OK batch_id=phase3a_batch_0406132627_friday-workinghours-afternoon-ddos.pcap_iscx_f0e355 hypothesis_id=hyp_6_class_conditioned_variation_backward_packet_lengths round_id=round-001 step=5 task_id=task_3
[WORKER_STEP] task_id=task_3 step=6 mode=reasoning_only attempt=0
[WORKER_STEP] task_id=task_4 step=7 mode=action_window attempt=0 decision=action actions=1
[WORKER] VALIDATION OK batch_id=phase3a_batch_0406132627_friday-workinghours-afternoon-ddos.pcap_iscx_f0e355 hypothesis_id=hyp_6_class_conditioned_variation_backward_packet_lengths round_id=round-001 step=7 task_id=task_4
[WORKER_STEP] task_id=task_2 step=5 mode=action_window attempt=0 decision=action actions=1
[WORKER] VALIDATION OK batch_id=phase3a_batch_0406132627_friday-workinghours-afternoon-ddos.pcap_iscx_f0e355 hypothesis_id=hyp_6_class_conditioned_variation_backward_packet_lengths round_id=round-001 step=5 task_id=task_2
[WORKER_STEP] task_id=task_4 step=7 mode=action_window attempt=0 decision=continue actions=0
[WORKER] VALIDATION OK batch_id=phase3a_batch_0406132627_friday-workinghours-afternoon-ddos.pcap_iscx_f0e355 hypothesis_id=hyp_8_class_conditioned_distribution_destination_port round_id=round-001 step=7 task_id=task_4
[WORKER_STEP] task_id=task_4 step=8 mode=final_synthesis attempt=0
[WORKER_STEP] task_id=task_2 step=6 mode=reasoning_only attempt=0
[WORKER_STEP] task_id=task_4 step=7 mode=action_window attempt=0 decision=action actions=1
[WORKER] VALIDATION OK batch_id=phase3a_batch_0406132627_friday-workinghours-afternoon-ddos.pcap_iscx_f0e355 hypothesis_id=hyp_5_strong_linear_dependencies round_id=round-001 step=7 task_id=task_4
[WORKER_STEP] task_id=task_2 step=8 mode=final_synthesis attempt=0 decision=finish actions=0
[WORKER] VALIDATION OK batch_id=phase3a_batch_0406132627_friday-workinghours-afternoon-ddos.pcap_iscx_f0e355 hypothesis_id=hyp_5_strong_linear_dependencies round_id=round-001 step=8 task_id=task_2
[WORKER] VALIDATION OK batch_id=phase3a_batch_0406132627_friday-workinghours-afternoon-ddos.pcap_iscx_f0e355 hypothesis_id=hyp_5_strong_linear_dependencies round_id=round-001 task_id=task_2
[WORKER_STEP] task_id=task_3 step=6 mode=reasoning_only attempt=0 decision=continue actions=0
[WORKER] VALIDATION OK batch_id=phase3a_batch_0406132627_friday-workinghours-afternoon-ddos.pcap_iscx_f0e355 hypothesis_id=hyp_6_class_conditioned_variation_backward_packet_lengths round_id=round-001 step=6 task_id=task_3
[WORKER_STEP] task_id=task_3 step=7 mode=action_window attempt=0
[WORKER] VALIDATION OK batch_id=phase3a_batch_0406132627_friday-workinghours-afternoon-ddos.pcap_iscx_f0e355 hypothesis_id=hyp_5_strong_linear_dependencies round_id=round-001 task_id=task_2
[WORKER] END (89.9s) batch_id=phase3a_batch_0406132627_friday-workinghours-afternoon-ddos.pcap_iscx_f0e355 hypothesis_id=hyp_5_strong_linear_dependencies round_id=round-001 task_id=task_2
[WORKER_STEP] task_id=task_4 step=8 mode=final_synthesis attempt=0
[WORKER_STEP] task_id=task_1 step=7 mode=action_window attempt=0 decision=action actions=1
[WORKER] VALIDATION OK batch_id=phase3a_batch_0406132627_friday-workinghours-afternoon-ddos.pcap_iscx_f0e355 hypothesis_id=hyp_5_strong_linear_dependencies round_id=round-001 step=7 task_id=task_1
[WORKER_STEP] task_id=task_1 step=8 mode=final_synthesis attempt=0
[WORKER_STEP] task_id=task_2 step=6 mode=reasoning_only attempt=0 decision=continue actions=0
[WORKER] VALIDATION OK batch_id=phase3a_batch_0406132627_friday-workinghours-afternoon-ddos.pcap_iscx_f0e355 hypothesis_id=hyp_6_class_conditioned_variation_backward_packet_lengths round_id=round-001 step=6 task_id=task_2
[WORKER_STEP] task_id=task_2 step=7 mode=action_window attempt=0
[WORKER_STEP] task_id=task_3 step=7 mode=action_window attempt=0 decision=action actions=1
[WORKER] VALIDATION OK batch_id=phase3a_batch_0406132627_friday-workinghours-afternoon-ddos.pcap_iscx_f0e355 hypothesis_id=hyp_6_class_conditioned_variation_backward_packet_lengths round_id=round-001 step=7 task_id=task_3
[WORKER_STEP] task_id=task_3 step=8 mode=final_synthesis attempt=0
[WORKER_STEP] task_id=task_4 step=8 mode=final_synthesis attempt=0 decision=finish actions=0
[WORKER] VALIDATION OK batch_id=phase3a_batch_0406132627_friday-workinghours-afternoon-ddos.pcap_iscx_f0e355 hypothesis_id=hyp_8_class_conditioned_distribution_destination_port round_id=round-001 step=8 task_id=task_4
[WORKER] VALIDATION OK batch_id=phase3a_batch_0406132627_friday-workinghours-afternoon-ddos.pcap_iscx_f0e355 hypothesis_id=hyp_8_class_conditioned_distribution_destination_port round_id=round-001 task_id=task_4
[WORKER] VALIDATION OK batch_id=phase3a_batch_0406132627_friday-workinghours-afternoon-ddos.pcap_iscx_f0e355 hypothesis_id=hyp_8_class_conditioned_distribution_destination_port round_id=round-001 task_id=task_4
[WORKER] END (87.9s) batch_id=phase3a_batch_0406132627_friday-workinghours-afternoon-ddos.pcap_iscx_f0e355 hypothesis_id=hyp_8_class_conditioned_distribution_destination_port round_id=round-001 task_id=task_4
[AGGREGATION] START batch_id=phase3a_batch_0406132627_friday-workinghours-afternoon-ddos.pcap_iscx_f0e355 hypothesis_id=hyp_8_class_conditioned_distribution_destination_port round_id=round-001
[WORKER_STEP] task_id=task_2 step=7 mode=action_window attempt=0 decision=action actions=1
[WORKER] VALIDATION OK batch_id=phase3a_batch_0406132627_friday-workinghours-afternoon-ddos.pcap_iscx_f0e355 hypothesis_id=hyp_6_class_conditioned_variation_backward_packet_lengths round_id=round-001 step=7 task_id=task_2
[WORKER_STEP] task_id=task_2 step=8 mode=final_synthesis attempt=0
[WORKER_STEP] task_id=task_4 step=8 mode=final_synthesis attempt=0 decision=finish actions=0
[WORKER] VALIDATION OK batch_id=phase3a_batch_0406132627_friday-workinghours-afternoon-ddos.pcap_iscx_f0e355 hypothesis_id=hyp_5_strong_linear_dependencies round_id=round-001 step=8 task_id=task_4
[WORKER] VALIDATION OK batch_id=phase3a_batch_0406132627_friday-workinghours-afternoon-ddos.pcap_iscx_f0e355 hypothesis_id=hyp_5_strong_linear_dependencies round_id=round-001 task_id=task_4
[WORKER] VALIDATION OK batch_id=phase3a_batch_0406132627_friday-workinghours-afternoon-ddos.pcap_iscx_f0e355 hypothesis_id=hyp_5_strong_linear_dependencies round_id=round-001 task_id=task_4
[WORKER] END (96.9s) batch_id=phase3a_batch_0406132627_friday-workinghours-afternoon-ddos.pcap_iscx_f0e355 hypothesis_id=hyp_5_strong_linear_dependencies round_id=round-001 task_id=task_4
[WORKER_STEP] task_id=task_1 step=8 mode=final_synthesis attempt=0 decision=finish actions=0
[WORKER] VALIDATION OK batch_id=phase3a_batch_0406132627_friday-workinghours-afternoon-ddos.pcap_iscx_f0e355 hypothesis_id=hyp_5_strong_linear_dependencies round_id=round-001 step=8 task_id=task_1
[WORKER] VALIDATION OK batch_id=phase3a_batch_0406132627_friday-workinghours-afternoon-ddos.pcap_iscx_f0e355 hypothesis_id=hyp_5_strong_linear_dependencies round_id=round-001 task_id=task_1
[WORKER] VALIDATION OK batch_id=phase3a_batch_0406132627_friday-workinghours-afternoon-ddos.pcap_iscx_f0e355 hypothesis_id=hyp_5_strong_linear_dependencies round_id=round-001 task_id=task_1
[WORKER] END (97.2s) batch_id=phase3a_batch_0406132627_friday-workinghours-afternoon-ddos.pcap_iscx_f0e355 hypothesis_id=hyp_5_strong_linear_dependencies round_id=round-001 task_id=task_1
[WORKER_STEP] task_id=task_4 step=8 mode=final_synthesis attempt=0
[WORKER_STEP] task_id=task_3 step=8 mode=final_synthesis attempt=0 decision=finish actions=0
[WORKER] VALIDATION OK batch_id=phase3a_batch_0406132627_friday-workinghours-afternoon-ddos.pcap_iscx_f0e355 hypothesis_id=hyp_6_class_conditioned_variation_backward_packet_lengths round_id=round-001 step=8 task_id=task_3
[WORKER] VALIDATION OK batch_id=phase3a_batch_0406132627_friday-workinghours-afternoon-ddos.pcap_iscx_f0e355 hypothesis_id=hyp_6_class_conditioned_variation_backward_packet_lengths round_id=round-001 task_id=task_3
[WORKER] VALIDATION OK batch_id=phase3a_batch_0406132627_friday-workinghours-afternoon-ddos.pcap_iscx_f0e355 hypothesis_id=hyp_6_class_conditioned_variation_backward_packet_lengths round_id=round-001 task_id=task_3
[WORKER] END (79.5s) batch_id=phase3a_batch_0406132627_friday-workinghours-afternoon-ddos.pcap_iscx_f0e355 hypothesis_id=hyp_6_class_conditioned_variation_backward_packet_lengths round_id=round-001 task_id=task_3
[HYPOTHESIS_BARRIER] expected_tasks=4 completed_tasks=4 waiting_for=[] batch_id=phase3a_batch_0406132627_friday-workinghours-afternoon-ddos.pcap_iscx_f0e355 hypothesis_id=hyp_8_class_conditioned_distribution_destination_port round_id=round-001
[AGGREGATION] VALIDATION OK batch_id=phase3a_batch_0406132627_friday-workinghours-afternoon-ddos.pcap_iscx_f0e355 hypothesis_id=hyp_8_class_conditioned_distribution_destination_port round_id=round-001
[AGGREGATION] END (5.3s) batch_id=phase3a_batch_0406132627_friday-workinghours-afternoon-ddos.pcap_iscx_f0e355 hypothesis_id=hyp_8_class_conditioned_distribution_destination_port round_id=round-001
[HYPOTHESIS] hypothesis_id=hyp_8_class_conditioned_distribution_destination_port round_id=round-001 ALL WORKERS COMPLETE
[WORKER_STEP] task_id=task_2 step=8 mode=final_synthesis attempt=0 decision=finish actions=0
[WORKER] VALIDATION OK batch_id=phase3a_batch_0406132627_friday-workinghours-afternoon-ddos.pcap_iscx_f0e355 hypothesis_id=hyp_6_class_conditioned_variation_backward_packet_lengths round_id=round-001 step=8 task_id=task_2
[WORKER] VALIDATION OK batch_id=phase3a_batch_0406132627_friday-workinghours-afternoon-ddos.pcap_iscx_f0e355 hypothesis_id=hyp_6_class_conditioned_variation_backward_packet_lengths round_id=round-001 task_id=task_2
[WORKER] VALIDATION OK batch_id=phase3a_batch_0406132627_friday-workinghours-afternoon-ddos.pcap_iscx_f0e355 hypothesis_id=hyp_6_class_conditioned_variation_backward_packet_lengths round_id=round-001 task_id=task_2
[WORKER] END (80.6s) batch_id=phase3a_batch_0406132627_friday-workinghours-afternoon-ddos.pcap_iscx_f0e355 hypothesis_id=hyp_6_class_conditioned_variation_backward_packet_lengths round_id=round-001 task_id=task_2
[WORKER_STEP] task_id=task_1 step=7 mode=action_window attempt=0 decision=action actions=1
[WORKER] VALIDATION OK batch_id=phase3a_batch_0406132627_friday-workinghours-afternoon-ddos.pcap_iscx_f0e355 hypothesis_id=hyp_6_class_conditioned_variation_backward_packet_lengths round_id=round-001 step=7 task_id=task_1
[WORKER_STEP] task_id=task_1 step=8 mode=final_synthesis attempt=0
[WORKER_STEP] task_id=task_4 step=8 mode=final_synthesis attempt=0 decision=finish actions=0
[WORKER] VALIDATION OK batch_id=phase3a_batch_0406132627_friday-workinghours-afternoon-ddos.pcap_iscx_f0e355 hypothesis_id=hyp_6_class_conditioned_variation_backward_packet_lengths round_id=round-001 step=8 task_id=task_4
[WORKER] VALIDATION OK batch_id=phase3a_batch_0406132627_friday-workinghours-afternoon-ddos.pcap_iscx_f0e355 hypothesis_id=hyp_6_class_conditioned_variation_backward_packet_lengths round_id=round-001 task_id=task_4
[WORKER] VALIDATION OK batch_id=phase3a_batch_0406132627_friday-workinghours-afternoon-ddos.pcap_iscx_f0e355 hypothesis_id=hyp_6_class_conditioned_variation_backward_packet_lengths round_id=round-001 task_id=task_4
[WORKER] END (87.3s) batch_id=phase3a_batch_0406132627_friday-workinghours-afternoon-ddos.pcap_iscx_f0e355 hypothesis_id=hyp_6_class_conditioned_variation_backward_packet_lengths round_id=round-001 task_id=task_4
[WORKER_STEP] task_id=task_1 step=8 mode=final_synthesis attempt=0 decision=finish actions=0
[WORKER] VALIDATION OK batch_id=phase3a_batch_0406132627_friday-workinghours-afternoon-ddos.pcap_iscx_f0e355 hypothesis_id=hyp_6_class_conditioned_variation_backward_packet_lengths round_id=round-001 step=8 task_id=task_1
[WORKER] VALIDATION OK batch_id=phase3a_batch_0406132627_friday-workinghours-afternoon-ddos.pcap_iscx_f0e355 hypothesis_id=hyp_6_class_conditioned_variation_backward_packet_lengths round_id=round-001 task_id=task_1
[WORKER] VALIDATION OK batch_id=phase3a_batch_0406132627_friday-workinghours-afternoon-ddos.pcap_iscx_f0e355 hypothesis_id=hyp_6_class_conditioned_variation_backward_packet_lengths round_id=round-001 task_id=task_1
[WORKER] END (88.9s) batch_id=phase3a_batch_0406132627_friday-workinghours-afternoon-ddos.pcap_iscx_f0e355 hypothesis_id=hyp_6_class_conditioned_variation_backward_packet_lengths round_id=round-001 task_id=task_1
[AGGREGATION] START batch_id=phase3a_batch_0406132627_friday-workinghours-afternoon-ddos.pcap_iscx_f0e355 hypothesis_id=hyp_6_class_conditioned_variation_backward_packet_lengths round_id=round-001
[HYPOTHESIS_BARRIER] expected_tasks=4 completed_tasks=4 waiting_for=[] batch_id=phase3a_batch_0406132627_friday-workinghours-afternoon-ddos.pcap_iscx_f0e355 hypothesis_id=hyp_6_class_conditioned_variation_backward_packet_lengths round_id=round-001
[AGGREGATION] VALIDATION OK batch_id=phase3a_batch_0406132627_friday-workinghours-afternoon-ddos.pcap_iscx_f0e355 hypothesis_id=hyp_6_class_conditioned_variation_backward_packet_lengths round_id=round-001
[AGGREGATION] END (5.7s) batch_id=phase3a_batch_0406132627_friday-workinghours-afternoon-ddos.pcap_iscx_f0e355 hypothesis_id=hyp_6_class_conditioned_variation_backward_packet_lengths round_id=round-001
[HYPOTHESIS] hypothesis_id=hyp_6_class_conditioned_variation_backward_packet_lengths round_id=round-001 ALL WORKERS COMPLETE
[WORKER_STEP] task_id=task_3 step=6 mode=reasoning_only attempt=0
[WORKER_STEP] task_id=task_3 step=6 mode=reasoning_only attempt=0 decision=continue actions=0
[WORKER] VALIDATION OK batch_id=phase3a_batch_0406132627_friday-workinghours-afternoon-ddos.pcap_iscx_f0e355 hypothesis_id=hyp_5_strong_linear_dependencies round_id=round-001 step=6 task_id=task_3
[WORKER_STEP] task_id=task_3 step=7 mode=action_window attempt=0
[WORKER_STEP] task_id=task_3 step=7 mode=action_window attempt=0 decision=action actions=1
[WORKER] VALIDATION OK batch_id=phase3a_batch_0406132627_friday-workinghours-afternoon-ddos.pcap_iscx_f0e355 hypothesis_id=hyp_5_strong_linear_dependencies round_id=round-001 step=7 task_id=task_3
[WORKER_STEP] task_id=task_3 step=8 mode=final_synthesis attempt=0
[WORKER_STEP] task_id=task_3 step=8 mode=final_synthesis attempt=0 decision=finish actions=0
[WORKER] VALIDATION OK batch_id=phase3a_batch_0406132627_friday-workinghours-afternoon-ddos.pcap_iscx_f0e355 hypothesis_id=hyp_5_strong_linear_dependencies round_id=round-001 step=8 task_id=task_3
[WORKER] VALIDATION OK batch_id=phase3a_batch_0406132627_friday-workinghours-afternoon-ddos.pcap_iscx_f0e355 hypothesis_id=hyp_5_strong_linear_dependencies round_id=round-001 task_id=task_3
[WORKER] VALIDATION OK batch_id=phase3a_batch_0406132627_friday-workinghours-afternoon-ddos.pcap_iscx_f0e355 hypothesis_id=hyp_5_strong_linear_dependencies round_id=round-001 task_id=task_3
[WORKER] END (1076.7s) batch_id=phase3a_batch_0406132627_friday-workinghours-afternoon-ddos.pcap_iscx_f0e355 hypothesis_id=hyp_5_strong_linear_dependencies round_id=round-001 task_id=task_3
[AGGREGATION] START batch_id=phase3a_batch_0406132627_friday-workinghours-afternoon-ddos.pcap_iscx_f0e355 hypothesis_id=hyp_5_strong_linear_dependencies round_id=round-001
[HYPOTHESIS_BARRIER] expected_tasks=4 completed_tasks=4 waiting_for=[] batch_id=phase3a_batch_0406132627_friday-workinghours-afternoon-ddos.pcap_iscx_f0e355 hypothesis_id=hyp_5_strong_linear_dependencies round_id=round-001
[AGGREGATION] VALIDATION OK batch_id=phase3a_batch_0406132627_friday-workinghours-afternoon-ddos.pcap_iscx_f0e355 hypothesis_id=hyp_5_strong_linear_dependencies round_id=round-001
[AGGREGATION] END (9.2s) batch_id=phase3a_batch_0406132627_friday-workinghours-afternoon-ddos.pcap_iscx_f0e355 hypothesis_id=hyp_5_strong_linear_dependencies round_id=round-001
[HYPOTHESIS] hypothesis_id=hyp_5_strong_linear_dependencies round_id=round-001 ALL WORKERS COMPLETE
[ROUND_BARRIER] expected_tasks=3 completed_tasks=3 waiting_for=[] batch_id=phase3a_batch_0406132627_friday-workinghours-afternoon-ddos.pcap_iscx_f0e355 round_id=round-001
[ROUND] batch_id=phase3a_batch_0406132627_friday-workinghours-afternoon-ddos.pcap_iscx_f0e355 round_id=round-001 ALL HYPOTHESIS AGGREGATIONS COMPLETE
[INTER_HYPOTHESIS_AGGREGATION] START batch_id=phase3a_batch_0406132627_friday-workinghours-afternoon-ddos.pcap_iscx_f0e355 round_id=round-001
[INTER_HYPOTHESIS_AGGREGATION] START batch_id=phase3a_batch_0406132627_friday-workinghours-afternoon-ddos.pcap_iscx_f0e355 round_id=round-001
[INTER_HYPOTHESIS_AGGREGATION] VALIDATION OK batch_id=phase3a_batch_0406132627_friday-workinghours-afternoon-ddos.pcap_iscx_f0e355 round_id=round-001
[INTER_HYPOTHESIS_AGGREGATION] END (31.8s) batch_id=phase3a_batch_0406132627_friday-workinghours-afternoon-ddos.pcap_iscx_f0e355 round_id=round-001
[INTER_HYPOTHESIS_AGGREGATION] VALIDATION OK batch_id=phase3a_batch_0406132627_friday-workinghours-afternoon-ddos.pcap_iscx_f0e355 round_id=round-001
[INTER_HYPOTHESIS_AGGREGATION] END (31.9s) batch_id=phase3a_batch_0406132627_friday-workinghours-afternoon-ddos.pcap_iscx_f0e355 round_id=round-001
[STATE_MANAGER] START batch_id=phase3a_batch_0406132627_friday-workinghours-afternoon-ddos.pcap_iscx_f0e355 hypothesis_id=hyp_5_strong_linear_dependencies round_id=round-001
[STATE_MANAGER] VALIDATION FAILED batch_id=phase3a_batch_0406132627_friday-workinghours-afternoon-ddos.pcap_iscx_f0e355 hypothesis_id=hyp_5_strong_linear_dependencies round_id=round-001
{
  "handoff_input_validation": {
    "errors": [
      {
        "field": "update_focus",
        "message": "update_focus must stay under 160 characters."
      }
    ],
    "ok": false,
    "stats": {
      "evidence_ref_count": 12,
      "merged_finding_count": 5,
      "open_gap_count": 2,
      "preserved_contradiction_count": 1
    },
    "warnings": []
  },
  "ok": false,
  "parse_validation": {
    "errors": [
      {
        "field": "raw_response",
        "message": "Model response was not produced."
      }
    ],
    "ok": false,
    "warnings": []
  },
  "prompt_version": "phase3a.state_manager.prompt.v1",
  "request_id": "state_manager_bd625d93928a4bcbae19e685f507bee0",
  "schema_version": "phase3a.state_manager.v1",
  "state_delta_validation": {
    "errors": [
      {
        "field": "state_delta_record",
        "message": "state_delta_record was not produced."
      }
    ],
    "ok": false,
    "warnings": []
  },
  "state_input_validation": {
    "errors": [],
    "ok": true,
    "stats": {
      "hypothesis_count": 10,
      "revision_count": 1,
      "state_version": 1
    },
    "warnings": []
  }
}
[STATE_MANAGER] END (0.0s) batch_id=phase3a_batch_0406132627_friday-workinghours-afternoon-ddos.pcap_iscx_f0e355 hypothesis_id=hyp_5_strong_linear_dependencies round_id=round-001
[BATCH] EXCEPTION round_id=None hypothesis_id=None task_id=None
Traceback (most recent call last):
  File "C:\Users\Uni\Desktop\TFG\nids-smell-audit\phase3\phase3_runtime\orchestrator.py", line 343, in run_phase3a_batch
    round_result = execute_round(
        batch_id=normalized_batch_id,
    ...<20 lines>...
        analysis_mode=analysis_mode,
    )
  File "C:\Users\Uni\Desktop\TFG\nids-smell-audit\phase3\phase3_runtime\round_executor.py", line 742, in execute_round
    _require_component_ok(
    ~~~~~~~~~~~~~~~~~~~~~^
        "state_manager",
        ^^^^^^^^^^^^^^^^
    ...<4 lines>...
        ),
        ^^
    )
    ^
  File "C:\Users\Uni\Desktop\TFG\nids-smell-audit\phase3\phase3_runtime\round_executor.py", line 52, in _require_component_ok
    raise RuntimeError(
        f"{component_name} returned a non-authoritative bundle.")
RuntimeError: state_manager returned a non-authoritative bundle.
[BATCH] batch_id=phase3a_batch_0406132627_friday-workinghours-afternoon-ddos.pcap_iscx_f0e355 error=state_manager returned a non-authoritative bundle. FAILED
[BATCH] END (1213.8s) batch_id=phase3a_batch_0406132627_friday-workinghours-afternoon-ddos.pcap_iscx_f0e355
