[BATCH] START batch_id=phase3a_batch_0406154632_friday-workinghours-afternoon-ddos.pcap_iscx_92d6c1
[SEMANTIC_EXTRACTION] START batch_id=phase3a_batch_0406154632_friday-workinghours-afternoon-ddos.pcap_iscx_92d6c1
[SEMANTIC_EXTRACTION] VALIDATION OK batch_id=phase3a_batch_0406154632_friday-workinghours-afternoon-ddos.pcap_iscx_92d6c1
[SEMANTIC_EXTRACTION] END (45.9s) batch_id=phase3a_batch_0406154632_friday-workinghours-afternoon-ddos.pcap_iscx_92d6c1
[SEMANTIC_HYPOTHESIS_GENERATION] START analysis_id=substrate_phase3a_batch_0406154632_friday-workinghours-afternoon-ddos.pcap_iscx_92d6c1 batch_id=phase3a_batch_0406154632_friday-workinghours-afternoon-ddos.pcap_iscx_92d6c1
[SEMANTIC_HYPOTHESIS_GENERATION] VALIDATION OK analysis_id=substrate_phase3a_batch_0406154632_friday-workinghours-afternoon-ddos.pcap_iscx_92d6c1 batch_id=phase3a_batch_0406154632_friday-workinghours-afternoon-ddos.pcap_iscx_92d6c1
[SEMANTIC_HYPOTHESIS_GENERATION] END (19.7s) analysis_id=substrate_phase3a_batch_0406154632_friday-workinghours-afternoon-ddos.pcap_iscx_92d6c1 batch_id=phase3a_batch_0406154632_friday-workinghours-afternoon-ddos.pcap_iscx_92d6c1
[ROUND] START batch_id=phase3a_batch_0406154632_friday-workinghours-afternoon-ddos.pcap_iscx_92d6c1 round_id=round-001
[HYPOTHESIS_RANKING] START batch_id=phase3a_batch_0406154632_friday-workinghours-afternoon-ddos.pcap_iscx_92d6c1 round_id=round-001
[HYPOTHESIS_RANKING] VALIDATION OK analysis_id=analysis_phase3a_0406154632 batch_id=phase3a_batch_0406154632_friday-workinghours-afternoon-ddos.pcap_iscx_92d6c1 round_id=round-001
[HYPOTHESIS_RANKING] END (4.8s) analysis_id=analysis_phase3a_0406154632 batch_id=phase3a_batch_0406154632_friday-workinghours-afternoon-ddos.pcap_iscx_92d6c1 round_id=round-001
[PLANNER] START batch_id=phase3a_batch_0406154632_friday-workinghours-afternoon-ddos.pcap_iscx_92d6c1 round_id=round-001
[PLANNER] VALIDATION OK batch_id=phase3a_batch_0406154632_friday-workinghours-afternoon-ddos.pcap_iscx_92d6c1 round_id=round-001
[PLANNER] END (11.4s) batch_id=phase3a_batch_0406154632_friday-workinghours-afternoon-ddos.pcap_iscx_92d6c1 round_id=round-001
[ROUTER] START batch_id=phase3a_batch_0406154632_friday-workinghours-afternoon-ddos.pcap_iscx_92d6c1 hypothesis_id=hyp_4_strong_dependency_pairs_indicate_redundancy round_id=round-001
[ROUTER] hypothesis_id=hyp_4_strong_dependency_pairs_indicate_redundancy GENERATED 4 TASKS
[ROUTER] VALIDATION OK batch_id=phase3a_batch_0406154632_friday-workinghours-afternoon-ddos.pcap_iscx_92d6c1 hypothesis_id=hyp_4_strong_dependency_pairs_indicate_redundancy round_id=round-001
[ROUTER] END (14.0s) batch_id=phase3a_batch_0406154632_friday-workinghours-afternoon-ddos.pcap_iscx_92d6c1 hypothesis_id=hyp_4_strong_dependency_pairs_indicate_redundancy round_id=round-001
[WORKER] START batch_id=phase3a_batch_0406154632_friday-workinghours-afternoon-ddos.pcap_iscx_92d6c1 hypothesis_id=hyp_4_strong_dependency_pairs_indicate_redundancy round_id=round-001 task_id=task_1
[WORKER] START batch_id=phase3a_batch_0406154632_friday-workinghours-afternoon-ddos.pcap_iscx_92d6c1 hypothesis_id=hyp_4_strong_dependency_pairs_indicate_redundancy round_id=round-001 task_id=task_2
[WORKER] START batch_id=phase3a_batch_0406154632_friday-workinghours-afternoon-ddos.pcap_iscx_92d6c1 hypothesis_id=hyp_4_strong_dependency_pairs_indicate_redundancy round_id=round-001 task_id=task_3
[WORKER] START batch_id=phase3a_batch_0406154632_friday-workinghours-afternoon-ddos.pcap_iscx_92d6c1 hypothesis_id=hyp_4_strong_dependency_pairs_indicate_redundancy round_id=round-001 task_id=task_4
[HYPOTHESIS] hypothesis_id=hyp_4_strong_dependency_pairs_indicate_redundancy round_id=round-001 WAITING FOR 4 WORKERS
[ROUTER] START batch_id=phase3a_batch_0406154632_friday-workinghours-afternoon-ddos.pcap_iscx_92d6c1 hypothesis_id=hyp_7_class_conditioned_distribution_destination_port round_id=round-001
[HYPOTHESIS_AGGREGATOR_BARRIER] expected_tasks=4 completed_tasks=0 waiting_for=['task_1', 'task_2', 'task_3', 'task_4'] batch_id=phase3a_batch_0406154632_friday-workinghours-afternoon-ddos.pcap_iscx_92d6c1 hypothesis_id=hyp_4_strong_dependency_pairs_indicate_redundancy round_id=round-001
[ROUTER] hypothesis_id=hyp_7_class_conditioned_distribution_destination_port GENERATED 3 TASKS
[ROUTER] VALIDATION OK batch_id=phase3a_batch_0406154632_friday-workinghours-afternoon-ddos.pcap_iscx_92d6c1 hypothesis_id=hyp_7_class_conditioned_distribution_destination_port round_id=round-001
[ROUTER] END (5.8s) batch_id=phase3a_batch_0406154632_friday-workinghours-afternoon-ddos.pcap_iscx_92d6c1 hypothesis_id=hyp_7_class_conditioned_distribution_destination_port round_id=round-001
[WORKER] START batch_id=phase3a_batch_0406154632_friday-workinghours-afternoon-ddos.pcap_iscx_92d6c1 hypothesis_id=hyp_7_class_conditioned_distribution_destination_port round_id=round-001 task_id=task_1
[WORKER] START batch_id=phase3a_batch_0406154632_friday-workinghours-afternoon-ddos.pcap_iscx_92d6c1 hypothesis_id=hyp_7_class_conditioned_distribution_destination_port round_id=round-001 task_id=task_2
[WORKER] START batch_id=phase3a_batch_0406154632_friday-workinghours-afternoon-ddos.pcap_iscx_92d6c1 hypothesis_id=hyp_7_class_conditioned_distribution_destination_port round_id=round-001 task_id=task_3
[HYPOTHESIS] hypothesis_id=hyp_7_class_conditioned_distribution_destination_port round_id=round-001 WAITING FOR 3 WORKERS
[ROUTER] START batch_id=phase3a_batch_0406154632_friday-workinghours-afternoon-ddos.pcap_iscx_92d6c1 hypothesis_id=hyp_8_tension_low_cardinality_vs_class_variation round_id=round-001
[HYPOTHESIS_AGGREGATOR_BARRIER] expected_tasks=3 completed_tasks=0 waiting_for=['task_1', 'task_2', 'task_3'] batch_id=phase3a_batch_0406154632_friday-workinghours-afternoon-ddos.pcap_iscx_92d6c1 hypothesis_id=hyp_7_class_conditioned_distribution_destination_port round_id=round-001
[WORKER_STEP] task_id=task_1 step=1 mode=reasoning_only attempt=0
[WORKER_STEP] task_id=task_4 step=1 mode=reasoning_only attempt=0
[WORKER_STEP] task_id=task_3 step=1 mode=reasoning_only attempt=0
[WORKER_STEP] task_id=task_2 step=1 mode=reasoning_only attempt=0
[WORKER_STEP] task_id=task_4 step=1 mode=reasoning_only attempt=0 decision=continue actions=0
[WORKER] VALIDATION OK batch_id=phase3a_batch_0406154632_friday-workinghours-afternoon-ddos.pcap_iscx_92d6c1 hypothesis_id=hyp_4_strong_dependency_pairs_indicate_redundancy round_id=round-001 step=1 task_id=task_4
[WORKER_STEP] task_id=task_4 step=2 mode=reasoning_only attempt=0
[WORKER_STEP] task_id=task_1 step=1 mode=reasoning_only attempt=0 decision=continue actions=0
[WORKER] VALIDATION OK batch_id=phase3a_batch_0406154632_friday-workinghours-afternoon-ddos.pcap_iscx_92d6c1 hypothesis_id=hyp_4_strong_dependency_pairs_indicate_redundancy round_id=round-001 step=1 task_id=task_1
[WORKER_STEP] task_id=task_1 step=2 mode=reasoning_only attempt=0
[WORKER_STEP] task_id=task_3 step=1 mode=reasoning_only attempt=0 decision=continue actions=0
[WORKER] VALIDATION OK batch_id=phase3a_batch_0406154632_friday-workinghours-afternoon-ddos.pcap_iscx_92d6c1 hypothesis_id=hyp_4_strong_dependency_pairs_indicate_redundancy round_id=round-001 step=1 task_id=task_3
[WORKER_STEP] task_id=task_3 step=2 mode=reasoning_only attempt=0
[ROUTER] hypothesis_id=hyp_8_tension_low_cardinality_vs_class_variation GENERATED 4 TASKS
[ROUTER] VALIDATION OK batch_id=phase3a_batch_0406154632_friday-workinghours-afternoon-ddos.pcap_iscx_92d6c1 hypothesis_id=hyp_8_tension_low_cardinality_vs_class_variation round_id=round-001
[ROUTER] END (10.3s) batch_id=phase3a_batch_0406154632_friday-workinghours-afternoon-ddos.pcap_iscx_92d6c1 hypothesis_id=hyp_8_tension_low_cardinality_vs_class_variation round_id=round-001
[WORKER] START batch_id=phase3a_batch_0406154632_friday-workinghours-afternoon-ddos.pcap_iscx_92d6c1 hypothesis_id=hyp_8_tension_low_cardinality_vs_class_variation round_id=round-001 task_id=task_1
[WORKER] START batch_id=phase3a_batch_0406154632_friday-workinghours-afternoon-ddos.pcap_iscx_92d6c1 hypothesis_id=hyp_8_tension_low_cardinality_vs_class_variation round_id=round-001 task_id=task_2
[WORKER] START batch_id=phase3a_batch_0406154632_friday-workinghours-afternoon-ddos.pcap_iscx_92d6c1 hypothesis_id=hyp_8_tension_low_cardinality_vs_class_variation round_id=round-001 task_id=task_3
[WORKER] START batch_id=phase3a_batch_0406154632_friday-workinghours-afternoon-ddos.pcap_iscx_92d6c1 hypothesis_id=hyp_8_tension_low_cardinality_vs_class_variation round_id=round-001 task_id=task_4
[HYPOTHESIS] hypothesis_id=hyp_8_tension_low_cardinality_vs_class_variation round_id=round-001 WAITING FOR 4 WORKERS
[ROUND_BARRIER] expected_tasks=3 completed_tasks=0 waiting_for=['hyp_4_strong_dependency_pairs_indicate_redundancy', 'hyp_7_class_conditioned_distribution_destination_port', 'hyp_8_tension_low_cardinality_vs_class_variation'] batch_id=phase3a_batch_0406154632_friday-workinghours-afternoon-ddos.pcap_iscx_92d6c1 round_id=round-001
[HYPOTHESIS_AGGREGATOR_BARRIER] expected_tasks=4 completed_tasks=0 waiting_for=['task_1', 'task_2', 'task_3', 'task_4'] batch_id=phase3a_batch_0406154632_friday-workinghours-afternoon-ddos.pcap_iscx_92d6c1 hypothesis_id=hyp_8_tension_low_cardinality_vs_class_variation round_id=round-001
[ROUND] batch_id=phase3a_batch_0406154632_friday-workinghours-afternoon-ddos.pcap_iscx_92d6c1 round_id=round-001 WAITING FOR 3 HYPOTHESIS AGGREGATIONS
[WORKER_STEP] task_id=task_3 step=1 mode=reasoning_only attempt=0
[WORKER_STEP] task_id=task_4 step=2 mode=reasoning_only attempt=0 decision=continue actions=0
[WORKER] VALIDATION OK batch_id=phase3a_batch_0406154632_friday-workinghours-afternoon-ddos.pcap_iscx_92d6c1 hypothesis_id=hyp_4_strong_dependency_pairs_indicate_redundancy round_id=round-001 step=2 task_id=task_4
[WORKER_STEP] task_id=task_4 step=3 mode=action_window attempt=0
[WORKER_STEP] task_id=task_3 step=2 mode=reasoning_only attempt=0 decision=continue actions=0
[WORKER_STEP] task_id=task_1 step=2 mode=reasoning_only attempt=0 decision=continue actions=0
[WORKER] VALIDATION OK batch_id=phase3a_batch_0406154632_friday-workinghours-afternoon-ddos.pcap_iscx_92d6c1 hypothesis_id=hyp_4_strong_dependency_pairs_indicate_redundancy round_id=round-001 step=2 task_id=task_3
[WORKER] VALIDATION OK batch_id=phase3a_batch_0406154632_friday-workinghours-afternoon-ddos.pcap_iscx_92d6c1 hypothesis_id=hyp_4_strong_dependency_pairs_indicate_redundancy round_id=round-001 step=2 task_id=task_1
[WORKER_STEP] task_id=task_3 step=3 mode=action_window attempt=0
[WORKER_STEP] task_id=task_1 step=3 mode=action_window attempt=0
[WORKER_STEP] task_id=task_2 step=1 mode=reasoning_only attempt=0 decision=continue actions=0
[WORKER] VALIDATION OK batch_id=phase3a_batch_0406154632_friday-workinghours-afternoon-ddos.pcap_iscx_92d6c1 hypothesis_id=hyp_4_strong_dependency_pairs_indicate_redundancy round_id=round-001 step=1 task_id=task_2
[WORKER_STEP] task_id=task_2 step=2 mode=reasoning_only attempt=0
[WORKER_STEP] task_id=task_1 step=1 mode=reasoning_only attempt=0
[WORKER_STEP] task_id=task_2 step=1 mode=reasoning_only attempt=0
[WORKER_STEP] task_id=task_3 step=1 mode=reasoning_only attempt=0 decision=continue actions=0
[WORKER] VALIDATION OK batch_id=phase3a_batch_0406154632_friday-workinghours-afternoon-ddos.pcap_iscx_92d6c1 hypothesis_id=hyp_7_class_conditioned_distribution_destination_port round_id=round-001 step=1 task_id=task_3
[WORKER_STEP] task_id=task_3 step=2 mode=reasoning_only attempt=0
[WORKER_STEP] task_id=task_4 step=3 mode=action_window attempt=0 decision=action actions=1
[WORKER] VALIDATION OK batch_id=phase3a_batch_0406154632_friday-workinghours-afternoon-ddos.pcap_iscx_92d6c1 hypothesis_id=hyp_4_strong_dependency_pairs_indicate_redundancy round_id=round-001 step=3 task_id=task_4
[WORKER_STEP] task_id=task_1 step=3 mode=action_window attempt=0 decision=action actions=1
[WORKER] VALIDATION OK batch_id=phase3a_batch_0406154632_friday-workinghours-afternoon-ddos.pcap_iscx_92d6c1 hypothesis_id=hyp_4_strong_dependency_pairs_indicate_redundancy round_id=round-001 step=3 task_id=task_1
[WORKER_STEP] task_id=task_4 step=4 mode=reasoning_only attempt=0
[WORKER_STEP] task_id=task_2 step=2 mode=reasoning_only attempt=0 decision=continue actions=0
[WORKER] VALIDATION OK batch_id=phase3a_batch_0406154632_friday-workinghours-afternoon-ddos.pcap_iscx_92d6c1 hypothesis_id=hyp_4_strong_dependency_pairs_indicate_redundancy round_id=round-001 step=2 task_id=task_2
[WORKER_STEP] task_id=task_2 step=3 mode=action_window attempt=0
[WORKER_STEP] task_id=task_3 step=2 mode=reasoning_only attempt=0 decision=continue actions=0
[WORKER] VALIDATION OK batch_id=phase3a_batch_0406154632_friday-workinghours-afternoon-ddos.pcap_iscx_92d6c1 hypothesis_id=hyp_7_class_conditioned_distribution_destination_port round_id=round-001 step=2 task_id=task_3
[WORKER_STEP] task_id=task_3 step=3 mode=action_window attempt=0
[WORKER_STEP] task_id=task_3 step=3 mode=action_window attempt=0 decision=action actions=1
[WORKER] VALIDATION OK batch_id=phase3a_batch_0406154632_friday-workinghours-afternoon-ddos.pcap_iscx_92d6c1 hypothesis_id=hyp_4_strong_dependency_pairs_indicate_redundancy round_id=round-001 step=3 task_id=task_3
[WORKER_STEP] task_id=task_1 step=4 mode=reasoning_only attempt=0
[WORKER_STEP] task_id=task_2 step=1 mode=reasoning_only attempt=0 decision=continue actions=0
[WORKER] VALIDATION OK batch_id=phase3a_batch_0406154632_friday-workinghours-afternoon-ddos.pcap_iscx_92d6c1 hypothesis_id=hyp_7_class_conditioned_distribution_destination_port round_id=round-001 step=1 task_id=task_2
[WORKER_STEP] task_id=task_2 step=2 mode=reasoning_only attempt=0
[WORKER_STEP] task_id=task_3 step=4 mode=reasoning_only attempt=0
[WORKER_STEP] task_id=task_1 step=1 mode=reasoning_only attempt=0 decision=continue actions=0
[WORKER] VALIDATION OK batch_id=phase3a_batch_0406154632_friday-workinghours-afternoon-ddos.pcap_iscx_92d6c1 hypothesis_id=hyp_7_class_conditioned_distribution_destination_port round_id=round-001 step=1 task_id=task_1
[WORKER_STEP] task_id=task_1 step=2 mode=reasoning_only attempt=0
[WORKER_STEP] task_id=task_4 step=4 mode=reasoning_only attempt=0 decision=continue actions=0
[WORKER] VALIDATION OK batch_id=phase3a_batch_0406154632_friday-workinghours-afternoon-ddos.pcap_iscx_92d6c1 hypothesis_id=hyp_4_strong_dependency_pairs_indicate_redundancy round_id=round-001 step=4 task_id=task_4
[WORKER_STEP] task_id=task_4 step=5 mode=action_window attempt=0
[WORKER_STEP] task_id=task_3 step=3 mode=action_window attempt=0 decision=action actions=1
[WORKER] VALIDATION OK batch_id=phase3a_batch_0406154632_friday-workinghours-afternoon-ddos.pcap_iscx_92d6c1 hypothesis_id=hyp_7_class_conditioned_distribution_destination_port round_id=round-001 step=3 task_id=task_3
[WORKER_STEP] task_id=task_2 step=3 mode=action_window attempt=0 decision=action actions=1
[WORKER] VALIDATION OK batch_id=phase3a_batch_0406154632_friday-workinghours-afternoon-ddos.pcap_iscx_92d6c1 hypothesis_id=hyp_4_strong_dependency_pairs_indicate_redundancy round_id=round-001 step=3 task_id=task_2
[WORKER_STEP] task_id=task_1 step=2 mode=reasoning_only attempt=0 decision=continue actions=0
[WORKER] VALIDATION OK batch_id=phase3a_batch_0406154632_friday-workinghours-afternoon-ddos.pcap_iscx_92d6c1 hypothesis_id=hyp_7_class_conditioned_distribution_destination_port round_id=round-001 step=2 task_id=task_1
[WORKER_STEP] task_id=task_1 step=3 mode=action_window attempt=0
[WORKER_STEP] task_id=task_2 step=2 mode=reasoning_only attempt=0 decision=continue actions=0
[WORKER_STEP] task_id=task_1 step=4 mode=reasoning_only attempt=0 decision=continue actions=0
[WORKER_STEP] task_id=task_4 step=1 mode=reasoning_only attempt=0
[WORKER] VALIDATION OK batch_id=phase3a_batch_0406154632_friday-workinghours-afternoon-ddos.pcap_iscx_92d6c1 hypothesis_id=hyp_7_class_conditioned_distribution_destination_port round_id=round-001 step=2 task_id=task_2
[WORKER] VALIDATION OK batch_id=phase3a_batch_0406154632_friday-workinghours-afternoon-ddos.pcap_iscx_92d6c1 hypothesis_id=hyp_4_strong_dependency_pairs_indicate_redundancy round_id=round-001 step=4 task_id=task_1
[WORKER_STEP] task_id=task_2 step=3 mode=action_window attempt=0
[WORKER_STEP] task_id=task_1 step=5 mode=action_window attempt=0
[WORKER_STEP] task_id=task_3 step=1 mode=reasoning_only attempt=0
[WORKER_STEP] task_id=task_3 step=4 mode=reasoning_only attempt=0 decision=continue actions=0
[WORKER] VALIDATION OK batch_id=phase3a_batch_0406154632_friday-workinghours-afternoon-ddos.pcap_iscx_92d6c1 hypothesis_id=hyp_4_strong_dependency_pairs_indicate_redundancy round_id=round-001 step=4 task_id=task_3
[WORKER_STEP] task_id=task_3 step=5 mode=action_window attempt=0
[WORKER_STEP] task_id=task_4 step=5 mode=action_window attempt=0 decision=action actions=1
[WORKER] VALIDATION OK batch_id=phase3a_batch_0406154632_friday-workinghours-afternoon-ddos.pcap_iscx_92d6c1 hypothesis_id=hyp_4_strong_dependency_pairs_indicate_redundancy round_id=round-001 step=5 task_id=task_4
[WORKER_STEP] task_id=task_4 step=6 mode=reasoning_only attempt=0
[WORKER_STEP] task_id=task_4 step=1 mode=reasoning_only attempt=0 decision=continue actions=0
[WORKER] VALIDATION OK batch_id=phase3a_batch_0406154632_friday-workinghours-afternoon-ddos.pcap_iscx_92d6c1 hypothesis_id=hyp_8_tension_low_cardinality_vs_class_variation round_id=round-001 step=1 task_id=task_4
[WORKER_STEP] task_id=task_4 step=2 mode=reasoning_only attempt=0
[WORKER_STEP] task_id=task_2 step=3 mode=action_window attempt=0 decision=action actions=1
[WORKER] VALIDATION OK batch_id=phase3a_batch_0406154632_friday-workinghours-afternoon-ddos.pcap_iscx_92d6c1 hypothesis_id=hyp_7_class_conditioned_distribution_destination_port round_id=round-001 step=3 task_id=task_2
[WORKER_STEP] task_id=task_1 step=3 mode=action_window attempt=0 decision=action actions=1
[WORKER_STEP] task_id=task_1 step=5 mode=action_window attempt=0 decision=action actions=1
[WORKER] VALIDATION OK batch_id=phase3a_batch_0406154632_friday-workinghours-afternoon-ddos.pcap_iscx_92d6c1 hypothesis_id=hyp_7_class_conditioned_distribution_destination_port round_id=round-001 step=3 task_id=task_1
[WORKER] VALIDATION OK batch_id=phase3a_batch_0406154632_friday-workinghours-afternoon-ddos.pcap_iscx_92d6c1 hypothesis_id=hyp_4_strong_dependency_pairs_indicate_redundancy round_id=round-001 step=5 task_id=task_1
[WORKER_STEP] task_id=task_3 step=1 mode=reasoning_only attempt=0 decision=continue actions=0
[WORKER_STEP] task_id=task_4 step=6 mode=reasoning_only attempt=0 decision=continue actions=0
[WORKER] VALIDATION OK batch_id=phase3a_batch_0406154632_friday-workinghours-afternoon-ddos.pcap_iscx_92d6c1 hypothesis_id=hyp_8_tension_low_cardinality_vs_class_variation round_id=round-001 step=1 task_id=task_3
[WORKER] VALIDATION OK batch_id=phase3a_batch_0406154632_friday-workinghours-afternoon-ddos.pcap_iscx_92d6c1 hypothesis_id=hyp_4_strong_dependency_pairs_indicate_redundancy round_id=round-001 step=6 task_id=task_4
[WORKER_STEP] task_id=task_3 step=2 mode=reasoning_only attempt=0
[WORKER_STEP] task_id=task_3 step=5 mode=action_window attempt=0 decision=action actions=1
[WORKER_STEP] task_id=task_4 step=7 mode=action_window attempt=0
[WORKER] VALIDATION OK batch_id=phase3a_batch_0406154632_friday-workinghours-afternoon-ddos.pcap_iscx_92d6c1 hypothesis_id=hyp_4_strong_dependency_pairs_indicate_redundancy round_id=round-001 step=5 task_id=task_3
[WORKER_STEP] task_id=task_4 step=2 mode=reasoning_only attempt=0 decision=continue actions=0
[WORKER] VALIDATION OK batch_id=phase3a_batch_0406154632_friday-workinghours-afternoon-ddos.pcap_iscx_92d6c1 hypothesis_id=hyp_8_tension_low_cardinality_vs_class_variation round_id=round-001 step=2 task_id=task_4
[WORKER_STEP] task_id=task_4 step=7 mode=action_window attempt=0 decision=action actions=1
[WORKER_STEP] task_id=task_3 step=2 mode=reasoning_only attempt=0 decision=continue actions=0
[WORKER_STEP] task_id=task_4 step=3 mode=action_window attempt=0
[WORKER] VALIDATION OK batch_id=phase3a_batch_0406154632_friday-workinghours-afternoon-ddos.pcap_iscx_92d6c1 hypothesis_id=hyp_4_strong_dependency_pairs_indicate_redundancy round_id=round-001 step=7 task_id=task_4
[WORKER] VALIDATION OK batch_id=phase3a_batch_0406154632_friday-workinghours-afternoon-ddos.pcap_iscx_92d6c1 hypothesis_id=hyp_8_tension_low_cardinality_vs_class_variation round_id=round-001 step=2 task_id=task_3
[WORKER_STEP] task_id=task_3 step=3 mode=action_window attempt=0
[WORKER_STEP] task_id=task_3 step=4 mode=reasoning_only attempt=0
[WORKER_STEP] task_id=task_4 step=8 mode=final_synthesis attempt=0
[WORKER_STEP] task_id=task_2 step=4 mode=reasoning_only attempt=0
[WORKER_STEP] task_id=task_3 step=3 mode=action_window attempt=0 decision=action actions=1
[WORKER_STEP] task_id=task_1 step=1 mode=reasoning_only attempt=0
[WORKER] VALIDATION OK batch_id=phase3a_batch_0406154632_friday-workinghours-afternoon-ddos.pcap_iscx_92d6c1 hypothesis_id=hyp_8_tension_low_cardinality_vs_class_variation round_id=round-001 step=3 task_id=task_3
[WORKER_STEP] task_id=task_4 step=3 mode=action_window attempt=0 decision=action actions=1
[WORKER] VALIDATION OK batch_id=phase3a_batch_0406154632_friday-workinghours-afternoon-ddos.pcap_iscx_92d6c1 hypothesis_id=hyp_8_tension_low_cardinality_vs_class_variation round_id=round-001 step=3 task_id=task_4
[WORKER_STEP] task_id=task_2 step=4 mode=reasoning_only attempt=0
[WORKER_STEP] task_id=task_2 step=1 mode=reasoning_only attempt=0
[WORKER_STEP] task_id=task_3 step=4 mode=reasoning_only attempt=0 decision=continue actions=0
[WORKER] VALIDATION OK batch_id=phase3a_batch_0406154632_friday-workinghours-afternoon-ddos.pcap_iscx_92d6c1 hypothesis_id=hyp_7_class_conditioned_distribution_destination_port round_id=round-001 step=4 task_id=task_3
[WORKER_STEP] task_id=task_3 step=5 mode=action_window attempt=0
[WORKER_STEP] task_id=task_1 step=6 mode=reasoning_only attempt=0
[WORKER_STEP] task_id=task_1 step=1 mode=reasoning_only attempt=0 decision=continue actions=0
[WORKER] VALIDATION OK batch_id=phase3a_batch_0406154632_friday-workinghours-afternoon-ddos.pcap_iscx_92d6c1 hypothesis_id=hyp_8_tension_low_cardinality_vs_class_variation round_id=round-001 step=1 task_id=task_1
[WORKER_STEP] task_id=task_1 step=2 mode=reasoning_only attempt=0
[WORKER_STEP] task_id=task_4 step=3 mode=action_window attempt=1 decision=action actions=1
[WORKER] VALIDATION OK batch_id=phase3a_batch_0406154632_friday-workinghours-afternoon-ddos.pcap_iscx_92d6c1 hypothesis_id=hyp_8_tension_low_cardinality_vs_class_variation round_id=round-001 step=3 task_id=task_4
[WORKER_STEP] task_id=task_4 step=4 mode=reasoning_only attempt=0
[WORKER_STEP] task_id=task_2 step=4 mode=reasoning_only attempt=0 decision=continue actions=0
[WORKER_STEP] task_id=task_2 step=4 mode=reasoning_only attempt=0 decision=continue actions=0
[WORKER] VALIDATION OK batch_id=phase3a_batch_0406154632_friday-workinghours-afternoon-ddos.pcap_iscx_92d6c1 hypothesis_id=hyp_7_class_conditioned_distribution_destination_port round_id=round-001 step=4 task_id=task_2
[WORKER] VALIDATION OK batch_id=phase3a_batch_0406154632_friday-workinghours-afternoon-ddos.pcap_iscx_92d6c1 hypothesis_id=hyp_4_strong_dependency_pairs_indicate_redundancy round_id=round-001 step=4 task_id=task_2
[WORKER_STEP] task_id=task_2 step=5 mode=action_window attempt=0
[WORKER_STEP] task_id=task_2 step=5 mode=action_window attempt=0
[WORKER_STEP] task_id=task_3 step=5 mode=action_window attempt=0 decision=action actions=1
[WORKER] VALIDATION OK batch_id=phase3a_batch_0406154632_friday-workinghours-afternoon-ddos.pcap_iscx_92d6c1 hypothesis_id=hyp_7_class_conditioned_distribution_destination_port round_id=round-001 step=5 task_id=task_3
[WORKER_STEP] task_id=task_2 step=1 mode=reasoning_only attempt=0 decision=continue actions=0
[WORKER] VALIDATION OK batch_id=phase3a_batch_0406154632_friday-workinghours-afternoon-ddos.pcap_iscx_92d6c1 hypothesis_id=hyp_8_tension_low_cardinality_vs_class_variation round_id=round-001 step=1 task_id=task_2
[WORKER_STEP] task_id=task_2 step=2 mode=reasoning_only attempt=0
[WORKER_STEP] task_id=task_1 step=6 mode=reasoning_only attempt=0 decision=continue actions=0
[WORKER] VALIDATION OK batch_id=phase3a_batch_0406154632_friday-workinghours-afternoon-ddos.pcap_iscx_92d6c1 hypothesis_id=hyp_4_strong_dependency_pairs_indicate_redundancy round_id=round-001 step=6 task_id=task_1
[WORKER_STEP] task_id=task_1 step=7 mode=action_window attempt=0
[WORKER_STEP] task_id=task_4 step=4 mode=reasoning_only attempt=0 decision=continue actions=0
[WORKER_STEP] task_id=task_1 step=4 mode=reasoning_only attempt=0
[WORKER] VALIDATION OK batch_id=phase3a_batch_0406154632_friday-workinghours-afternoon-ddos.pcap_iscx_92d6c1 hypothesis_id=hyp_8_tension_low_cardinality_vs_class_variation round_id=round-001 step=4 task_id=task_4
[WORKER_STEP] task_id=task_4 step=5 mode=action_window attempt=0
[WORKER_STEP] task_id=task_2 step=5 mode=action_window attempt=0 decision=action actions=1
[WORKER] VALIDATION OK batch_id=phase3a_batch_0406154632_friday-workinghours-afternoon-ddos.pcap_iscx_92d6c1 hypothesis_id=hyp_4_strong_dependency_pairs_indicate_redundancy round_id=round-001 step=5 task_id=task_2
[WORKER_STEP] task_id=task_2 step=6 mode=reasoning_only attempt=0
[WORKER_STEP] task_id=task_2 step=2 mode=reasoning_only attempt=0 decision=continue actions=0
[WORKER] VALIDATION OK batch_id=phase3a_batch_0406154632_friday-workinghours-afternoon-ddos.pcap_iscx_92d6c1 hypothesis_id=hyp_8_tension_low_cardinality_vs_class_variation round_id=round-001 step=2 task_id=task_2
[WORKER_STEP] task_id=task_2 step=3 mode=action_window attempt=0
[WORKER_STEP] task_id=task_2 step=5 mode=action_window attempt=0 decision=action actions=1
[WORKER] VALIDATION OK batch_id=phase3a_batch_0406154632_friday-workinghours-afternoon-ddos.pcap_iscx_92d6c1 hypothesis_id=hyp_7_class_conditioned_distribution_destination_port round_id=round-001 step=5 task_id=task_2
[WORKER_STEP] task_id=task_1 step=7 mode=action_window attempt=0 decision=action actions=1
[WORKER] VALIDATION OK batch_id=phase3a_batch_0406154632_friday-workinghours-afternoon-ddos.pcap_iscx_92d6c1 hypothesis_id=hyp_4_strong_dependency_pairs_indicate_redundancy round_id=round-001 step=7 task_id=task_1
[WORKER_STEP] task_id=task_1 step=2 mode=reasoning_only attempt=0 decision=continue actions=0
[WORKER] VALIDATION OK batch_id=phase3a_batch_0406154632_friday-workinghours-afternoon-ddos.pcap_iscx_92d6c1 hypothesis_id=hyp_8_tension_low_cardinality_vs_class_variation round_id=round-001 step=2 task_id=task_1
[WORKER_STEP] task_id=task_1 step=3 mode=action_window attempt=0
[WORKER_STEP] task_id=task_1 step=8 mode=final_synthesis attempt=0
[WORKER_STEP] task_id=task_4 step=8 mode=final_synthesis attempt=0 decision=finish actions=0
[WORKER] VALIDATION OK batch_id=phase3a_batch_0406154632_friday-workinghours-afternoon-ddos.pcap_iscx_92d6c1 hypothesis_id=hyp_4_strong_dependency_pairs_indicate_redundancy round_id=round-001 step=8 task_id=task_4
[WORKER] VALIDATION OK batch_id=phase3a_batch_0406154632_friday-workinghours-afternoon-ddos.pcap_iscx_92d6c1 hypothesis_id=hyp_4_strong_dependency_pairs_indicate_redundancy round_id=round-001 task_id=task_4
[WORKER_STEP] task_id=task_4 step=5 mode=action_window attempt=0 decision=action actions=1
[WORKER] VALIDATION OK batch_id=phase3a_batch_0406154632_friday-workinghours-afternoon-ddos.pcap_iscx_92d6c1 hypothesis_id=hyp_4_strong_dependency_pairs_indicate_redundancy round_id=round-001 task_id=task_4
[WORKER] VALIDATION OK batch_id=phase3a_batch_0406154632_friday-workinghours-afternoon-ddos.pcap_iscx_92d6c1 hypothesis_id=hyp_8_tension_low_cardinality_vs_class_variation round_id=round-001 step=5 task_id=task_4
[WORKER] END (78.0s) batch_id=phase3a_batch_0406154632_friday-workinghours-afternoon-ddos.pcap_iscx_92d6c1 hypothesis_id=hyp_4_strong_dependency_pairs_indicate_redundancy round_id=round-001 task_id=task_4
[WORKER_STEP] task_id=task_1 step=4 mode=reasoning_only attempt=0 decision=continue actions=0
[WORKER] VALIDATION OK batch_id=phase3a_batch_0406154632_friday-workinghours-afternoon-ddos.pcap_iscx_92d6c1 hypothesis_id=hyp_7_class_conditioned_distribution_destination_port round_id=round-001 step=4 task_id=task_1
[WORKER_STEP] task_id=task_1 step=5 mode=action_window attempt=0
[WORKER_STEP] task_id=task_2 step=6 mode=reasoning_only attempt=0 decision=continue actions=0
[WORKER_STEP] task_id=task_2 step=3 mode=action_window attempt=0 decision=action actions=1
[WORKER] VALIDATION OK batch_id=phase3a_batch_0406154632_friday-workinghours-afternoon-ddos.pcap_iscx_92d6c1 hypothesis_id=hyp_4_strong_dependency_pairs_indicate_redundancy round_id=round-001 step=6 task_id=task_2
[WORKER] VALIDATION OK batch_id=phase3a_batch_0406154632_friday-workinghours-afternoon-ddos.pcap_iscx_92d6c1 hypothesis_id=hyp_8_tension_low_cardinality_vs_class_variation round_id=round-001 step=3 task_id=task_2
[WORKER_STEP] task_id=task_2 step=7 mode=action_window attempt=0
[WORKER_STEP] task_id=task_1 step=8 mode=final_synthesis attempt=0 decision=finish actions=0
[WORKER] VALIDATION OK batch_id=phase3a_batch_0406154632_friday-workinghours-afternoon-ddos.pcap_iscx_92d6c1 hypothesis_id=hyp_4_strong_dependency_pairs_indicate_redundancy round_id=round-001 step=8 task_id=task_1
[WORKER] VALIDATION OK batch_id=phase3a_batch_0406154632_friday-workinghours-afternoon-ddos.pcap_iscx_92d6c1 hypothesis_id=hyp_4_strong_dependency_pairs_indicate_redundancy round_id=round-001 task_id=task_1
[WORKER] VALIDATION OK batch_id=phase3a_batch_0406154632_friday-workinghours-afternoon-ddos.pcap_iscx_92d6c1 hypothesis_id=hyp_4_strong_dependency_pairs_indicate_redundancy round_id=round-001 task_id=task_1
[WORKER] END (83.1s) batch_id=phase3a_batch_0406154632_friday-workinghours-afternoon-ddos.pcap_iscx_92d6c1 hypothesis_id=hyp_4_strong_dependency_pairs_indicate_redundancy round_id=round-001 task_id=task_1
[WORKER_STEP] task_id=task_1 step=3 mode=action_window attempt=0 decision=action actions=1
[WORKER] VALIDATION OK batch_id=phase3a_batch_0406154632_friday-workinghours-afternoon-ddos.pcap_iscx_92d6c1 hypothesis_id=hyp_8_tension_low_cardinality_vs_class_variation round_id=round-001 step=3 task_id=task_1
[WORKER_STEP] task_id=task_2 step=4 mode=reasoning_only attempt=0
[WORKER_STEP] task_id=task_1 step=5 mode=action_window attempt=0 decision=action actions=1
[WORKER] VALIDATION OK batch_id=phase3a_batch_0406154632_friday-workinghours-afternoon-ddos.pcap_iscx_92d6c1 hypothesis_id=hyp_7_class_conditioned_distribution_destination_port round_id=round-001 step=5 task_id=task_1
[WORKER_STEP] task_id=task_1 step=4 mode=reasoning_only attempt=0
[WORKER_STEP] task_id=task_2 step=7 mode=action_window attempt=0 decision=action actions=1
[WORKER] VALIDATION OK batch_id=phase3a_batch_0406154632_friday-workinghours-afternoon-ddos.pcap_iscx_92d6c1 hypothesis_id=hyp_4_strong_dependency_pairs_indicate_redundancy round_id=round-001 step=7 task_id=task_2
[WORKER_STEP] task_id=task_3 step=6 mode=reasoning_only attempt=0
[WORKER_STEP] task_id=task_1 step=6 mode=reasoning_only attempt=0
[WORKER_STEP] task_id=task_2 step=8 mode=final_synthesis attempt=0
[WORKER_STEP] task_id=task_2 step=4 mode=reasoning_only attempt=0 decision=continue actions=0
[WORKER] VALIDATION OK batch_id=phase3a_batch_0406154632_friday-workinghours-afternoon-ddos.pcap_iscx_92d6c1 hypothesis_id=hyp_8_tension_low_cardinality_vs_class_variation round_id=round-001 step=4 task_id=task_2
[WORKER_STEP] task_id=task_2 step=5 mode=action_window attempt=0
[WORKER_STEP] task_id=task_1 step=4 mode=reasoning_only attempt=0 decision=continue actions=0
[WORKER] VALIDATION OK batch_id=phase3a_batch_0406154632_friday-workinghours-afternoon-ddos.pcap_iscx_92d6c1 hypothesis_id=hyp_8_tension_low_cardinality_vs_class_variation round_id=round-001 step=4 task_id=task_1
[WORKER_STEP] task_id=task_1 step=5 mode=action_window attempt=0
[WORKER_STEP] task_id=task_1 step=6 mode=reasoning_only attempt=0 decision=continue actions=0
[WORKER] VALIDATION OK batch_id=phase3a_batch_0406154632_friday-workinghours-afternoon-ddos.pcap_iscx_92d6c1 hypothesis_id=hyp_7_class_conditioned_distribution_destination_port round_id=round-001 step=6 task_id=task_1
[WORKER_STEP] task_id=task_1 step=7 mode=action_window attempt=0
[WORKER_STEP] task_id=task_3 step=6 mode=reasoning_only attempt=0 decision=continue actions=0
[WORKER] VALIDATION OK batch_id=phase3a_batch_0406154632_friday-workinghours-afternoon-ddos.pcap_iscx_92d6c1 hypothesis_id=hyp_7_class_conditioned_distribution_destination_port round_id=round-001 step=6 task_id=task_3
[WORKER_STEP] task_id=task_3 step=7 mode=action_window attempt=0
[WORKER_STEP] task_id=task_2 step=5 mode=action_window attempt=0 decision=action actions=1
[WORKER] VALIDATION OK batch_id=phase3a_batch_0406154632_friday-workinghours-afternoon-ddos.pcap_iscx_92d6c1 hypothesis_id=hyp_8_tension_low_cardinality_vs_class_variation round_id=round-001 step=5 task_id=task_2
[WORKER_STEP] task_id=task_1 step=5 mode=action_window attempt=0 decision=action actions=1
[WORKER] VALIDATION OK batch_id=phase3a_batch_0406154632_friday-workinghours-afternoon-ddos.pcap_iscx_92d6c1 hypothesis_id=hyp_8_tension_low_cardinality_vs_class_variation round_id=round-001 step=5 task_id=task_1
[WORKER_STEP] task_id=task_2 step=8 mode=final_synthesis attempt=0 decision=finish actions=0
[WORKER] VALIDATION OK batch_id=phase3a_batch_0406154632_friday-workinghours-afternoon-ddos.pcap_iscx_92d6c1 hypothesis_id=hyp_4_strong_dependency_pairs_indicate_redundancy round_id=round-001 step=8 task_id=task_2
[WORKER_STEP] task_id=task_1 step=6 mode=reasoning_only attempt=0
[WORKER] VALIDATION OK batch_id=phase3a_batch_0406154632_friday-workinghours-afternoon-ddos.pcap_iscx_92d6c1 hypothesis_id=hyp_4_strong_dependency_pairs_indicate_redundancy round_id=round-001 task_id=task_2
[WORKER_STEP] task_id=task_2 step=6 mode=reasoning_only attempt=0
[WORKER] VALIDATION OK batch_id=phase3a_batch_0406154632_friday-workinghours-afternoon-ddos.pcap_iscx_92d6c1 hypothesis_id=hyp_4_strong_dependency_pairs_indicate_redundancy round_id=round-001 task_id=task_2
[WORKER] END (94.6s) batch_id=phase3a_batch_0406154632_friday-workinghours-afternoon-ddos.pcap_iscx_92d6c1 hypothesis_id=hyp_4_strong_dependency_pairs_indicate_redundancy round_id=round-001 task_id=task_2
[WORKER_STEP] task_id=task_1 step=7 mode=action_window attempt=0 decision=continue actions=0
[WORKER] VALIDATION OK batch_id=phase3a_batch_0406154632_friday-workinghours-afternoon-ddos.pcap_iscx_92d6c1 hypothesis_id=hyp_7_class_conditioned_distribution_destination_port round_id=round-001 step=7 task_id=task_1
[WORKER_STEP] task_id=task_1 step=8 mode=final_synthesis attempt=0
[WORKER_STEP] task_id=task_4 step=6 mode=reasoning_only attempt=0
[WORKER_STEP] task_id=task_3 step=7 mode=action_window attempt=0 decision=continue actions=0
[WORKER] VALIDATION OK batch_id=phase3a_batch_0406154632_friday-workinghours-afternoon-ddos.pcap_iscx_92d6c1 hypothesis_id=hyp_7_class_conditioned_distribution_destination_port round_id=round-001 step=7 task_id=task_3
[WORKER_STEP] task_id=task_3 step=8 mode=final_synthesis attempt=0
[WORKER_STEP] task_id=task_1 step=6 mode=reasoning_only attempt=0 decision=continue actions=0
[WORKER] VALIDATION OK batch_id=phase3a_batch_0406154632_friday-workinghours-afternoon-ddos.pcap_iscx_92d6c1 hypothesis_id=hyp_8_tension_low_cardinality_vs_class_variation round_id=round-001 step=6 task_id=task_1
[WORKER_STEP] task_id=task_1 step=7 mode=action_window attempt=0
[WORKER_STEP] task_id=task_2 step=6 mode=reasoning_only attempt=0 decision=continue actions=0
[WORKER] VALIDATION OK batch_id=phase3a_batch_0406154632_friday-workinghours-afternoon-ddos.pcap_iscx_92d6c1 hypothesis_id=hyp_8_tension_low_cardinality_vs_class_variation round_id=round-001 step=6 task_id=task_2
[WORKER_STEP] task_id=task_2 step=7 mode=action_window attempt=0
[WORKER_STEP] task_id=task_1 step=8 mode=final_synthesis attempt=0 decision=finish actions=0
[WORKER] VALIDATION OK batch_id=phase3a_batch_0406154632_friday-workinghours-afternoon-ddos.pcap_iscx_92d6c1 hypothesis_id=hyp_7_class_conditioned_distribution_destination_port round_id=round-001 step=8 task_id=task_1
[WORKER] VALIDATION OK batch_id=phase3a_batch_0406154632_friday-workinghours-afternoon-ddos.pcap_iscx_92d6c1 hypothesis_id=hyp_7_class_conditioned_distribution_destination_port round_id=round-001 task_id=task_1
[WORKER] VALIDATION OK batch_id=phase3a_batch_0406154632_friday-workinghours-afternoon-ddos.pcap_iscx_92d6c1 hypothesis_id=hyp_7_class_conditioned_distribution_destination_port round_id=round-001 task_id=task_1
[WORKER] END (94.9s) batch_id=phase3a_batch_0406154632_friday-workinghours-afternoon-ddos.pcap_iscx_92d6c1 hypothesis_id=hyp_7_class_conditioned_distribution_destination_port round_id=round-001 task_id=task_1
[WORKER_STEP] task_id=task_4 step=6 mode=reasoning_only attempt=0 decision=continue actions=0
[WORKER] VALIDATION OK batch_id=phase3a_batch_0406154632_friday-workinghours-afternoon-ddos.pcap_iscx_92d6c1 hypothesis_id=hyp_8_tension_low_cardinality_vs_class_variation round_id=round-001 step=6 task_id=task_4
[WORKER_STEP] task_id=task_4 step=7 mode=action_window attempt=0
[WORKER_STEP] task_id=task_2 step=7 mode=action_window attempt=0 decision=action actions=1
[WORKER] VALIDATION OK batch_id=phase3a_batch_0406154632_friday-workinghours-afternoon-ddos.pcap_iscx_92d6c1 hypothesis_id=hyp_8_tension_low_cardinality_vs_class_variation round_id=round-001 step=7 task_id=task_2
[WORKER_STEP] task_id=task_2 step=8 mode=final_synthesis attempt=0
[WORKER_STEP] task_id=task_3 step=8 mode=final_synthesis attempt=0 decision=finish actions=0
[WORKER] VALIDATION OK batch_id=phase3a_batch_0406154632_friday-workinghours-afternoon-ddos.pcap_iscx_92d6c1 hypothesis_id=hyp_7_class_conditioned_distribution_destination_port round_id=round-001 step=8 task_id=task_3
[WORKER] VALIDATION OK batch_id=phase3a_batch_0406154632_friday-workinghours-afternoon-ddos.pcap_iscx_92d6c1 hypothesis_id=hyp_7_class_conditioned_distribution_destination_port round_id=round-001 task_id=task_3
[WORKER] VALIDATION OK batch_id=phase3a_batch_0406154632_friday-workinghours-afternoon-ddos.pcap_iscx_92d6c1 hypothesis_id=hyp_7_class_conditioned_distribution_destination_port round_id=round-001 task_id=task_3
[WORKER] END (99.5s) batch_id=phase3a_batch_0406154632_friday-workinghours-afternoon-ddos.pcap_iscx_92d6c1 hypothesis_id=hyp_7_class_conditioned_distribution_destination_port round_id=round-001 task_id=task_3
[WORKER_STEP] task_id=task_4 step=7 mode=action_window attempt=0 decision=action actions=1
[WORKER] VALIDATION OK batch_id=phase3a_batch_0406154632_friday-workinghours-afternoon-ddos.pcap_iscx_92d6c1 hypothesis_id=hyp_8_tension_low_cardinality_vs_class_variation round_id=round-001 step=7 task_id=task_4
[WORKER_STEP] task_id=task_4 step=8 mode=final_synthesis attempt=0
[WORKER_STEP] task_id=task_2 step=8 mode=final_synthesis attempt=0 decision=finish actions=0
[WORKER] VALIDATION OK batch_id=phase3a_batch_0406154632_friday-workinghours-afternoon-ddos.pcap_iscx_92d6c1 hypothesis_id=hyp_8_tension_low_cardinality_vs_class_variation round_id=round-001 step=8 task_id=task_2
[WORKER] VALIDATION OK batch_id=phase3a_batch_0406154632_friday-workinghours-afternoon-ddos.pcap_iscx_92d6c1 hypothesis_id=hyp_8_tension_low_cardinality_vs_class_variation round_id=round-001 task_id=task_2
[WORKER] VALIDATION OK batch_id=phase3a_batch_0406154632_friday-workinghours-afternoon-ddos.pcap_iscx_92d6c1 hypothesis_id=hyp_8_tension_low_cardinality_vs_class_variation round_id=round-001 task_id=task_2
[WORKER] END (95.7s) batch_id=phase3a_batch_0406154632_friday-workinghours-afternoon-ddos.pcap_iscx_92d6c1 hypothesis_id=hyp_8_tension_low_cardinality_vs_class_variation round_id=round-001 task_id=task_2
[WORKER_STEP] task_id=task_4 step=8 mode=final_synthesis attempt=0 decision=finish actions=0
[WORKER] VALIDATION OK batch_id=phase3a_batch_0406154632_friday-workinghours-afternoon-ddos.pcap_iscx_92d6c1 hypothesis_id=hyp_8_tension_low_cardinality_vs_class_variation round_id=round-001 step=8 task_id=task_4
[WORKER] VALIDATION OK batch_id=phase3a_batch_0406154632_friday-workinghours-afternoon-ddos.pcap_iscx_92d6c1 hypothesis_id=hyp_8_tension_low_cardinality_vs_class_variation round_id=round-001 task_id=task_4
[WORKER] VALIDATION OK batch_id=phase3a_batch_0406154632_friday-workinghours-afternoon-ddos.pcap_iscx_92d6c1 hypothesis_id=hyp_8_tension_low_cardinality_vs_class_variation round_id=round-001 task_id=task_4
[WORKER] END (100.4s) batch_id=phase3a_batch_0406154632_friday-workinghours-afternoon-ddos.pcap_iscx_92d6c1 hypothesis_id=hyp_8_tension_low_cardinality_vs_class_variation round_id=round-001 task_id=task_4
[WORKER_STEP] task_id=task_1 step=7 mode=action_window attempt=0 decision=action actions=1
[WORKER] VALIDATION OK batch_id=phase3a_batch_0406154632_friday-workinghours-afternoon-ddos.pcap_iscx_92d6c1 hypothesis_id=hyp_8_tension_low_cardinality_vs_class_variation round_id=round-001 step=7 task_id=task_1
[WORKER_STEP] task_id=task_1 step=8 mode=final_synthesis attempt=0
[WORKER_STEP] task_id=task_1 step=8 mode=final_synthesis attempt=0 decision=finish actions=0
[WORKER] VALIDATION OK batch_id=phase3a_batch_0406154632_friday-workinghours-afternoon-ddos.pcap_iscx_92d6c1 hypothesis_id=hyp_8_tension_low_cardinality_vs_class_variation round_id=round-001 step=8 task_id=task_1
[WORKER] VALIDATION OK batch_id=phase3a_batch_0406154632_friday-workinghours-afternoon-ddos.pcap_iscx_92d6c1 hypothesis_id=hyp_8_tension_low_cardinality_vs_class_variation round_id=round-001 task_id=task_1
[WORKER] VALIDATION OK batch_id=phase3a_batch_0406154632_friday-workinghours-afternoon-ddos.pcap_iscx_92d6c1 hypothesis_id=hyp_8_tension_low_cardinality_vs_class_variation round_id=round-001 task_id=task_1
[WORKER] END (124.4s) batch_id=phase3a_batch_0406154632_friday-workinghours-afternoon-ddos.pcap_iscx_92d6c1 hypothesis_id=hyp_8_tension_low_cardinality_vs_class_variation round_id=round-001 task_id=task_1
[WORKER_STEP] task_id=task_2 step=6 mode=reasoning_only attempt=0
[WORKER_STEP] task_id=task_2 step=6 mode=reasoning_only attempt=0 decision=continue actions=0
[WORKER] VALIDATION OK batch_id=phase3a_batch_0406154632_friday-workinghours-afternoon-ddos.pcap_iscx_92d6c1 hypothesis_id=hyp_7_class_conditioned_distribution_destination_port round_id=round-001 step=6 task_id=task_2
[WORKER_STEP] task_id=task_2 step=7 mode=action_window attempt=0
[WORKER_STEP] task_id=task_2 step=7 mode=action_window attempt=0 decision=continue actions=0
[WORKER] VALIDATION OK batch_id=phase3a_batch_0406154632_friday-workinghours-afternoon-ddos.pcap_iscx_92d6c1 hypothesis_id=hyp_7_class_conditioned_distribution_destination_port round_id=round-001 step=7 task_id=task_2
[WORKER_STEP] task_id=task_2 step=8 mode=final_synthesis attempt=0
[WORKER_STEP] task_id=task_2 step=8 mode=final_synthesis attempt=0 decision=finish actions=0
[WORKER] VALIDATION OK batch_id=phase3a_batch_0406154632_friday-workinghours-afternoon-ddos.pcap_iscx_92d6c1 hypothesis_id=hyp_7_class_conditioned_distribution_destination_port round_id=round-001 step=8 task_id=task_2
[WORKER] VALIDATION OK batch_id=phase3a_batch_0406154632_friday-workinghours-afternoon-ddos.pcap_iscx_92d6c1 hypothesis_id=hyp_7_class_conditioned_distribution_destination_port round_id=round-001 task_id=task_2
[WORKER] VALIDATION OK batch_id=phase3a_batch_0406154632_friday-workinghours-afternoon-ddos.pcap_iscx_92d6c1 hypothesis_id=hyp_7_class_conditioned_distribution_destination_port round_id=round-001 task_id=task_2
[WORKER] END (622.6s) batch_id=phase3a_batch_0406154632_friday-workinghours-afternoon-ddos.pcap_iscx_92d6c1 hypothesis_id=hyp_7_class_conditioned_distribution_destination_port round_id=round-001 task_id=task_2
[AGGREGATION] START batch_id=phase3a_batch_0406154632_friday-workinghours-afternoon-ddos.pcap_iscx_92d6c1 hypothesis_id=hyp_7_class_conditioned_distribution_destination_port round_id=round-001
[HYPOTHESIS_BARRIER] expected_tasks=3 completed_tasks=3 waiting_for=[] batch_id=phase3a_batch_0406154632_friday-workinghours-afternoon-ddos.pcap_iscx_92d6c1 hypothesis_id=hyp_7_class_conditioned_distribution_destination_port round_id=round-001
[AGGREGATION] VALIDATION OK batch_id=phase3a_batch_0406154632_friday-workinghours-afternoon-ddos.pcap_iscx_92d6c1 hypothesis_id=hyp_7_class_conditioned_distribution_destination_port round_id=round-001
[AGGREGATION] END (5.8s) batch_id=phase3a_batch_0406154632_friday-workinghours-afternoon-ddos.pcap_iscx_92d6c1 hypothesis_id=hyp_7_class_conditioned_distribution_destination_port round_id=round-001
[HYPOTHESIS] hypothesis_id=hyp_7_class_conditioned_distribution_destination_port round_id=round-001 ALL WORKERS COMPLETE
[WORKER_STEP] task_id=task_3 step=6 mode=reasoning_only attempt=0
[WORKER_STEP] task_id=task_3 step=6 mode=reasoning_only attempt=0 decision=continue actions=0
[WORKER] VALIDATION OK batch_id=phase3a_batch_0406154632_friday-workinghours-afternoon-ddos.pcap_iscx_92d6c1 hypothesis_id=hyp_4_strong_dependency_pairs_indicate_redundancy round_id=round-001 step=6 task_id=task_3
[WORKER_STEP] task_id=task_3 step=7 mode=action_window attempt=0
[WORKER_STEP] task_id=task_3 step=7 mode=action_window attempt=0 decision=action actions=1
[WORKER] VALIDATION OK batch_id=phase3a_batch_0406154632_friday-workinghours-afternoon-ddos.pcap_iscx_92d6c1 hypothesis_id=hyp_4_strong_dependency_pairs_indicate_redundancy round_id=round-001 step=7 task_id=task_3
[WORKER_STEP] task_id=task_3 step=4 mode=reasoning_only attempt=0
[WORKER_STEP] task_id=task_3 step=4 mode=reasoning_only attempt=0 decision=continue actions=0
[WORKER] VALIDATION OK batch_id=phase3a_batch_0406154632_friday-workinghours-afternoon-ddos.pcap_iscx_92d6c1 hypothesis_id=hyp_8_tension_low_cardinality_vs_class_variation round_id=round-001 step=4 task_id=task_3
[WORKER_STEP] task_id=task_3 step=5 mode=action_window attempt=0
[WORKER_STEP] task_id=task_3 step=5 mode=action_window attempt=0 decision=action actions=1
[WORKER] VALIDATION OK batch_id=phase3a_batch_0406154632_friday-workinghours-afternoon-ddos.pcap_iscx_92d6c1 hypothesis_id=hyp_8_tension_low_cardinality_vs_class_variation round_id=round-001 step=5 task_id=task_3
[WORKER_STEP] task_id=task_3 step=8 mode=final_synthesis attempt=0
[WORKER_STEP] task_id=task_3 step=8 mode=final_synthesis attempt=0 decision=finish actions=0
[WORKER] VALIDATION OK batch_id=phase3a_batch_0406154632_friday-workinghours-afternoon-ddos.pcap_iscx_92d6c1 hypothesis_id=hyp_4_strong_dependency_pairs_indicate_redundancy round_id=round-001 step=8 task_id=task_3
[WORKER] VALIDATION OK batch_id=phase3a_batch_0406154632_friday-workinghours-afternoon-ddos.pcap_iscx_92d6c1 hypothesis_id=hyp_4_strong_dependency_pairs_indicate_redundancy round_id=round-001 task_id=task_3
[WORKER] VALIDATION OK batch_id=phase3a_batch_0406154632_friday-workinghours-afternoon-ddos.pcap_iscx_92d6c1 hypothesis_id=hyp_4_strong_dependency_pairs_indicate_redundancy round_id=round-001 task_id=task_3
[WORKER] END (1716.9s) batch_id=phase3a_batch_0406154632_friday-workinghours-afternoon-ddos.pcap_iscx_92d6c1 hypothesis_id=hyp_4_strong_dependency_pairs_indicate_redundancy round_id=round-001 task_id=task_3
[AGGREGATION] START batch_id=phase3a_batch_0406154632_friday-workinghours-afternoon-ddos.pcap_iscx_92d6c1 hypothesis_id=hyp_4_strong_dependency_pairs_indicate_redundancy round_id=round-001
[HYPOTHESIS_BARRIER] expected_tasks=4 completed_tasks=4 waiting_for=[] batch_id=phase3a_batch_0406154632_friday-workinghours-afternoon-ddos.pcap_iscx_92d6c1 hypothesis_id=hyp_4_strong_dependency_pairs_indicate_redundancy round_id=round-001
[AGGREGATION] VALIDATION OK batch_id=phase3a_batch_0406154632_friday-workinghours-afternoon-ddos.pcap_iscx_92d6c1 hypothesis_id=hyp_4_strong_dependency_pairs_indicate_redundancy round_id=round-001
[AGGREGATION] END (6.9s) batch_id=phase3a_batch_0406154632_friday-workinghours-afternoon-ddos.pcap_iscx_92d6c1 hypothesis_id=hyp_4_strong_dependency_pairs_indicate_redundancy round_id=round-001
[HYPOTHESIS] hypothesis_id=hyp_4_strong_dependency_pairs_indicate_redundancy round_id=round-001 ALL WORKERS COMPLETE
[WORKER_STEP] task_id=task_3 step=6 mode=reasoning_only attempt=0
[WORKER_STEP] task_id=task_3 step=6 mode=reasoning_only attempt=0 decision=continue actions=0
[WORKER] VALIDATION OK batch_id=phase3a_batch_0406154632_friday-workinghours-afternoon-ddos.pcap_iscx_92d6c1 hypothesis_id=hyp_8_tension_low_cardinality_vs_class_variation round_id=round-001 step=6 task_id=task_3
[WORKER_STEP] task_id=task_3 step=7 mode=action_window attempt=0
[WORKER_STEP] task_id=task_3 step=7 mode=action_window attempt=0 decision=action actions=1
[WORKER] VALIDATION OK batch_id=phase3a_batch_0406154632_friday-workinghours-afternoon-ddos.pcap_iscx_92d6c1 hypothesis_id=hyp_8_tension_low_cardinality_vs_class_variation round_id=round-001 step=7 task_id=task_3
[WORKER_STEP] task_id=task_3 step=8 mode=final_synthesis attempt=0
[WORKER_STEP] task_id=task_3 step=8 mode=final_synthesis attempt=0 decision=finish actions=0
[WORKER] VALIDATION OK batch_id=phase3a_batch_0406154632_friday-workinghours-afternoon-ddos.pcap_iscx_92d6c1 hypothesis_id=hyp_8_tension_low_cardinality_vs_class_variation round_id=round-001 step=8 task_id=task_3
[WORKER] VALIDATION OK batch_id=phase3a_batch_0406154632_friday-workinghours-afternoon-ddos.pcap_iscx_92d6c1 hypothesis_id=hyp_8_tension_low_cardinality_vs_class_variation round_id=round-001 task_id=task_3
[WORKER] VALIDATION OK batch_id=phase3a_batch_0406154632_friday-workinghours-afternoon-ddos.pcap_iscx_92d6c1 hypothesis_id=hyp_8_tension_low_cardinality_vs_class_variation round_id=round-001 task_id=task_3
[WORKER] END (2282.9s) batch_id=phase3a_batch_0406154632_friday-workinghours-afternoon-ddos.pcap_iscx_92d6c1 hypothesis_id=hyp_8_tension_low_cardinality_vs_class_variation round_id=round-001 task_id=task_3
[AGGREGATION] START batch_id=phase3a_batch_0406154632_friday-workinghours-afternoon-ddos.pcap_iscx_92d6c1 hypothesis_id=hyp_8_tension_low_cardinality_vs_class_variation round_id=round-001
[HYPOTHESIS_BARRIER] expected_tasks=4 completed_tasks=4 waiting_for=[] batch_id=phase3a_batch_0406154632_friday-workinghours-afternoon-ddos.pcap_iscx_92d6c1 hypothesis_id=hyp_8_tension_low_cardinality_vs_class_variation round_id=round-001
[AGGREGATION] VALIDATION OK batch_id=phase3a_batch_0406154632_friday-workinghours-afternoon-ddos.pcap_iscx_92d6c1 hypothesis_id=hyp_8_tension_low_cardinality_vs_class_variation round_id=round-001
[AGGREGATION] END (7.9s) batch_id=phase3a_batch_0406154632_friday-workinghours-afternoon-ddos.pcap_iscx_92d6c1 hypothesis_id=hyp_8_tension_low_cardinality_vs_class_variation round_id=round-001
[HYPOTHESIS] hypothesis_id=hyp_8_tension_low_cardinality_vs_class_variation round_id=round-001 ALL WORKERS COMPLETE
[ROUND_BARRIER] expected_tasks=3 completed_tasks=3 waiting_for=[] batch_id=phase3a_batch_0406154632_friday-workinghours-afternoon-ddos.pcap_iscx_92d6c1 round_id=round-001
[ROUND] batch_id=phase3a_batch_0406154632_friday-workinghours-afternoon-ddos.pcap_iscx_92d6c1 round_id=round-001 ALL HYPOTHESIS AGGREGATIONS COMPLETE
[INTER_HYPOTHESIS_AGGREGATION] START batch_id=phase3a_batch_0406154632_friday-workinghours-afternoon-ddos.pcap_iscx_92d6c1 round_id=round-001
[INTER_HYPOTHESIS_AGGREGATION] START batch_id=phase3a_batch_0406154632_friday-workinghours-afternoon-ddos.pcap_iscx_92d6c1 round_id=round-001
[INTER_HYPOTHESIS_AGGREGATION] VALIDATION OK batch_id=phase3a_batch_0406154632_friday-workinghours-afternoon-ddos.pcap_iscx_92d6c1 round_id=round-001
[INTER_HYPOTHESIS_AGGREGATION] END (36.2s) batch_id=phase3a_batch_0406154632_friday-workinghours-afternoon-ddos.pcap_iscx_92d6c1 round_id=round-001
[INTER_HYPOTHESIS_AGGREGATION] VALIDATION OK batch_id=phase3a_batch_0406154632_friday-workinghours-afternoon-ddos.pcap_iscx_92d6c1 round_id=round-001
[INTER_HYPOTHESIS_AGGREGATION] END (36.2s) batch_id=phase3a_batch_0406154632_friday-workinghours-afternoon-ddos.pcap_iscx_92d6c1 round_id=round-001
[STATE_MANAGER] START batch_id=phase3a_batch_0406154632_friday-workinghours-afternoon-ddos.pcap_iscx_92d6c1 hypothesis_id=hyp_4_strong_dependency_pairs_indicate_redundancy round_id=round-001
[STATE_MANAGER] VALIDATION FAILED batch_id=phase3a_batch_0406154632_friday-workinghours-afternoon-ddos.pcap_iscx_92d6c1 hypothesis_id=hyp_4_strong_dependency_pairs_indicate_redundancy round_id=round-001
{
  "handoff_input_validation": {
    "errors": [],
    "ok": true,
    "stats": {
      "evidence_ref_count": 12,
      "merged_finding_count": 5,
      "open_gap_count": 2,
      "preserved_contradiction_count": 1
    },
    "warnings": [
      {
        "field": "update_focus",
        "message": "update_focus exceeds the recommended 160 characters; continuing."
      }
    ]
  },
  "ok": false,
  "parse_validation": {
    "errors": [],
    "ok": true,
    "warnings": []
  },
  "prompt_version": "phase3a.state_manager.prompt.v1",
  "request_id": "state_manager_f751a3a0996c431096910c5e17e1f9f2",
  "schema_version": "phase3a.state_manager.v1",
  "state_delta_validation": {
    "errors": [
      {
        "field": "open_gaps",
        "message": "state_delta_record removed prior open_gaps without an explicit open_gaps update: ['Are these perfect correlations a natural consequence of feature definitions or do they reflect duplicated or derived data points?', 'How might these dependencies affect model robustness and feature selection strategies?']."
      }
    ],
    "forbidden_language_hits": [],
    "ok": false,
    "stats": {
      "applied_update_count": 2,
      "evidence_ref_count": 23,
      "merged_finding_count": 5,
      "open_gap_count": 2,
      "preserved_contradiction_count": 1
    },
    "warnings": [
      {
        "field": "update_focus",
        "message": "update_focus exceeds the recommended 160 characters; continuing."
      }
    ]
  },
  "state_input_validation": {
    "errors": [],
    "ok": true,
    "stats": {
      "hypothesis_count": 10,
      "revision_count": 1,
      "state_version": 1
    },
    "warnings": []
  }
}
[STATE_MANAGER] END (26.5s) batch_id=phase3a_batch_0406154632_friday-workinghours-afternoon-ddos.pcap_iscx_92d6c1 hypothesis_id=hyp_4_strong_dependency_pairs_indicate_redundancy round_id=round-001
[BATCH] EXCEPTION round_id=None hypothesis_id=None task_id=None
Traceback (most recent call last):
  File "C:\Users\Uni\Desktop\TFG\nids-smell-audit\phase3\phase3_runtime\orchestrator.py", line 343, in run_phase3a_batch
    round_result = execute_round(
        batch_id=normalized_batch_id,
    ...<20 lines>...
        analysis_mode=analysis_mode,
    )
  File "C:\Users\Uni\Desktop\TFG\nids-smell-audit\phase3\phase3_runtime\round_executor.py", line 742, in execute_round
    _require_component_ok(
    ~~~~~~~~~~~~~~~~~~~~~^
        "state_manager",
        ^^^^^^^^^^^^^^^^
    ...<4 lines>...
        ),
        ^^
    )
    ^
  File "C:\Users\Uni\Desktop\TFG\nids-smell-audit\phase3\phase3_runtime\round_executor.py", line 52, in _require_component_ok
    raise RuntimeError(
        f"{component_name} returned a non-authoritative bundle.")
RuntimeError: state_manager returned a non-authoritative bundle.
[BATCH] batch_id=phase3a_batch_0406154632_friday-workinghours-afternoon-ddos.pcap_iscx_92d6c1 error=state_manager returned a non-authoritative bundle. FAILED
[BATCH] END (2476.8s) batch_id=phase3a_batch_0406154632_friday-workinghours-afternoon-ddos.pcap_iscx_92d6c1
